{'cpu_quotas': 200000, 'cpu_period': 100000, 'cpu_shares': None, 'mem_limit': '1024m', 'memswap_limit': None}

wrk -t2 -c100 -d30s -R2000 --latency http://10.0.0.25:80/mmul/15

Running 30s test @ http://10.0.0.25:80/mmul/15
  2 threads and 100 connections
  Thread calibration: mean lat.: 723.103ms, rate sampling interval: 5177ms
  Thread calibration: mean lat.: 602.445ms, rate sampling interval: 4751ms
  Thread Stats   Avg      Stdev     Max   +/- Stdev
    Latency     2.87s     4.25s   13.97s    79.76%
    Req/Sec   322.43    268.91   774.00     71.43%
  Latency Distribution (HdrHistogram - Recorded Latency)
 50.000%    1.56ms
 75.000%    5.53s 
 90.000%   10.42s 
 99.000%   13.43s 
 99.900%   13.84s 
 99.990%   13.94s 
 99.999%   13.98s 
100.000%   13.98s 

  Detailed Percentile spectrum:
       Value   Percentile   TotalCount 1/(1-Percentile)

       0.064     0.000000            1         1.00
       0.541     0.100000         1196         1.11
       0.813     0.200000         2389         1.25
       1.049     0.300000         3582         1.43
       1.290     0.400000         4780         1.67
       1.564     0.500000         5971         2.00
       1.853     0.550000         6568         2.22
     512.767     0.600000         7164         2.50
    2250.751     0.650000         7761         2.86
    3903.487     0.700000         8359         3.33
    5529.599     0.750000         8956         4.00
    6381.567     0.775000         9253         4.44
    7204.863     0.800000         9552         5.00
    8007.679     0.825000         9850         5.71
    8814.591     0.850000        10149         6.67
    9658.367     0.875000        10448         8.00
   10043.391     0.887500        10596         8.89
   10428.415     0.900000        10750        10.00
   10821.631     0.912500        10898        11.43
   11223.039     0.925000        11044        13.33
   11698.175     0.937500        11194        16.00
   11886.591     0.943750        11271        17.78
   12075.007     0.950000        11344        20.00
   12287.999     0.956250        11418        22.86
   12509.183     0.962500        11493        26.67
   12787.711     0.968750        11567        32.00
   12902.399     0.971875        11605        35.56
   12967.935     0.975000        11642        40.00
   13049.855     0.978125        11680        45.71
   13156.351     0.981250        11719        53.33
   13271.039     0.984375        11753        64.00
   13320.191     0.985938        11774        71.11
   13361.151     0.987500        11793        80.00
   13410.303     0.989062        11811        91.43
   13451.263     0.990625        11829       106.67
   13500.415     0.992188        11846       128.00
   13533.183     0.992969        11858       142.22
   13565.951     0.993750        11869       160.00
   13590.527     0.994531        11874       182.86
   13631.487     0.995313        11884       213.33
   13680.639     0.996094        11894       256.00
   13697.023     0.996484        11902       284.44
   13697.023     0.996875        11902       320.00
   13737.983     0.997266        11909       365.71
   13746.175     0.997656        11913       426.67
   13770.751     0.998047        11916       512.00
   13795.327     0.998242        11920       568.89
   13803.519     0.998437        11922       640.00
   13811.711     0.998633        11924       731.43
   13819.903     0.998828        11926       853.33
   13836.287     0.999023        11929      1024.00
   13836.287     0.999121        11929      1137.78
   13860.863     0.999219        11931      1280.00
   13860.863     0.999316        11931      1462.86
   13869.055     0.999414        11933      1706.67
   13877.247     0.999512        11934      2048.00
   13877.247     0.999561        11934      2275.56
   13885.439     0.999609        11935      2560.00
   13885.439     0.999658        11935      2925.71
   13893.631     0.999707        11936      3413.33
   13901.823     0.999756        11937      4096.00
   13901.823     0.999780        11937      4551.11
   13901.823     0.999805        11937      5120.00
   13901.823     0.999829        11937      5851.43
   13942.783     0.999854        11938      6826.67
   13942.783     0.999878        11938      8192.00
   13942.783     0.999890        11938      9102.22
   13942.783     0.999902        11938     10240.00
   13942.783     0.999915        11938     11702.86
   13975.551     0.999927        11939     13653.33
   13975.551     1.000000        11939          inf
#[Mean    =     2872.688, StdDeviation   =     4254.263]
#[Max     =    13967.360, Total count    =        11939]
#[Buckets =           27, SubBuckets     =         2048]
----------------------------------------------------------
  32234 requests in 29.98s, 30.07MB read
  Socket errors: connect 0, read 0, write 0, timeout 105
  Non-2xx or 3xx responses: 27299
Requests/sec:   1075.03
Transfer/sec:      1.00MB

wrk -t2 -c100 -d30s -R2000 --latency http://10.0.0.25:80/lu/15

Running 30s test @ http://10.0.0.25:80/lu/15
  2 threads and 100 connections
  Thread calibration: mean lat.: 4516.774ms, rate sampling interval: 15884ms
  Thread calibration: mean lat.: 4457.867ms, rate sampling interval: 15835ms
  Thread Stats   Avg      Stdev     Max   +/- Stdev
    Latency    17.22s     4.90s   25.97s    57.84%
    Req/Sec   139.50      0.50   140.00    100.00%
  Latency Distribution (HdrHistogram - Recorded Latency)
 50.000%   17.19s 
 75.000%   21.45s 
 90.000%   24.10s 
 99.000%   25.59s 
 99.900%   25.87s 
 99.990%   25.95s 
 99.999%   25.99s 
100.000%   25.99s 

  Detailed Percentile spectrum:
       Value   Percentile   TotalCount 1/(1-Percentile)

    8544.255     0.000000            1         1.00
   10477.567     0.100000          555         1.11
   12165.119     0.200000         1109         1.25
   13869.055     0.300000         1657         1.43
   15491.071     0.400000         2209         1.67
   17186.815     0.500000         2763         2.00
   18022.399     0.550000         3040         2.22
   18874.367     0.600000         3314         2.50
   19742.719     0.650000         3591         2.86
   20561.919     0.700000         3867         3.33
   21446.655     0.750000         4143         4.00
   21872.639     0.775000         4280         4.44
   22298.623     0.800000         4419         5.00
   22740.991     0.825000         4559         5.71
   23166.975     0.850000         4694         6.67
   23674.879     0.875000         4836         8.00
   23887.871     0.887500         4902         8.89
   24100.863     0.900000         4974        10.00
   24313.855     0.912500         5044        11.43
   24510.463     0.925000         5112        13.33
   24707.071     0.937500         5179        16.00
   24805.375     0.943750         5213        17.78
   24920.063     0.950000         5248        20.00
   25018.367     0.956250         5287        22.86
   25133.055     0.962500         5322        26.67
   25231.359     0.968750         5354        32.00
   25280.511     0.971875         5370        35.56
   25329.663     0.975000         5384        40.00
   25378.815     0.978125         5406        45.71
   25460.735     0.981250         5426        53.33
   25509.887     0.984375         5442        64.00
   25526.271     0.985938         5448        71.11
   25559.039     0.987500         5457        80.00
   25575.423     0.989062         5463        91.43
   25624.575     0.990625         5475       106.67
   25640.959     0.992188         5481       128.00
   25673.727     0.992969         5487       142.22
   25690.111     0.993750         5491       160.00
   25706.495     0.994531         5493       182.86
   25739.263     0.995313         5499       213.33
   25772.031     0.996094         5502       256.00
   25788.415     0.996484         5504       284.44
   25804.799     0.996875         5508       320.00
   25804.799     0.997266         5508       365.71
   25821.183     0.997656         5510       426.67
   25837.567     0.998047         5512       512.00
   25853.951     0.998242         5513       568.89
   25870.335     0.998437         5517       640.00
   25870.335     0.998633         5517       731.43
   25870.335     0.998828         5517       853.33
   25870.335     0.999023         5517      1024.00
   25886.719     0.999121         5518      1137.78
   25886.719     0.999219         5518      1280.00
   25919.487     0.999316         5519      1462.86
   25919.487     0.999414         5519      1706.67
   25952.255     0.999512         5521      2048.00
   25952.255     0.999561         5521      2275.56
   25952.255     0.999609         5521      2560.00
   25952.255     0.999658         5521      2925.71
   25952.255     0.999707         5521      3413.33
   25952.255     0.999756         5521      4096.00
   25952.255     0.999780         5521      4551.11
   25952.255     0.999805         5521      5120.00
   25985.023     0.999829         5522      5851.43
   25985.023     1.000000         5522          inf
#[Mean    =    17221.553, StdDeviation   =     4902.164]
#[Max     =    25968.640, Total count    =         5522]
#[Buckets =           27, SubBuckets     =         2048]
----------------------------------------------------------
  8280 requests in 30.01s, 51.44MB read
Requests/sec:    275.95
Transfer/sec:      1.71MB

wrk -t2 -c100 -d30s -R2000 --latency http://10.0.0.25:80/qr/15

Running 30s test @ http://10.0.0.25:80/qr/15
  2 threads and 100 connections
  Thread calibration: mean lat.: 4571.217ms, rate sampling interval: 16015ms
  Thread calibration: mean lat.: 4564.932ms, rate sampling interval: 16080ms
  Thread Stats   Avg      Stdev     Max   +/- Stdev
    Latency    17.48s     4.96s   26.18s    57.53%
    Req/Sec   128.00      0.00   128.00    100.00%
  Latency Distribution (HdrHistogram - Recorded Latency)
 50.000%   17.43s 
 75.000%   21.79s 
 90.000%   24.38s 
 99.000%   25.92s 
 99.900%   26.15s 
 99.990%   26.20s 
 99.999%   26.20s 
100.000%   26.20s 

  Detailed Percentile spectrum:
       Value   Percentile   TotalCount 1/(1-Percentile)

    8847.359     0.000000            2         1.00
   10649.599     0.100000          508         1.11
   12320.767     0.200000         1017         1.25
   14073.855     0.300000         1525         1.43
   15745.023     0.400000         2032         1.67
   17432.575     0.500000         2541         2.00
   18317.311     0.550000         2793         2.22
   19218.431     0.600000         3049         2.50
   20054.015     0.650000         3300         2.86
   20905.983     0.700000         3551         3.33
   21790.719     0.750000         3804         4.00
   22200.319     0.775000         3932         4.44
   22626.303     0.800000         4060         5.00
   23035.903     0.825000         4187         5.71
   23478.271     0.850000         4313         6.67
   23969.791     0.875000         4441         8.00
   24182.783     0.887500         4508         8.89
   24379.391     0.900000         4566        10.00
   24592.383     0.912500         4631        11.43
   24805.375     0.925000         4699        13.33
   25018.367     0.937500         4760        16.00
   25133.055     0.943750         4792        17.78
   25214.975     0.950000         4821        20.00
   25313.279     0.956250         4852        22.86
   25444.351     0.962500         4883        26.67
   25526.271     0.968750         4915        32.00
   25575.423     0.971875         4930        35.56
   25657.343     0.975000         4950        40.00
   25706.495     0.978125         4963        45.71
   25755.647     0.981250         4978        53.33
   25821.183     0.984375         4994        64.00
   25870.335     0.985938         5007        71.11
   25886.719     0.987500         5014        80.00
   25903.103     0.989062         5019        91.43
   25919.487     0.990625         5026       106.67
   25952.255     0.992188         5034       128.00
   25985.023     0.992969         5043       142.22
   25985.023     0.993750         5043       160.00
   26001.407     0.994531         5047       182.86
   26017.791     0.995313         5051       213.33
   26034.175     0.996094         5053       256.00
   26050.559     0.996484         5055       284.44
   26066.943     0.996875         5057       320.00
   26083.327     0.997266         5059       365.71
   26099.711     0.997656         5062       426.67
   26116.095     0.998047         5065       512.00
   26116.095     0.998242         5065       568.89
   26116.095     0.998437         5065       640.00
   26132.479     0.998633         5066       731.43
   26148.863     0.998828         5068       853.33
   26148.863     0.999023         5068      1024.00
   26148.863     0.999121         5068      1137.78
   26165.247     0.999219         5070      1280.00
   26165.247     0.999316         5070      1462.86
   26165.247     0.999414         5070      1706.67
   26165.247     0.999512         5070      2048.00
   26165.247     0.999561         5070      2275.56
   26198.015     0.999609         5072      2560.00
   26198.015     1.000000         5072          inf
#[Mean    =    17476.240, StdDeviation   =     4964.586]
#[Max     =    26181.632, Total count    =         5072]
#[Buckets =           27, SubBuckets     =         2048]
----------------------------------------------------------
  7616 requests in 30.01s, 55.33MB read
Requests/sec:    253.80
Transfer/sec:      1.84MB

