{'cpu_quotas': 300000, 'cpu_period': 100000, 'cpu_shares': None, 'mem_limit': '1024m', 'memswap_limit': None}

wrk -t2 -c100 -d30s -R2000 --latency http://10.0.0.25:80/mmul/15

Running 30s test @ http://10.0.0.25:80/mmul/15
  2 threads and 100 connections
  Thread calibration: mean lat.: 564.512ms, rate sampling interval: 4640ms
  Thread calibration: mean lat.: 571.362ms, rate sampling interval: 4673ms
  Thread Stats   Avg      Stdev     Max   +/- Stdev
    Latency     2.72s     4.14s   13.68s    80.22%
    Req/Sec   319.38    290.19   824.00     75.00%
  Latency Distribution (HdrHistogram - Recorded Latency)
 50.000%    1.46ms
 75.000%    5.12s 
 90.000%   10.14s 
 99.000%   13.25s 
 99.900%   13.58s 
 99.990%   13.66s 
 99.999%   13.69s 
100.000%   13.69s 

  Detailed Percentile spectrum:
       Value   Percentile   TotalCount 1/(1-Percentile)

       0.080     0.000000            2         1.00
       0.511     0.100000         1232         1.11
       0.761     0.200000         2456         1.25
       0.998     0.300000         3682         1.43
       1.222     0.400000         4909         1.67
       1.461     0.500000         6138         2.00
       1.664     0.550000         6751         2.22
       2.699     0.600000         7363         2.50
    1783.807     0.650000         7977         2.86
    3446.783     0.700000         8590         3.33
    5124.095     0.750000         9204         4.00
    5967.871     0.775000         9512         4.44
    6807.551     0.800000         9818         5.00
    7589.887     0.825000        10125         5.71
    8413.183     0.850000        10431         6.67
    9297.919     0.875000        10738         8.00
    9723.903     0.887500        10892         8.89
   10141.695     0.900000        11045        10.00
   10551.295     0.912500        11202        11.43
   10977.279     0.925000        11353        13.33
   11419.647     0.937500        11505        16.00
   11632.639     0.943750        11581        17.78
   11862.015     0.950000        11661        20.00
   12050.431     0.956250        11735        22.86
   12255.231     0.962500        11813        26.67
   12574.719     0.968750        11889        32.00
   12681.215     0.971875        11929        35.56
   12779.519     0.975000        11968        40.00
   12869.631     0.978125        12006        45.71
   12976.127     0.981250        12045        53.33
   13082.623     0.984375        12080        64.00
   13123.583     0.985938        12103        71.11
   13172.735     0.987500        12118        80.00
   13221.887     0.989062        12140        91.43
   13262.847     0.990625        12157       106.67
   13328.383     0.992188        12179       128.00
   13336.575     0.992969        12185       142.22
   13377.535     0.993750        12195       160.00
   13410.303     0.994531        12206       182.86
   13434.879     0.995313        12216       213.33
   13459.455     0.996094        12226       256.00
   13467.647     0.996484        12230       284.44
   13484.031     0.996875        12234       320.00
   13508.607     0.997266        12238       365.71
   13524.991     0.997656        12245       426.67
   13541.375     0.998047        12249       512.00
   13549.567     0.998242        12251       568.89
   13565.951     0.998437        12253       640.00
   13574.143     0.998633        12255       731.43
   13582.335     0.998828        12259       853.33
   13590.527     0.999023        12262      1024.00
   13590.527     0.999121        12262      1137.78
   13590.527     0.999219        12262      1280.00
   13598.719     0.999316        12263      1462.86
   13606.911     0.999414        12266      1706.67
   13606.911     0.999512        12266      2048.00
   13606.911     0.999561        12266      2275.56
   13623.295     0.999609        12267      2560.00
   13623.295     0.999658        12267      2925.71
   13631.487     0.999707        12268      3413.33
   13639.679     0.999756        12269      4096.00
   13639.679     0.999780        12269      4551.11
   13639.679     0.999805        12269      5120.00
   13639.679     0.999829        12269      5851.43
   13656.063     0.999854        12270      6826.67
   13656.063     0.999878        12270      8192.00
   13656.063     0.999890        12270      9102.22
   13656.063     0.999902        12270     10240.00
   13656.063     0.999915        12270     11702.86
   13688.831     0.999927        12271     13653.33
   13688.831     1.000000        12271          inf
#[Mean    =     2717.334, StdDeviation   =     4140.695]
#[Max     =    13680.640, Total count    =        12271]
#[Buckets =           27, SubBuckets     =         2048]
----------------------------------------------------------
  32565 requests in 30.01s, 29.89MB read
  Socket errors: connect 0, read 0, write 0, timeout 100
  Non-2xx or 3xx responses: 27699
Requests/sec:   1085.00
Transfer/sec:      1.00MB

wrk -t2 -c100 -d30s -R2000 --latency http://10.0.0.25:80/lu/15

Running 30s test @ http://10.0.0.25:80/lu/15
  2 threads and 100 connections
  Thread calibration: mean lat.: 4495.878ms, rate sampling interval: 15835ms
  Thread calibration: mean lat.: 4490.682ms, rate sampling interval: 15835ms
  Thread Stats   Avg      Stdev     Max   +/- Stdev
    Latency    17.21s     4.90s   26.00s    57.80%
    Req/Sec   140.00      1.00   141.00    100.00%
  Latency Distribution (HdrHistogram - Recorded Latency)
 50.000%   17.25s 
 75.000%   21.48s 
 90.000%   24.04s 
 99.000%   25.54s 
 99.900%   25.80s 
 99.990%   25.95s 
 99.999%   26.02s 
100.000%   26.02s 

  Detailed Percentile spectrum:
       Value   Percentile   TotalCount 1/(1-Percentile)

    8626.175     0.000000            1         1.00
   10469.375     0.100000          553         1.11
   12099.583     0.200000         1104         1.25
   13811.711     0.300000         1657         1.43
   15507.455     0.400000         2208         1.67
   17252.351     0.500000         2764         2.00
   18120.703     0.550000         3035         2.22
   18939.903     0.600000         3318         2.50
   19742.719     0.650000         3590         2.86
   20627.455     0.700000         3865         3.33
   21479.423     0.750000         4141         4.00
   21905.407     0.775000         4281         4.44
   22282.239     0.800000         4415         5.00
   22691.839     0.825000         4553         5.71
   23150.591     0.850000         4694         6.67
   23609.343     0.875000         4828         8.00
   23805.951     0.887500         4897         8.89
   24051.711     0.900000         4972        10.00
   24231.935     0.912500         5035        11.43
   24428.543     0.925000         5108        13.33
   24674.303     0.937500         5178        16.00
   24772.607     0.943750         5209        17.78
   24870.911     0.950000         5247        20.00
   24952.831     0.956250         5276        22.86
   25051.135     0.962500         5312        26.67
   25165.823     0.968750         5348        32.00
   25247.743     0.971875         5364        35.56
   25280.511     0.975000         5383        40.00
   25329.663     0.978125         5401        45.71
   25395.199     0.981250         5418        53.33
   25444.351     0.984375         5433        64.00
   25477.119     0.985938         5443        71.11
   25509.887     0.987500         5453        80.00
   25526.271     0.989062         5457        91.43
   25559.039     0.990625         5466       106.67
   25591.807     0.992188         5475       128.00
   25608.191     0.992969         5479       142.22
   25657.343     0.993750         5486       160.00
   25673.727     0.994531         5489       182.86
   25706.495     0.995313         5492       213.33
   25722.879     0.996094         5498       256.00
   25722.879     0.996484         5498       284.44
   25739.263     0.996875         5500       320.00
   25755.647     0.997266         5503       365.71
   25772.031     0.997656         5508       426.67
   25772.031     0.998047         5508       512.00
   25772.031     0.998242         5508       568.89
   25788.415     0.998437         5510       640.00
   25788.415     0.998633         5510       731.43
   25804.799     0.998828         5511       853.33
   25853.951     0.999023         5512      1024.00
   25870.335     0.999121         5514      1137.78
   25870.335     0.999219         5514      1280.00
   25870.335     0.999316         5514      1462.86
   25870.335     0.999414         5514      1706.67
   25919.487     0.999512         5515      2048.00
   25919.487     0.999561         5515      2275.56
   25919.487     0.999609         5515      2560.00
   25952.255     0.999658         5516      2925.71
   25952.255     0.999707         5516      3413.33
   25952.255     0.999756         5516      4096.00
   25952.255     0.999780         5516      4551.11
   25952.255     0.999805         5516      5120.00
   26017.791     0.999829         5517      5851.43
   26017.791     1.000000         5517          inf
#[Mean    =    17213.818, StdDeviation   =     4897.969]
#[Max     =    26001.408, Total count    =         5517]
#[Buckets =           27, SubBuckets     =         2048]
----------------------------------------------------------
  8280 requests in 30.00s, 51.44MB read
Requests/sec:    275.96
Transfer/sec:      1.71MB

wrk -t2 -c100 -d30s -R2000 --latency http://10.0.0.25:80/qr/15

Running 30s test @ http://10.0.0.25:80/qr/15
  2 threads and 100 connections
  Thread calibration: mean lat.: 4538.716ms, rate sampling interval: 16089ms
  Thread calibration: mean lat.: 4515.691ms, rate sampling interval: 15982ms
  Thread Stats   Avg      Stdev     Max   +/- Stdev
    Latency    17.45s     4.95s   26.20s    57.71%
    Req/Sec   127.50      0.50   128.00    100.00%
  Latency Distribution (HdrHistogram - Recorded Latency)
 50.000%   17.45s 
 75.000%   21.74s 
 90.000%   24.33s 
 99.000%   25.87s 
 99.900%   26.15s 
 99.990%   26.20s 
 99.999%   26.21s 
100.000%   26.21s 

  Detailed Percentile spectrum:
       Value   Percentile   TotalCount 1/(1-Percentile)

    8773.631     0.000000            1         1.00
   10665.983     0.100000          504         1.11
   12296.191     0.200000         1009         1.25
   14032.895     0.300000         1513         1.43
   15745.023     0.400000         2017         1.67
   17448.959     0.500000         2525         2.00
   18317.311     0.550000         2773         2.22
   19152.895     0.600000         3026         2.50
   19988.479     0.650000         3277         2.86
   20905.983     0.700000         3532         3.33
   21741.567     0.750000         3782         4.00
   22167.551     0.775000         3908         4.44
   22593.535     0.800000         4036         5.00
   23035.903     0.825000         4159         5.71
   23478.271     0.850000         4285         6.67
   23920.639     0.875000         4415         8.00
   24117.247     0.887500         4473         8.89
   24330.239     0.900000         4539        10.00
   24526.847     0.912500         4600        11.43
   24772.607     0.925000         4668        13.33
   24985.599     0.937500         4729        16.00
   25116.671     0.943750         4759        17.78
   25198.591     0.950000         4790        20.00
   25296.895     0.956250         4819        22.86
   25395.199     0.962500         4854        26.67
   25493.503     0.968750         4884        32.00
   25559.039     0.971875         4900        35.56
   25591.807     0.975000         4914        40.00
   25640.959     0.978125         4931        45.71
   25690.111     0.981250         4945        53.33
   25788.415     0.984375         4966        64.00
   25821.183     0.985938         4974        71.11
   25853.951     0.987500         4983        80.00
   25870.335     0.989062         4989        91.43
   25886.719     0.990625         4996       106.67
   25919.487     0.992188         5007       128.00
   25919.487     0.992969         5007       142.22
   25935.871     0.993750         5009       160.00
   25968.639     0.994531         5012       182.86
   26017.791     0.995313         5016       213.33
   26050.559     0.996094         5021       256.00
   26066.943     0.996484         5022       284.44
   26083.327     0.996875         5025       320.00
   26099.711     0.997266         5026       365.71
   26116.095     0.997656         5029       426.67
   26132.479     0.998047         5032       512.00
   26132.479     0.998242         5032       568.89
   26132.479     0.998437         5032       640.00
   26148.863     0.998633         5035       731.43
   26148.863     0.998828         5035       853.33
   26148.863     0.999023         5035      1024.00
   26148.863     0.999121         5035      1137.78
   26181.631     0.999219         5037      1280.00
   26181.631     0.999316         5037      1462.86
   26181.631     0.999414         5037      1706.67
   26181.631     0.999512         5037      2048.00
   26181.631     0.999561         5037      2275.56
   26198.015     0.999609         5038      2560.00
   26198.015     0.999658         5038      2925.71
   26198.015     0.999707         5038      3413.33
   26198.015     0.999756         5038      4096.00
   26198.015     0.999780         5038      4551.11
   26214.399     0.999805         5039      5120.00
   26214.399     1.000000         5039          inf
#[Mean    =    17451.757, StdDeviation   =     4948.062]
#[Max     =    26198.016, Total count    =         5039]
#[Buckets =           27, SubBuckets     =         2048]
----------------------------------------------------------
  7595 requests in 30.01s, 55.17MB read
Requests/sec:    253.04
Transfer/sec:      1.84MB

