{'cpu_quotas': 100000, 'cpu_period': 100000, 'cpu_shares': None, 'mem_limit': '1024m', 'memswap_limit': None}

wrk -t2 -c100 -d30s -R2000 --latency http://10.0.0.25:80/mmul/15

Running 30s test @ http://10.0.0.25:80/mmul/15
  2 threads and 100 connections
  Thread calibration: mean lat.: 566.411ms, rate sampling interval: 4616ms
  Thread calibration: mean lat.: 604.871ms, rate sampling interval: 4730ms
  Thread Stats   Avg      Stdev     Max   +/- Stdev
    Latency     3.13s     4.42s   14.13s    79.51%
    Req/Sec   295.38    247.79   732.00     75.00%
  Latency Distribution (HdrHistogram - Recorded Latency)
 50.000%    1.51ms
 75.000%    6.12s 
 90.000%   10.90s 
 99.000%   13.71s 
 99.900%   14.02s 
 99.990%   14.11s 
 99.999%   14.14s 
100.000%   14.14s 

  Detailed Percentile spectrum:
       Value   Percentile   TotalCount 1/(1-Percentile)

       0.060     0.000000            1         1.00
       0.467     0.100000         1142         1.11
       0.711     0.200000         2278         1.25
       0.970     0.300000         3417         1.43
       1.204     0.400000         4559         1.67
       1.511     0.500000         5696         2.00
       2.113     0.550000         6264         2.22
    1506.303     0.600000         6834         2.50
    3051.519     0.650000         7404         2.86
    4616.191     0.700000         7974         3.33
    6119.423     0.750000         8542         4.00
    6942.719     0.775000         8828         4.44
    7692.287     0.800000         9112         5.00
    8429.567     0.825000         9396         5.71
    9281.535     0.850000         9683         6.67
   10125.311     0.875000         9968         8.00
   10543.103     0.887500        10109         8.89
   10903.551     0.900000        10251        10.00
   11288.575     0.912500        10394        11.43
   11730.943     0.925000        10535        13.33
   12107.775     0.937500        10680        16.00
   12304.383     0.943750        10751        17.78
   12484.607     0.950000        10822        20.00
   12689.407     0.956250        10892        22.86
   12886.015     0.962500        10966        26.67
   13074.431     0.968750        11036        32.00
   13180.927     0.971875        11070        35.56
   13271.039     0.975000        11107        40.00
   13361.151     0.978125        11140        45.71
   13451.263     0.981250        11177        53.33
   13549.567     0.984375        11217        64.00
   13598.719     0.985938        11235        71.11
   13631.487     0.987500        11250        80.00
   13672.447     0.989062        11265        91.43
   13729.791     0.990625        11283       106.67
   13778.943     0.992188        11303       128.00
   13795.327     0.992969        11309       142.22
   13828.095     0.993750        11318       160.00
   13869.055     0.994531        11330       182.86
   13885.439     0.995313        11336       213.33
   13918.207     0.996094        11345       256.00
   13926.399     0.996484        11351       284.44
   13942.783     0.996875        11354       320.00
   13959.167     0.997266        11358       365.71
   13967.359     0.997656        11365       426.67
   13975.551     0.998047        11369       512.00
   13975.551     0.998242        11369       568.89
   13991.935     0.998437        11372       640.00
   14008.319     0.998633        11377       731.43
   14008.319     0.998828        11377       853.33
   14016.511     0.999023        11379      1024.00
   14016.511     0.999121        11379      1137.78
   14041.087     0.999219        11382      1280.00
   14041.087     0.999316        11382      1462.86
   14049.279     0.999414        11384      1706.67
   14049.279     0.999512        11384      2048.00
   14049.279     0.999561        11384      2275.56
   14082.047     0.999609        11386      2560.00
   14082.047     0.999658        11386      2925.71
   14082.047     0.999707        11386      3413.33
   14090.239     0.999756        11387      4096.00
   14090.239     0.999780        11387      4551.11
   14090.239     0.999805        11387      5120.00
   14114.815     0.999829        11388      5851.43
   14114.815     0.999854        11388      6826.67
   14114.815     0.999878        11388      8192.00
   14114.815     0.999890        11388      9102.22
   14114.815     0.999902        11388     10240.00
   14139.391     0.999915        11389     11702.86
   14139.391     1.000000        11389          inf
#[Mean    =     3128.990, StdDeviation   =     4415.837]
#[Max     =    14131.200, Total count    =        11389]
#[Buckets =           27, SubBuckets     =         2048]
----------------------------------------------------------
  31684 requests in 30.04s, 30.31MB read
  Socket errors: connect 0, read 0, write 0, timeout 102
  Non-2xx or 3xx responses: 26653
Requests/sec:   1054.79
Transfer/sec:      1.01MB

wrk -t2 -c100 -d30s -R2000 --latency http://10.0.0.25:80/lu/15

Running 30s test @ http://10.0.0.25:80/lu/15
  2 threads and 100 connections
  Thread calibration: mean lat.: 4085.192ms, rate sampling interval: 15409ms
  Thread calibration: mean lat.: 4110.427ms, rate sampling interval: 14491ms
  Thread Stats   Avg      Stdev     Max   +/- Stdev
    Latency    16.79s     4.91s   25.80s    57.90%
    Req/Sec   139.00      1.00   140.00    100.00%
  Latency Distribution (HdrHistogram - Recorded Latency)
 50.000%   16.77s 
 75.000%   21.04s 
 90.000%   23.59s 
 99.000%   25.26s 
 99.900%   25.71s 
 99.990%   25.80s 
 99.999%   25.82s 
100.000%   25.82s 

  Detailed Percentile spectrum:
       Value   Percentile   TotalCount 1/(1-Percentile)

    7921.663     0.000000            1         1.00
   10043.391     0.100000          550         1.11
   11698.175     0.200000         1101         1.25
   13344.767     0.300000         1651         1.43
   15081.471     0.400000         2204         1.67
   16769.023     0.500000         2748         2.00
   17678.335     0.550000         3023         2.22
   18497.535     0.600000         3298         2.50
   19365.887     0.650000         3578         2.86
   20152.319     0.700000         3847         3.33
   21037.055     0.750000         4125         4.00
   21463.039     0.775000         4264         4.44
   21856.255     0.800000         4397         5.00
   22298.623     0.825000         4533         5.71
   22740.991     0.850000         4675         6.67
   23166.975     0.875000         4808         8.00
   23412.735     0.887500         4880         8.89
   23592.959     0.900000         4947        10.00
   23789.567     0.912500         5015        11.43
   24018.943     0.925000         5088        13.33
   24248.319     0.937500         5152        16.00
   24346.623     0.943750         5185        17.78
   24461.311     0.950000         5223        20.00
   24575.999     0.956250         5260        22.86
   24657.919     0.962500         5291        26.67
   24788.991     0.968750         5327        32.00
   24821.759     0.971875         5343        35.56
   24887.295     0.975000         5361        40.00
   24936.447     0.978125         5375        45.71
   25018.367     0.981250         5391        53.33
   25100.287     0.984375         5409        64.00
   25165.823     0.985938         5419        71.11
   25198.591     0.987500         5427        80.00
   25247.743     0.989062         5436        91.43
   25280.511     0.990625         5448       106.67
   25362.431     0.992188         5455       128.00
   25378.815     0.992969         5459       142.22
   25395.199     0.993750         5461       160.00
   25427.967     0.994531         5464       182.86
   25477.119     0.995313         5470       213.33
   25509.887     0.996094         5474       256.00
   25526.271     0.996484         5477       284.44
   25526.271     0.996875         5477       320.00
   25542.655     0.997266         5479       365.71
   25591.807     0.997656         5482       426.67
   25608.191     0.998047         5484       512.00
   25690.111     0.998242         5487       568.89
   25690.111     0.998437         5487       640.00
   25690.111     0.998633         5487       731.43
   25706.495     0.998828         5490       853.33
   25706.495     0.999023         5490      1024.00
   25706.495     0.999121         5490      1137.78
   25706.495     0.999219         5490      1280.00
   25739.263     0.999316         5491      1462.86
   25739.263     0.999414         5491      1706.67
   25772.031     0.999512         5492      2048.00
   25772.031     0.999561         5492      2275.56
   25772.031     0.999609         5492      2560.00
   25804.799     0.999658         5493      2925.71
   25804.799     0.999707         5493      3413.33
   25804.799     0.999756         5493      4096.00
   25804.799     0.999780         5493      4551.11
   25804.799     0.999805         5493      5120.00
   25821.183     0.999829         5494      5851.43
   25821.183     1.000000         5494          inf
#[Mean    =    16787.740, StdDeviation   =     4912.633]
#[Max     =    25804.800, Total count    =         5494]
#[Buckets =           27, SubBuckets     =         2048]
----------------------------------------------------------
  8262 requests in 30.01s, 51.33MB read
Requests/sec:    275.28
Transfer/sec:      1.71MB

wrk -t2 -c100 -d30s -R2000 --latency http://10.0.0.25:80/qr/15

Running 30s test @ http://10.0.0.25:80/qr/15
  2 threads and 100 connections
  Thread calibration: mean lat.: 4534.884ms, rate sampling interval: 15998ms
  Thread calibration: mean lat.: 4548.840ms, rate sampling interval: 16089ms
  Thread Stats   Avg      Stdev     Max   +/- Stdev
    Latency    17.45s     4.94s   26.26s    57.75%
    Req/Sec   128.00      0.00   128.00    100.00%
  Latency Distribution (HdrHistogram - Recorded Latency)
 50.000%   17.42s 
 75.000%   21.73s 
 90.000%   24.31s 
 99.000%   25.87s 
 99.900%   26.13s 
 99.990%   26.26s 
 99.999%   26.28s 
100.000%   26.28s 

  Detailed Percentile spectrum:
       Value   Percentile   TotalCount 1/(1-Percentile)

    8757.247     0.000000            1         1.00
   10674.175     0.100000          507         1.11
   12312.575     0.200000         1010         1.25
   14049.279     0.300000         1516         1.43
   15769.599     0.400000         2021         1.67
   17416.191     0.500000         2527         2.00
   18317.311     0.550000         2777         2.22
   19169.279     0.600000         3031         2.50
   20004.863     0.650000         3286         2.86
   20873.215     0.700000         3545         3.33
   21725.183     0.750000         3788         4.00
   22167.551     0.775000         3917         4.44
   22577.151     0.800000         4043         5.00
   23003.135     0.825000         4170         5.71
   23429.119     0.850000         4292         6.67
   23887.871     0.875000         4417         8.00
   24117.247     0.887500         4484         8.89
   24330.239     0.900000         4546        10.00
   24543.231     0.912500         4613        11.43
   24707.071     0.925000         4670        13.33
   24952.831     0.937500         4734        16.00
   25051.135     0.943750         4767        17.78
   25149.439     0.950000         4796        20.00
   25264.127     0.956250         4830        22.86
   25362.431     0.962500         4860        26.67
   25477.119     0.968750         4892        32.00
   25526.271     0.971875         4911        35.56
   25575.423     0.975000         4923        40.00
   25640.959     0.978125         4938        45.71
   25690.111     0.981250         4954        53.33
   25755.647     0.984375         4971        64.00
   25788.415     0.985938         4982        71.11
   25804.799     0.987500         4987        80.00
   25837.567     0.989062         4993        91.43
   25903.103     0.990625         5005       106.67
   25919.487     0.992188         5009       128.00
   25935.871     0.992969         5013       142.22
   25968.639     0.993750         5019       160.00
   25985.023     0.994531         5024       182.86
   26001.407     0.995313         5026       213.33
   26017.791     0.996094         5029       256.00
   26034.175     0.996484         5033       284.44
   26034.175     0.996875         5033       320.00
   26066.943     0.997266         5036       365.71
   26099.711     0.997656         5038       426.67
   26116.095     0.998047         5041       512.00
   26116.095     0.998242         5041       568.89
   26116.095     0.998437         5041       640.00
   26132.479     0.998633         5043       731.43
   26132.479     0.998828         5043       853.33
   26148.863     0.999023         5045      1024.00
   26148.863     0.999121         5045      1137.78
   26148.863     0.999219         5045      1280.00
   26148.863     0.999316         5045      1462.86
   26165.247     0.999414         5046      1706.67
   26165.247     0.999512         5046      2048.00
   26165.247     0.999561         5046      2275.56
   26263.551     0.999609         5047      2560.00
   26263.551     0.999658         5047      2925.71
   26263.551     0.999707         5047      3413.33
   26263.551     0.999756         5047      4096.00
   26263.551     0.999780         5047      4551.11
   26279.935     0.999805         5048      5120.00
   26279.935     1.000000         5048          inf
#[Mean    =    17449.336, StdDeviation   =     4935.068]
#[Max     =    26263.552, Total count    =         5048]
#[Buckets =           27, SubBuckets     =         2048]
----------------------------------------------------------
  7595 requests in 29.98s, 55.18MB read
Requests/sec:    253.36
Transfer/sec:      1.84MB

