{'cpu_quotas': 25000, 'cpu_period': 100000, 'cpu_shares': None, 'mem_limit': '16m', 'memswap_limit': -1}

wrk -t2 -c100 -d30s -R2000 --latency http://10.0.0.251:80/mmul/10

Running 30s test @ http://10.0.0.251:80/mmul/10
  2 threads and 100 connections
  Thread calibration: mean lat.: 5116.614ms, rate sampling interval: 16023ms
  Thread calibration: mean lat.: 5117.556ms, rate sampling interval: 16023ms
  Thread Stats   Avg      Stdev     Max   +/- Stdev
    Latency    10.13s   807.81ms  11.55s    54.74%
    Req/Sec    34.00      0.00    34.00    100.00%
  Latency Distribution (HdrHistogram - Recorded Latency)
 50.000%   10.06s 
 75.000%   10.81s 
 90.000%   11.30s 
 99.000%   11.55s 
 99.900%   11.56s 
 99.990%   11.56s 
 99.999%   11.56s 
100.000%   11.56s 

  Detailed Percentile spectrum:
       Value   Percentile   TotalCount 1/(1-Percentile)

    8765.439     0.000000            7         1.00
    9027.583     0.100000          123         1.11
    9281.535     0.200000          223         1.25
    9543.679     0.300000          338         1.43
    9805.823     0.400000          454         1.67
   10059.775     0.500000          553         2.00
   10289.151     0.550000          607         2.22
   10321.919     0.600000          664         2.50
   10551.295     0.650000          721         2.86
   10780.671     0.700000          773         3.33
   10813.439     0.750000          836         4.00
   10821.631     0.775000          851         4.44
   11042.815     0.800000          889         5.00
   11051.007     0.825000          906         5.71
   11067.391     0.850000          936         6.67
   11083.775     0.875000          964         8.00
   11288.575     0.887500          973         8.89
   11296.767     0.900000          989        10.00
   11304.959     0.912500         1005        11.43
   11313.151     0.925000         1020        13.33
   11321.343     0.937500         1035        16.00
   11321.343     0.943750         1035        17.78
   11329.535     0.950000         1051        20.00
   11329.535     0.956250         1051        22.86
   11337.727     0.962500         1064        26.67
   11337.727     0.968750         1064        32.00
   11542.527     0.971875         1073        35.56
   11542.527     0.975000         1073        40.00
   11542.527     0.978125         1073        45.71
   11550.719     0.981250         1089        53.33
   11550.719     0.984375         1089        64.00
   11550.719     0.985938         1089        71.11
   11550.719     0.987500         1089        80.00
   11550.719     0.989062         1089        91.43
   11550.719     0.990625         1089       106.67
   11550.719     0.992188         1089       128.00
   11550.719     0.992969         1089       142.22
   11558.911     0.993750         1096       160.00
   11558.911     1.000000         1096          inf
#[Mean    =    10125.753, StdDeviation   =      807.807]
#[Max     =    11550.720, Total count    =         1096]
#[Buckets =           27, SubBuckets     =         2048]
----------------------------------------------------------
  3932 requests in 30.27s, 1.18MB read
  Socket errors: connect 0, read 0, write 0, timeout 800
  Non-2xx or 3xx responses: 3932
Requests/sec:    129.89
Transfer/sec:     39.83KB

wrk -t2 -c100 -d30s -R2000 --latency http://10.0.0.251:80/mmul/20

Running 30s test @ http://10.0.0.251:80/mmul/20
  2 threads and 100 connections
  Thread calibration: mean lat.: 9223372036854776.000ms, rate sampling interval: 10ms
  Thread calibration: mean lat.: 9223372036854776.000ms, rate sampling interval: 10ms
  Thread Stats   Avg      Stdev     Max   +/- Stdev
    Latency     -nanus    -nanus   0.00us    0.00%
    Req/Sec     0.00      0.00     0.00    100.00%
  Latency Distribution (HdrHistogram - Recorded Latency)
 50.000%    0.00us
 75.000%    0.00us
 90.000%    0.00us
 99.000%    0.00us
 99.900%    0.00us
 99.990%    0.00us
 99.999%    0.00us
100.000%    0.00us

  Detailed Percentile spectrum:
       Value   Percentile   TotalCount 1/(1-Percentile)

       0.000     1.000000            0          inf
#[Mean    =         -nan, StdDeviation   =         -nan]
#[Max     =        0.000, Total count    =            0]
#[Buckets =           27, SubBuckets     =         2048]
----------------------------------------------------------
  0 requests in 30.26s, 0.00B read
  Socket errors: connect 0, read 0, write 0, timeout 1420
Requests/sec:      0.00
Transfer/sec:       0.00B

wrk -t2 -c100 -d30s -R2000 --latency http://10.0.0.251:80/mmul/30

Running 30s test @ http://10.0.0.251:80/mmul/30
  2 threads and 100 connections
  Thread calibration: mean lat.: 9223372036854776.000ms, rate sampling interval: 10ms
  Thread calibration: mean lat.: 9223372036854776.000ms, rate sampling interval: 10ms
  Thread Stats   Avg      Stdev     Max   +/- Stdev
    Latency     -nanus    -nanus   0.00us    0.00%
    Req/Sec     0.00      0.00     0.00    100.00%
  Latency Distribution (HdrHistogram - Recorded Latency)
 50.000%    0.00us
 75.000%    0.00us
 90.000%    0.00us
 99.000%    0.00us
 99.900%    0.00us
 99.990%    0.00us
 99.999%    0.00us
100.000%    0.00us

  Detailed Percentile spectrum:
       Value   Percentile   TotalCount 1/(1-Percentile)

       0.000     1.000000            0          inf
#[Mean    =         -nan, StdDeviation   =         -nan]
#[Max     =        0.000, Total count    =            0]
#[Buckets =           27, SubBuckets     =         2048]
----------------------------------------------------------
  0 requests in 30.27s, 0.00B read
  Socket errors: connect 0, read 0, write 0, timeout 1420
Requests/sec:      0.00
Transfer/sec:       0.00B

wrk -t2 -c100 -d30s -R2000 --latency http://10.0.0.251:80/lu/10

Running 30s test @ http://10.0.0.251:80/lu/10
  2 threads and 100 connections
  Thread calibration: mean lat.: 9223372036854776.000ms, rate sampling interval: 10ms
  Thread calibration: mean lat.: 9223372036854776.000ms, rate sampling interval: 10ms
  Thread Stats   Avg      Stdev     Max   +/- Stdev
    Latency     -nanus    -nanus   0.00us    0.00%
    Req/Sec     0.00      0.00     0.00    100.00%
  Latency Distribution (HdrHistogram - Recorded Latency)
 50.000%    0.00us
 75.000%    0.00us
 90.000%    0.00us
 99.000%    0.00us
 99.900%    0.00us
 99.990%    0.00us
 99.999%    0.00us
100.000%    0.00us

  Detailed Percentile spectrum:
       Value   Percentile   TotalCount 1/(1-Percentile)

       0.000     1.000000            0          inf
#[Mean    =         -nan, StdDeviation   =         -nan]
#[Max     =        0.000, Total count    =            0]
#[Buckets =           27, SubBuckets     =         2048]
----------------------------------------------------------
  0 requests in 30.26s, 0.00B read
  Socket errors: connect 0, read 0, write 0, timeout 1420
Requests/sec:      0.00
Transfer/sec:       0.00B

wrk -t2 -c100 -d30s -R2000 --latency http://10.0.0.251:80/lu/20

Running 30s test @ http://10.0.0.251:80/lu/20
  2 threads and 100 connections
  Thread calibration: mean lat.: 9223372036854776.000ms, rate sampling interval: 10ms
  Thread calibration: mean lat.: 9223372036854776.000ms, rate sampling interval: 10ms
  Thread Stats   Avg      Stdev     Max   +/- Stdev
    Latency     -nanus    -nanus   0.00us    0.00%
    Req/Sec     0.00      0.00     0.00    100.00%
  Latency Distribution (HdrHistogram - Recorded Latency)
 50.000%    0.00us
 75.000%    0.00us
 90.000%    0.00us
 99.000%    0.00us
 99.900%    0.00us
 99.990%    0.00us
 99.999%    0.00us
100.000%    0.00us

  Detailed Percentile spectrum:
       Value   Percentile   TotalCount 1/(1-Percentile)

       0.000     1.000000            0          inf
#[Mean    =         -nan, StdDeviation   =         -nan]
#[Max     =        0.000, Total count    =            0]
#[Buckets =           27, SubBuckets     =         2048]
----------------------------------------------------------
  0 requests in 30.26s, 0.00B read
  Socket errors: connect 0, read 0, write 0, timeout 1411
Requests/sec:      0.00
Transfer/sec:       0.00B

wrk -t2 -c100 -d30s -R2000 --latency http://10.0.0.251:80/lu/30

Running 30s test @ http://10.0.0.251:80/lu/30
  2 threads and 100 connections
  Thread calibration: mean lat.: 9223372036854776.000ms, rate sampling interval: 10ms
  Thread calibration: mean lat.: 9223372036854776.000ms, rate sampling interval: 10ms
  Thread Stats   Avg      Stdev     Max   +/- Stdev
    Latency     -nanus    -nanus   0.00us    0.00%
    Req/Sec     0.00      0.00     0.00    100.00%
  Latency Distribution (HdrHistogram - Recorded Latency)
 50.000%    0.00us
 75.000%    0.00us
 90.000%    0.00us
 99.000%    0.00us
 99.900%    0.00us
 99.990%    0.00us
 99.999%    0.00us
100.000%    0.00us

  Detailed Percentile spectrum:
       Value   Percentile   TotalCount 1/(1-Percentile)

       0.000     1.000000            0          inf
#[Mean    =         -nan, StdDeviation   =         -nan]
#[Max     =        0.000, Total count    =            0]
#[Buckets =           27, SubBuckets     =         2048]
----------------------------------------------------------
  0 requests in 30.26s, 0.00B read
  Socket errors: connect 0, read 0, write 0, timeout 1420
Requests/sec:      0.00
Transfer/sec:       0.00B

wrk -t2 -c100 -d30s -R2000 --latency http://10.0.0.251:80/qr/10

Running 30s test @ http://10.0.0.251:80/qr/10
  2 threads and 100 connections
  Thread calibration: mean lat.: 9223372036854776.000ms, rate sampling interval: 10ms
  Thread calibration: mean lat.: 9223372036854776.000ms, rate sampling interval: 10ms
  Thread Stats   Avg      Stdev     Max   +/- Stdev
    Latency     -nanus    -nanus   0.00us    0.00%
    Req/Sec     0.00      0.00     0.00    100.00%
  Latency Distribution (HdrHistogram - Recorded Latency)
 50.000%    0.00us
 75.000%    0.00us
 90.000%    0.00us
 99.000%    0.00us
 99.900%    0.00us
 99.990%    0.00us
 99.999%    0.00us
100.000%    0.00us

  Detailed Percentile spectrum:
       Value   Percentile   TotalCount 1/(1-Percentile)

       0.000     1.000000            0          inf
#[Mean    =         -nan, StdDeviation   =         -nan]
#[Max     =        0.000, Total count    =            0]
#[Buckets =           27, SubBuckets     =         2048]
----------------------------------------------------------
  0 requests in 30.26s, 0.00B read
  Socket errors: connect 0, read 0, write 0, timeout 1434
Requests/sec:      0.00
Transfer/sec:       0.00B

wrk -t2 -c100 -d30s -R2000 --latency http://10.0.0.251:80/qr/20

unable to connect to 10.0.0.251:80 Connection timed out

wrk -t2 -c100 -d30s -R2000 --latency http://10.0.0.251:80/qr/30

unable to connect to 10.0.0.251:80 Connection timed out

