{'cpu_quota': -1, 'cpu_period': None, 'cpu_shares': None, 'mem_limit': None, 'memswap_limit': None}

wrk -t2 -c100 -d30s -R2000 --latency http://10.0.0.251:80/mmul/10

Running 30s test @ http://10.0.0.251:80/mmul/10
  2 threads and 100 connections
  Thread calibration: mean lat.: 5154.296ms, rate sampling interval: 17956ms
  Thread calibration: mean lat.: 5146.607ms, rate sampling interval: 18022ms
  Thread Stats   Avg      Stdev     Max   +/- Stdev
    Latency    19.72s     5.47s   29.13s    58.38%
    Req/Sec    26.00      0.00    26.00    100.00%
  Latency Distribution (HdrHistogram - Recorded Latency)
 50.000%   19.79s 
 75.000%   24.41s 
 90.000%   27.21s 
 99.000%   28.93s 
 99.900%   29.13s 
 99.990%   29.15s 
 99.999%   29.15s 
100.000%   29.15s 

  Detailed Percentile spectrum:
       Value   Percentile   TotalCount 1/(1-Percentile)

    9871.359     0.000000            1         1.00
   12222.463     0.100000          105         1.11
   14139.391     0.200000          210         1.25
   15990.783     0.300000          316         1.43
   17956.863     0.400000          421         1.67
   19791.871     0.500000          526         2.00
   20676.607     0.550000          578         2.22
   21610.495     0.600000          630         2.50
   22544.383     0.650000          683         2.86
   23560.191     0.700000          737         3.33
   24412.159     0.750000          788         4.00
   24903.679     0.775000          814         4.44
   25378.815     0.800000          841         5.00
   25837.567     0.825000          867         5.71
   26279.935     0.850000          893         6.67
   26853.375     0.875000          919         8.00
   27017.215     0.887500          932         8.89
   27213.823     0.900000          945        10.00
   27508.735     0.912500          959        11.43
   27738.111     0.925000          973        13.33
   27918.335     0.937500          985        16.00
   28033.023     0.943750          991        17.78
   28213.247     0.950000          998        20.00
   28393.471     0.956250         1005        22.86
   28459.007     0.962500         1013        26.67
   28540.927     0.968750         1018        32.00
   28655.615     0.971875         1021        35.56
   28704.767     0.975000         1026        40.00
   28737.535     0.978125         1029        45.71
   28770.303     0.981250         1031        53.33
   28884.991     0.984375         1034        64.00
   28901.375     0.985938         1036        71.11
   28917.759     0.987500         1037        80.00
   28934.143     0.989062         1040        91.43
   28950.527     0.990625         1042       106.67
   28950.527     0.992188         1042       128.00
   28966.911     0.992969         1043       142.22
   28983.295     0.993750         1044       160.00
   28999.679     0.994531         1045       182.86
   29081.599     0.995313         1046       213.33
   29081.599     0.996094         1046       256.00
   29097.983     0.996484         1047       284.44
   29097.983     0.996875         1047       320.00
   29114.367     0.997266         1048       365.71
   29114.367     0.997656         1048       426.67
   29114.367     0.998047         1048       512.00
   29130.751     0.998242         1049       568.89
   29130.751     0.998437         1049       640.00
   29130.751     0.998633         1049       731.43
   29130.751     0.998828         1049       853.33
   29130.751     0.999023         1049      1024.00
   29147.135     0.999121         1050      1137.78
   29147.135     1.000000         1050          inf
#[Mean    =    19723.040, StdDeviation   =     5472.400]
#[Max     =    29130.752, Total count    =         1050]
#[Buckets =           27, SubBuckets     =         2048]
----------------------------------------------------------
  1541 requests in 30.04s, 3.17MB read
  Socket errors: connect 0, read 0, write 0, timeout 20
Requests/sec:     51.29
Transfer/sec:    108.18KB

wrk -t2 -c100 -d30s -R2000 --latency http://10.0.0.251:80/mmul/20

Running 30s test @ http://10.0.0.251:80/mmul/20
  2 threads and 100 connections
  Thread calibration: mean lat.: 5168.572ms, rate sampling interval: 18235ms
  Thread calibration: mean lat.: 5174.339ms, rate sampling interval: 18087ms
  Thread Stats   Avg      Stdev     Max   +/- Stdev
    Latency    19.88s     5.66s   29.67s    57.89%
    Req/Sec     7.00      0.00     7.00    100.00%
  Latency Distribution (HdrHistogram - Recorded Latency)
 50.000%   19.97s 
 75.000%   24.76s 
 90.000%   27.72s 
 99.000%   29.49s 
 99.900%   29.69s 
 99.990%   29.69s 
 99.999%   29.69s 
100.000%   29.69s 

  Detailed Percentile spectrum:
       Value   Percentile   TotalCount 1/(1-Percentile)

   10117.119     0.000000            1         1.00
   11984.895     0.100000           29         1.11
   13959.167     0.200000           57         1.25
   16023.551     0.300000           86         1.43
   17891.327     0.400000          114         1.67
   19972.095     0.500000          143         2.00
   20840.447     0.550000          157         2.22
   21725.183     0.600000          171         2.50
   22904.831     0.650000          186         2.86
   23822.335     0.700000          200         3.33
   24756.223     0.750000          214         4.00
   25231.359     0.775000          221         4.44
   25690.111     0.800000          228         5.00
   26230.783     0.825000          236         5.71
   26853.375     0.850000          243         6.67
   27312.127     0.875000          250         8.00
   27394.047     0.887500          253         8.89
   27721.727     0.900000          257        10.00
   27983.871     0.912500          261        11.43
   28278.783     0.925000          264        13.33
   28475.391     0.937500          268        16.00
   28540.927     0.943750          270        17.78
   28606.463     0.950000          271        20.00
   28737.535     0.956250          273        22.86
   29032.447     0.962500          275        26.67
   29163.519     0.968750          277        32.00
   29163.519     0.971875          277        35.56
   29212.671     0.975000          278        40.00
   29229.055     0.978125          279        45.71
   29278.207     0.981250          280        53.33
   29294.591     0.984375          281        64.00
   29294.591     0.985938          281        71.11
   29491.199     0.987500          282        80.00
   29491.199     0.989062          282        91.43
   29556.735     0.990625          283       106.67
   29556.735     0.992188          283       128.00
   29556.735     0.992969          283       142.22
   29638.655     0.993750          284       160.00
   29638.655     0.994531          284       182.86
   29638.655     0.995313          284       213.33
   29638.655     0.996094          284       256.00
   29638.655     0.996484          284       284.44
   29687.807     0.996875          285       320.00
   29687.807     1.000000          285          inf
#[Mean    =    19875.129, StdDeviation   =     5661.920]
#[Max     =    29671.424, Total count    =          285]
#[Buckets =           27, SubBuckets     =         2048]
----------------------------------------------------------
  427 requests in 30.09s, 3.30MB read
  Socket errors: connect 0, read 0, write 0, timeout 928
Requests/sec:     14.19
Transfer/sec:    112.29KB

wrk -t2 -c100 -d30s -R2000 --latency http://10.0.0.251:80/mmul/30

Running 30s test @ http://10.0.0.251:80/mmul/30
  2 threads and 100 connections
  Thread calibration: mean lat.: 9223372036854776.000ms, rate sampling interval: 10ms
  Thread calibration: mean lat.: 9223372036854776.000ms, rate sampling interval: 10ms
  Thread Stats   Avg      Stdev     Max   +/- Stdev
    Latency    18.46s     5.04s   29.61s    73.71%
    Req/Sec     5.20     22.91   222.00     95.01%
  Latency Distribution (HdrHistogram - Recorded Latency)
 50.000%   16.28s 
 75.000%   22.43s 
 90.000%   26.76s 
 99.000%   29.46s 
 99.900%   29.62s 
 99.990%   29.62s 
 99.999%   29.62s 
100.000%   29.62s 

  Detailed Percentile spectrum:
       Value   Percentile   TotalCount 1/(1-Percentile)

   10412.031     0.000000            1         1.00
   13983.743     0.100000           20         1.11
   14401.535     0.200000           39         1.25
   14729.215     0.300000           59         1.43
   15015.935     0.400000           78         1.67
   16277.503     0.500000           97         2.00
   16842.751     0.550000          107         2.22
   18104.319     0.600000          117         2.50
   19595.263     0.650000          127         2.86
   20938.751     0.700000          136         3.33
   22429.695     0.750000          146         4.00
   23166.975     0.775000          151         4.44
   23920.639     0.800000          156         5.00
   24657.919     0.825000          161         5.71
   25264.127     0.850000          165         6.67
   26001.407     0.875000          170         8.00
   26460.159     0.887500          173         8.89
   26755.071     0.900000          175        10.00
   27197.439     0.912500          178        11.43
   27492.351     0.925000          180        13.33
   27803.647     0.937500          182        16.00
   28246.015     0.943750          184        17.78
   28409.855     0.950000          185        20.00
   28557.311     0.956250          187        22.86
   28557.311     0.962500          187        26.67
   28852.223     0.968750          188        32.00
   28868.607     0.971875          189        35.56
   29016.063     0.975000          190        40.00
   29016.063     0.978125          190        45.71
   29163.519     0.981250          191        53.33
   29163.519     0.984375          191        64.00
   29458.431     0.985938          193        71.11
   29458.431     0.987500          193        80.00
   29458.431     0.989062          193        91.43
   29458.431     0.990625          193       106.67
   29458.431     0.992188          193       128.00
   29458.431     0.992969          193       142.22
   29458.431     0.993750          193       160.00
   29458.431     0.994531          193       182.86
   29622.271     0.995313          194       213.33
   29622.271     1.000000          194          inf
#[Mean    =    18463.396, StdDeviation   =     5035.899]
#[Max     =    29605.888, Total count    =          194]
#[Buckets =           27, SubBuckets     =         2048]
----------------------------------------------------------
  195 requests in 30.26s, 3.36MB read
  Socket errors: connect 0, read 0, write 0, timeout 1182
Requests/sec:      6.44
Transfer/sec:    113.61KB

wrk -t2 -c100 -d30s -R2000 --latency http://10.0.0.251:80/lu/10

Running 30s test @ http://10.0.0.251:80/lu/10
  2 threads and 100 connections
  Thread calibration: mean lat.: 5918.906ms, rate sampling interval: 17514ms
  Thread calibration: mean lat.: 4126.759ms, rate sampling interval: 16416ms
  Thread Stats   Avg      Stdev     Max   +/- Stdev
    Latency    19.29s     5.60s   29.08s    57.91%
    Req/Sec    18.50      0.50    19.00    100.00%
  Latency Distribution (HdrHistogram - Recorded Latency)
 50.000%   19.01s 
 75.000%   23.92s 
 90.000%   26.61s 
 99.000%   28.92s 
 99.900%   29.07s 
 99.990%   29.10s 
 99.999%   29.10s 
100.000%   29.10s 

  Detailed Percentile spectrum:
       Value   Percentile   TotalCount 1/(1-Percentile)

    9150.463     0.000000            1         1.00
   11263.999     0.100000           77         1.11
   13524.991     0.200000          153         1.25
   15802.367     0.300000          230         1.43
   17006.591     0.400000          306         1.67
   19005.439     0.500000          384         2.00
   20627.455     0.550000          421         2.22
   21200.895     0.600000          459         2.50
   21823.487     0.650000          498         2.86
   23429.119     0.700000          537         3.33
   23920.639     0.750000          575         4.00
   24199.167     0.775000          593         4.44
   25460.735     0.800000          612         5.00
   25903.103     0.825000          632         5.71
   26099.711     0.850000          651         6.67
   26378.239     0.875000          670         8.00
   26476.543     0.887500          679         8.89
   26607.615     0.900000          689        10.00
   26869.759     0.912500          699        11.43
   27836.415     0.925000          708        13.33
   28082.175     0.937500          718        16.00
   28164.095     0.943750          722        17.78
   28327.935     0.950000          727        20.00
   28409.855     0.956250          732        22.86
   28459.007     0.962500          737        26.67
   28524.543     0.968750          742        32.00
   28540.927     0.971875          744        35.56
   28606.463     0.975000          747        40.00
   28671.999     0.978125          749        45.71
   28770.303     0.981250          751        53.33
   28868.607     0.984375          754        64.00
   28884.991     0.985938          755        71.11
   28901.375     0.987500          756        80.00
   28917.759     0.989062          757        91.43
   28950.527     0.990625          758       106.67
   28983.295     0.992188          760       128.00
   28983.295     0.992969          760       142.22
   29016.063     0.993750          761       160.00
   29016.063     0.994531          761       182.86
   29032.447     0.995313          762       213.33
   29048.831     0.996094          763       256.00
   29048.831     0.996484          763       284.44
   29048.831     0.996875          763       320.00
   29048.831     0.997266          763       365.71
   29065.215     0.997656          764       426.67
   29065.215     0.998047          764       512.00
   29065.215     0.998242          764       568.89
   29065.215     0.998437          764       640.00
   29065.215     0.998633          764       731.43
   29097.983     0.998828          765       853.33
   29097.983     1.000000          765          inf
#[Mean    =    19292.310, StdDeviation   =     5598.047]
#[Max     =    29081.600, Total count    =          765]
#[Buckets =           27, SubBuckets     =         2048]
----------------------------------------------------------
  1132 requests in 30.26s, 3.24MB read
  Socket errors: connect 0, read 0, write 0, timeout 327
Requests/sec:     37.41
Transfer/sec:    109.59KB

wrk -t2 -c100 -d30s -R2000 --latency http://10.0.0.251:80/lu/20

Running 30s test @ http://10.0.0.251:80/lu/20
  2 threads and 100 connections
  Thread calibration: mean lat.: 5239.629ms, rate sampling interval: 18284ms
  Thread calibration: mean lat.: 5130.562ms, rate sampling interval: 17760ms
  Thread Stats   Avg      Stdev     Max   +/- Stdev
    Latency    19.90s     5.66s   29.62s    57.84%
    Req/Sec     5.00      0.00     5.00    100.00%
  Latency Distribution (HdrHistogram - Recorded Latency)
 50.000%   19.78s 
 75.000%   24.77s 
 90.000%   27.74s 
 99.000%   29.39s 
 99.900%   29.64s 
 99.990%   29.64s 
 99.999%   29.64s 
100.000%   29.64s 

  Detailed Percentile spectrum:
       Value   Percentile   TotalCount 1/(1-Percentile)

   10076.159     0.000000            1         1.00
   12132.351     0.100000           21         1.11
   14008.319     0.200000           41         1.25
   15982.591     0.300000           62         1.43
   18022.399     0.400000           82         1.67
   19775.487     0.500000          102         2.00
   20840.447     0.550000          113         2.22
   21938.175     0.600000          123         2.50
   22872.063     0.650000          133         2.86
   23822.335     0.700000          143         3.33
   24772.607     0.750000          153         4.00
   25329.663     0.775000          159         4.44
   25788.415     0.800000          164         5.00
   26263.551     0.825000          169         5.71
   26738.687     0.850000          174         6.67
   27213.823     0.875000          179         8.00
   27639.807     0.887500          182         8.89
   27738.111     0.900000          184        10.00
   28065.791     0.912500          187        11.43
   28164.095     0.925000          189        13.33
   28590.079     0.937500          192        16.00
   28639.231     0.943750          193        17.78
   28688.383     0.950000          194        20.00
   28819.455     0.956250          196        22.86
   28917.759     0.962500          197        26.67
   29163.519     0.968750          198        32.00
   29261.823     0.971875          199        35.56
   29261.823     0.975000          199        40.00
   29294.591     0.978125          200        45.71
   29360.127     0.981250          201        53.33
   29360.127     0.984375          201        64.00
   29392.895     0.985938          202        71.11
   29392.895     0.987500          202        80.00
   29392.895     0.989062          202        91.43
   29589.503     0.990625          203       106.67
   29589.503     0.992188          203       128.00
   29589.503     0.992969          203       142.22
   29589.503     0.993750          203       160.00
   29589.503     0.994531          203       182.86
   29638.655     0.995313          204       213.33
   29638.655     1.000000          204          inf
#[Mean    =    19900.296, StdDeviation   =     5658.462]
#[Max     =    29622.272, Total count    =          204]
#[Buckets =           27, SubBuckets     =         2048]
----------------------------------------------------------
  307 requests in 30.20s, 3.33MB read
  Socket errors: connect 0, read 0, write 0, timeout 1033
Requests/sec:     10.17
Transfer/sec:    113.09KB

wrk -t2 -c100 -d30s -R2000 --latency http://10.0.0.251:80/lu/30

Running 30s test @ http://10.0.0.251:80/lu/30
  2 threads and 100 connections
  Thread calibration: mean lat.: 10219.520ms, rate sampling interval: 20447ms
  Thread calibration: mean lat.: 10129.408ms, rate sampling interval: 20267ms
  Thread Stats   Avg      Stdev     Max   +/- Stdev
    Latency    19.89s     4.62s   29.75s    66.18%
    Req/Sec       -nan      -nan   0.00      0.00%
  Latency Distribution (HdrHistogram - Recorded Latency)
 50.000%   19.10s 
 75.000%   23.18s 
 90.000%   26.80s 
 99.000%   29.56s 
 99.900%   29.77s 
 99.990%   29.77s 
 99.999%   29.77s 
100.000%   29.77s 

  Detailed Percentile spectrum:
       Value   Percentile   TotalCount 1/(1-Percentile)

   10838.015     0.000000            1         1.00
   14565.375     0.100000           14         1.11
   15761.407     0.200000           28         1.25
   16891.903     0.300000           41         1.43
   18038.783     0.400000           55         1.67
   19103.743     0.500000           68         2.00
   19660.799     0.550000           75         2.22
   20561.919     0.600000           82         2.50
   21528.575     0.650000           89         2.86
   22429.695     0.700000           96         3.33
   23183.359     0.750000          102         4.00
   23724.031     0.775000          107         4.44
   24313.855     0.800000          109         5.00
   24903.679     0.825000          113         5.71
   25526.271     0.850000          116         6.67
   26165.247     0.875000          119         8.00
   26591.231     0.887500          121         8.89
   27017.215     0.900000          123        10.00
   27426.815     0.912500          125        11.43
   27639.807     0.925000          126        13.33
   28065.791     0.937500          128        16.00
   28278.783     0.943750          129        17.78
   28491.775     0.950000          130        20.00
   28704.767     0.956250          131        22.86
   28704.767     0.962500          131        26.67
   28917.759     0.968750          132        32.00
   29130.751     0.971875          133        35.56
   29130.751     0.975000          133        40.00
   29343.743     0.978125          134        45.71
   29343.743     0.981250          134        53.33
   29343.743     0.984375          134        64.00
   29556.735     0.985938          135        71.11
   29556.735     0.987500          135        80.00
   29556.735     0.989062          135        91.43
   29556.735     0.990625          135       106.67
   29556.735     0.992188          135       128.00
   29769.727     0.992969          136       142.22
   29769.727     1.000000          136          inf
#[Mean    =    19890.688, StdDeviation   =     4620.023]
#[Max     =    29753.344, Total count    =          136]
#[Buckets =           27, SubBuckets     =         2048]
----------------------------------------------------------
  139 requests in 30.26s, 3.38MB read
  Socket errors: connect 0, read 0, write 0, timeout 1236
Requests/sec:      4.59
Transfer/sec:    114.28KB

wrk -t2 -c100 -d30s -R2000 --latency http://10.0.0.251:80/qr/10

Running 30s test @ http://10.0.0.251:80/qr/10
  2 threads and 100 connections
  Thread calibration: mean lat.: 5129.193ms, rate sampling interval: 17776ms
  Thread calibration: mean lat.: 5164.001ms, rate sampling interval: 17874ms
  Thread Stats   Avg      Stdev     Max   +/- Stdev
    Latency    19.78s     5.62s   29.36s    57.56%
    Req/Sec    16.00      0.00    16.00    100.00%
  Latency Distribution (HdrHistogram - Recorded Latency)
 50.000%   19.86s 
 75.000%   24.59s 
 90.000%   27.48s 
 99.000%   29.20s 
 99.900%   29.36s 
 99.990%   29.38s 
 99.999%   29.38s 
100.000%   29.38s 

  Detailed Percentile spectrum:
       Value   Percentile   TotalCount 1/(1-Percentile)

    9945.087     0.000000            1         1.00
   11894.783     0.100000           66         1.11
   13942.783     0.200000          131         1.25
   15826.943     0.300000          197         1.43
   17825.791     0.400000          262         1.67
   19857.407     0.500000          328         2.00
   20758.527     0.550000          361         2.22
   21676.031     0.600000          393         2.50
   22757.375     0.650000          426         2.86
   23658.495     0.700000          459         3.33
   24608.767     0.750000          492         4.00
   25198.591     0.775000          508         4.44
   25624.575     0.800000          524         5.00
   26099.711     0.825000          541         5.71
   26525.695     0.850000          557         6.67
   27148.287     0.875000          574         8.00
   27262.975     0.887500          582         8.89
   27475.967     0.900000          590        10.00
   27787.263     0.912500          598        11.43
   28049.407     0.925000          606        13.33
   28295.167     0.937500          615        16.00
   28409.855     0.943750          619        17.78
   28524.543     0.950000          623        20.00
   28622.847     0.956250          627        22.86
   28737.535     0.962500          631        26.67
   28835.839     0.968750          635        32.00
   28901.375     0.971875          637        35.56
   28950.527     0.975000          639        40.00
   28999.679     0.978125          641        45.71
   29048.831     0.981250          643        53.33
   29114.367     0.984375          645        64.00
   29130.751     0.985938          646        71.11
   29163.519     0.987500          647        80.00
   29196.287     0.989062          648        91.43
   29229.055     0.990625          649       106.67
   29245.439     0.992188          650       128.00
   29278.207     0.992969          651       142.22
   29278.207     0.993750          651       160.00
   29294.591     0.994531          652       182.86
   29294.591     0.995313          652       213.33
   29327.359     0.996094          653       256.00
   29327.359     0.996484          653       284.44
   29327.359     0.996875          653       320.00
   29360.127     0.997266          654       365.71
   29360.127     0.997656          654       426.67
   29360.127     0.998047          654       512.00
   29360.127     0.998242          654       568.89
   29360.127     0.998437          654       640.00
   29376.511     0.998633          655       731.43
   29376.511     1.000000          655          inf
#[Mean    =    19779.934, StdDeviation   =     5615.570]
#[Max     =    29360.128, Total count    =          655]
#[Buckets =           27, SubBuckets     =         2048]
----------------------------------------------------------
  970 requests in 30.05s, 3.24MB read
  Socket errors: connect 0, read 0, write 0, timeout 453
Requests/sec:     32.28
Transfer/sec:    110.41KB

wrk -t2 -c100 -d30s -R2000 --latency http://10.0.0.251:80/qr/20

Running 30s test @ http://10.0.0.251:80/qr/20
  2 threads and 100 connections
  Thread calibration: mean lat.: 5281.102ms, rate sampling interval: 17940ms
  Thread calibration: mean lat.: 5195.579ms, rate sampling interval: 18169ms
  Thread Stats   Avg      Stdev     Max   +/- Stdev
    Latency    19.95s     5.66s   29.66s    58.05%
    Req/Sec     4.00      0.00     4.00    100.00%
  Latency Distribution (HdrHistogram - Recorded Latency)
 50.000%   19.86s 
 75.000%   24.77s 
 90.000%   27.80s 
 99.000%   29.46s 
 99.900%   29.67s 
 99.990%   29.67s 
 99.999%   29.67s 
100.000%   29.67s 

  Detailed Percentile spectrum:
       Value   Percentile   TotalCount 1/(1-Percentile)

   10092.543     0.000000            1         1.00
   12034.047     0.100000           18         1.11
   14090.239     0.200000           35         1.25
   16080.895     0.300000           53         1.43
   17956.863     0.400000           70         1.67
   19857.407     0.500000           87         2.00
   21004.287     0.550000           96         2.22
   21970.943     0.600000          105         2.50
   23019.519     0.650000          114         2.86
   23920.639     0.700000          122         3.33
   24772.607     0.750000          131         4.00
   25362.431     0.775000          135         4.44
   25919.487     0.800000          140         5.00
   26361.855     0.825000          144         5.71
   26804.223     0.850000          148         6.67
   27361.279     0.875000          153         8.00
   27574.271     0.887500          155         8.89
   27803.647     0.900000          157        10.00
   28016.639     0.912500          159        11.43
   28246.015     0.925000          161        13.33
   28573.695     0.937500          164        16.00
   28688.383     0.943750          165        17.78
   28786.687     0.950000          166        20.00
   28901.375     0.956250          167        22.86
   29016.063     0.962500          168        26.67
   29130.751     0.968750          169        32.00
   29229.055     0.971875          170        35.56
   29229.055     0.975000          170        40.00
   29343.743     0.978125          171        45.71
   29343.743     0.981250          171        53.33
   29458.431     0.984375          172        64.00
   29458.431     0.985938          172        71.11
   29458.431     0.987500          172        80.00
   29573.119     0.989062          173        91.43
   29573.119     0.990625          173       106.67
   29573.119     0.992188          173       128.00
   29573.119     0.992969          173       142.22
   29573.119     0.993750          173       160.00
   29671.423     0.994531          174       182.86
   29671.423     1.000000          174          inf
#[Mean    =    19947.873, StdDeviation   =     5664.782]
#[Max     =    29655.040, Total count    =          174]
#[Buckets =           27, SubBuckets     =         2048]
----------------------------------------------------------
  262 requests in 30.25s, 3.34MB read
  Socket errors: connect 0, read 0, write 0, timeout 1116
Requests/sec:      8.66
Transfer/sec:    113.10KB

wrk -t2 -c100 -d30s -R2000 --latency http://10.0.0.251:80/qr/30

Running 30s test @ http://10.0.0.251:80/qr/30
  2 threads and 100 connections
  Thread calibration: mean lat.: 10170.368ms, rate sampling interval: 20348ms
  Thread calibration: mean lat.: 9223372036854776.000ms, rate sampling interval: 10ms
  Thread Stats   Avg      Stdev     Max   +/- Stdev
    Latency    20.63s     4.70s   29.79s    62.39%
    Req/Sec     3.16     17.70   111.00     96.90%
  Latency Distribution (HdrHistogram - Recorded Latency)
 50.000%   20.43s 
 75.000%   24.23s 
 90.000%   27.10s 
 99.000%   29.56s 
 99.900%   29.80s 
 99.990%   29.80s 
 99.999%   29.80s 
100.000%   29.80s 

  Detailed Percentile spectrum:
       Value   Percentile   TotalCount 1/(1-Percentile)

   10305.535     0.000000            1         1.00
   14737.407     0.100000           12         1.11
   16285.695     0.200000           24         1.25
   17727.487     0.300000           36         1.43
   19038.207     0.400000           47         1.67
   20430.847     0.500000           59         2.00
   21135.359     0.550000           65         2.22
   21839.871     0.600000           71         2.50
   22544.383     0.650000           77         2.86
   23429.119     0.700000           82         3.33
   24231.935     0.750000           88         4.00
   24723.455     0.775000           91         4.44
   25198.591     0.800000           94         5.00
   25870.335     0.825000           97         5.71
   26165.247     0.850000          100         6.67
   26853.375     0.875000          103         8.00
   27017.215     0.887500          104         8.89
   27148.287     0.900000          106        10.00
   27574.271     0.912500          107        11.43
   27820.031     0.925000          109        13.33
   27869.183     0.937500          110        16.00
   28311.551     0.943750          111        17.78
   28557.311     0.950000          112        20.00
   28557.311     0.956250          112        22.86
   28803.071     0.962500          113        26.67
   29048.831     0.968750          114        32.00
   29048.831     0.971875          114        35.56
   29310.975     0.975000          115        40.00
   29310.975     0.978125          115        45.71
   29310.975     0.981250          115        53.33
   29556.735     0.984375          116        64.00
   29556.735     0.985938          116        71.11
   29556.735     0.987500          116        80.00
   29556.735     0.989062          116        91.43
   29556.735     0.990625          116       106.67
   29802.495     0.992188          117       128.00
   29802.495     1.000000          117          inf
#[Mean    =    20625.215, StdDeviation   =     4701.417]
#[Max     =    29786.112, Total count    =          117]
#[Buckets =           27, SubBuckets     =         2048]
----------------------------------------------------------
  119 requests in 30.26s, 3.38MB read
  Socket errors: connect 0, read 0, write 0, timeout 1256
Requests/sec:      3.93
Transfer/sec:    114.40KB

