{'cpu_quotas': 25000, 'cpu_period': 100000, 'cpu_shares': None, 'mem_limit': '32m', 'memswap_limit': -1}

wrk -t2 -c100 -d30s -R2000 --latency http://10.0.0.251:80/mmul/10

Running 30s test @ http://10.0.0.251:80/mmul/10
  2 threads and 100 connections
  Thread calibration: mean lat.: 5116.998ms, rate sampling interval: 17940ms
  Thread calibration: mean lat.: 5140.787ms, rate sampling interval: 17874ms
  Thread Stats   Avg      Stdev     Max   +/- Stdev
    Latency    19.68s     5.48s   29.11s    58.20%
    Req/Sec    26.00      0.00    26.00    100.00%
  Latency Distribution (HdrHistogram - Recorded Latency)
 50.000%   19.76s 
 75.000%   24.49s 
 90.000%   27.26s 
 99.000%   28.97s 
 99.900%   29.11s 
 99.990%   29.13s 
 99.999%   29.13s 
100.000%   29.13s 

  Detailed Percentile spectrum:
       Value   Percentile   TotalCount 1/(1-Percentile)

    9863.167     0.000000            1         1.00
   11976.703     0.100000          106         1.11
   13975.551     0.200000          211         1.25
   15867.903     0.300000          317         1.43
   17874.943     0.400000          422         1.67
   19759.103     0.500000          528         2.00
   20627.455     0.550000          581         2.22
   21643.263     0.600000          633         2.50
   22527.999     0.650000          686         2.86
   23527.423     0.700000          739         3.33
   24510.463     0.750000          794         4.00
   24936.447     0.775000          818         4.44
   25395.199     0.800000          844         5.00
   25821.183     0.825000          871         5.71
   26312.703     0.850000          897         6.67
   26820.607     0.875000          924         8.00
   27066.367     0.887500          937         8.89
   27262.975     0.900000          950        10.00
   27475.967     0.912500          963        11.43
   27688.959     0.925000          976        13.33
   28049.407     0.937500          991        16.00
   28098.559     0.943750          997        17.78
   28147.711     0.950000         1003        20.00
   28229.631     0.956250         1009        22.86
   28344.319     0.962500         1016        26.67
   28590.079     0.968750         1023        32.00
   28639.231     0.971875         1026        35.56
   28704.767     0.975000         1029        40.00
   28753.919     0.978125         1032        45.71
   28835.839     0.981250         1036        53.33
   28884.991     0.984375         1039        64.00
   28917.759     0.985938         1041        71.11
   28934.143     0.987500         1042        80.00
   28966.911     0.989062         1044        91.43
   28983.295     0.990625         1046       106.67
   28999.679     0.992188         1047       128.00
   29016.063     0.992969         1048       142.22
   29032.447     0.993750         1049       160.00
   29048.831     0.994531         1050       182.86
   29065.215     0.995313         1051       213.33
   29065.215     0.996094         1051       256.00
   29081.599     0.996484         1052       284.44
   29081.599     0.996875         1052       320.00
   29097.983     0.997266         1053       365.71
   29097.983     0.997656         1053       426.67
   29097.983     0.998047         1053       512.00
   29114.367     0.998242         1054       568.89
   29114.367     0.998437         1054       640.00
   29114.367     0.998633         1054       731.43
   29114.367     0.998828         1054       853.33
   29114.367     0.999023         1054      1024.00
   29130.751     0.999121         1055      1137.78
   29130.751     1.000000         1055          inf
#[Mean    =    19683.477, StdDeviation   =     5484.910]
#[Max     =    29114.368, Total count    =         1055]
#[Buckets =           27, SubBuckets     =         2048]
----------------------------------------------------------
  1550 requests in 30.03s, 3.19MB read
  Socket errors: connect 0, read 0, write 0, timeout 15
Requests/sec:     51.62
Transfer/sec:    108.85KB

wrk -t2 -c100 -d30s -R2000 --latency http://10.0.0.251:80/mmul/20

Running 30s test @ http://10.0.0.251:80/mmul/20
  2 threads and 100 connections
  Thread calibration: mean lat.: 5192.643ms, rate sampling interval: 18202ms
  Thread calibration: mean lat.: 5193.594ms, rate sampling interval: 18333ms
  Thread Stats   Avg      Stdev     Max   +/- Stdev
    Latency    19.90s     5.65s   29.54s    57.75%
    Req/Sec     7.00      0.00     7.00    100.00%
  Latency Distribution (HdrHistogram - Recorded Latency)
 50.000%   19.91s 
 75.000%   24.74s 
 90.000%   27.64s 
 99.000%   29.47s 
 99.900%   29.56s 
 99.990%   29.56s 
 99.999%   29.56s 
100.000%   29.56s 

  Detailed Percentile spectrum:
       Value   Percentile   TotalCount 1/(1-Percentile)

   10166.271     0.000000            1         1.00
   12034.047     0.100000           29         1.11
   13926.399     0.200000           57         1.25
   16064.511     0.300000           86         1.43
   17956.863     0.400000          114         1.67
   19906.559     0.500000          142         2.00
   20840.447     0.550000          157         2.22
   21856.255     0.600000          171         2.50
   22888.447     0.650000          185         2.86
   23822.335     0.700000          199         3.33
   24739.839     0.750000          213         4.00
   25280.511     0.775000          221         4.44
   25755.647     0.800000          228         5.00
   26214.399     0.825000          235         5.71
   26771.455     0.850000          242         6.67
   27312.127     0.875000          249         8.00
   27508.735     0.887500          254         8.89
   27639.807     0.900000          256        10.00
   28000.255     0.912500          260        11.43
   28262.399     0.925000          263        13.33
   28459.007     0.937500          267        16.00
   28655.615     0.943750          269        17.78
   28671.999     0.950000          270        20.00
   28737.535     0.956250          272        22.86
   28934.143     0.962500          274        26.67
   29016.063     0.968750          276        32.00
   29212.671     0.971875          277        35.56
   29212.671     0.975000          277        40.00
   29278.207     0.978125          278        45.71
   29343.743     0.981250          279        53.33
   29409.279     0.984375          280        64.00
   29474.815     0.985938          282        71.11
   29474.815     0.987500          282        80.00
   29474.815     0.989062          282        91.43
   29474.815     0.990625          282       106.67
   29474.815     0.992188          282       128.00
   29540.351     0.992969          283       142.22
   29540.351     0.993750          283       160.00
   29540.351     0.994531          283       182.86
   29540.351     0.995313          283       213.33
   29540.351     0.996094          283       256.00
   29556.735     0.996484          284       284.44
   29556.735     1.000000          284          inf
#[Mean    =    19895.109, StdDeviation   =     5645.635]
#[Max     =    29540.352, Total count    =          284]
#[Buckets =           27, SubBuckets     =         2048]
----------------------------------------------------------
  426 requests in 30.07s, 3.29MB read
  Socket errors: connect 0, read 0, write 0, timeout 928
Requests/sec:     14.17
Transfer/sec:    112.06KB

wrk -t2 -c100 -d30s -R2000 --latency http://10.0.0.251:80/mmul/30

Running 30s test @ http://10.0.0.251:80/mmul/30
  2 threads and 100 connections
  Thread calibration: mean lat.: 7401.512ms, rate sampling interval: 16408ms
  Thread calibration: mean lat.: 9223372036854776.000ms, rate sampling interval: 10ms
  Thread Stats   Avg      Stdev     Max   +/- Stdev
    Latency    21.79s     3.81s   29.72s    62.94%
    Req/Sec     2.63     16.15   111.00     97.40%
  Latency Distribution (HdrHistogram - Recorded Latency)
 50.000%   21.53s 
 75.000%   24.26s 
 90.000%   27.51s 
 99.000%   29.59s 
 99.900%   29.74s 
 99.990%   29.74s 
 99.999%   29.74s 
100.000%   29.74s 

  Detailed Percentile spectrum:
       Value   Percentile   TotalCount 1/(1-Percentile)

   13475.839     0.000000            1         1.00
   16383.999     0.100000           15         1.11
   18431.999     0.200000           29         1.25
   20643.839     0.300000           44         1.43
   21151.743     0.400000           58         1.67
   21528.575     0.500000           72         2.00
   21708.799     0.550000           79         2.22
   21921.791     0.600000           86         2.50
   22282.239     0.650000           93         2.86
   22921.215     0.700000          101         3.33
   24264.703     0.750000          108         4.00
   24854.527     0.775000          111         4.44
   25444.351     0.800000          115         5.00
   25886.719     0.825000          118         5.71
   26492.927     0.850000          122         6.67
   27066.367     0.875000          126         8.00
   27213.823     0.887500          127         8.89
   27508.735     0.900000          129        10.00
   27803.647     0.912500          131        11.43
   28098.559     0.925000          133        13.33
   28393.471     0.937500          135        16.00
   28393.471     0.943750          135        17.78
   28540.927     0.950000          136        20.00
   28688.383     0.956250          137        22.86
   28835.839     0.962500          138        26.67
   28983.295     0.968750          139        32.00
   28983.295     0.971875          139        35.56
   29130.751     0.975000          140        40.00
   29130.751     0.978125          140        45.71
   29278.207     0.981250          141        53.33
   29278.207     0.984375          141        64.00
   29278.207     0.985938          141        71.11
   29589.503     0.987500          142        80.00
   29589.503     0.989062          142        91.43
   29589.503     0.990625          142       106.67
   29589.503     0.992188          142       128.00
   29589.503     0.992969          142       142.22
   29736.959     0.993750          143       160.00
   29736.959     1.000000          143          inf
#[Mean    =    21789.775, StdDeviation   =     3806.318]
#[Max     =    29720.576, Total count    =          143]
#[Buckets =           27, SubBuckets     =         2048]
----------------------------------------------------------
  194 requests in 30.26s, 3.33MB read
  Socket errors: connect 0, read 0, write 0, timeout 1178
Requests/sec:      6.41
Transfer/sec:    112.65KB

wrk -t2 -c100 -d30s -R2000 --latency http://10.0.0.251:80/lu/10

Running 30s test @ http://10.0.0.251:80/lu/10
  2 threads and 100 connections
  Thread calibration: mean lat.: 5134.651ms, rate sampling interval: 18087ms
  Thread calibration: mean lat.: 5132.463ms, rate sampling interval: 18153ms
  Thread Stats   Avg      Stdev     Max   +/- Stdev
    Latency    19.75s     5.58s   29.38s    58.29%
    Req/Sec    19.00      0.00    19.00    100.00%
  Latency Distribution (HdrHistogram - Recorded Latency)
 50.000%   19.81s 
 75.000%   24.61s 
 90.000%   27.44s 
 99.000%   29.10s 
 99.900%   29.38s 
 99.990%   29.39s 
 99.999%   29.39s 
100.000%   29.39s 

  Detailed Percentile spectrum:
       Value   Percentile   TotalCount 1/(1-Percentile)

    9953.279     0.000000            1         1.00
   11976.703     0.100000           76         1.11
   13901.823     0.200000          152         1.25
   15900.671     0.300000          228         1.43
   17825.791     0.400000          304         1.67
   19808.255     0.500000          380         2.00
   20709.375     0.550000          418         2.22
   21774.335     0.600000          456         2.50
   22659.071     0.650000          494         2.86
   23609.343     0.700000          532         3.33
   24608.767     0.750000          570         4.00
   25051.135     0.775000          589         4.44
   25493.503     0.800000          608         5.00
   26017.791     0.825000          628         5.71
   26460.159     0.850000          646         6.67
   27000.831     0.875000          665         8.00
   27230.207     0.887500          675         8.89
   27443.199     0.900000          684        10.00
   27672.575     0.912500          694        11.43
   27885.567     0.925000          703        13.33
   28114.943     0.937500          713        16.00
   28229.631     0.943750          718        17.78
   28426.239     0.950000          722        20.00
   28524.543     0.956250          728        22.86
   28622.847     0.962500          732        26.67
   28721.151     0.968750          737        32.00
   28884.991     0.971875          740        35.56
   28917.759     0.975000          742        40.00
   28934.143     0.978125          744        45.71
   28966.911     0.981250          746        53.33
   29032.447     0.984375          749        64.00
   29065.215     0.985938          750        71.11
   29081.599     0.987500          751        80.00
   29097.983     0.989062          752        91.43
   29130.751     0.990625          753       106.67
   29278.207     0.992188          755       128.00
   29278.207     0.992969          755       142.22
   29310.975     0.993750          756       160.00
   29310.975     0.994531          756       182.86
   29327.359     0.995313          757       213.33
   29360.127     0.996094          758       256.00
   29360.127     0.996484          758       284.44
   29360.127     0.996875          758       320.00
   29360.127     0.997266          758       365.71
   29376.511     0.997656          759       426.67
   29376.511     0.998047          759       512.00
   29376.511     0.998242          759       568.89
   29376.511     0.998437          759       640.00
   29376.511     0.998633          759       731.43
   29392.895     0.998828          760       853.33
   29392.895     1.000000          760          inf
#[Mean    =    19749.947, StdDeviation   =     5583.485]
#[Max     =    29376.512, Total count    =          760]
#[Buckets =           27, SubBuckets     =         2048]
----------------------------------------------------------
  1126 requests in 30.05s, 3.22MB read
  Socket errors: connect 0, read 0, write 0, timeout 315
Requests/sec:     37.47
Transfer/sec:    109.77KB

wrk -t2 -c100 -d30s -R2000 --latency http://10.0.0.251:80/lu/20

Running 30s test @ http://10.0.0.251:80/lu/20
  2 threads and 100 connections
  Thread calibration: mean lat.: 5247.854ms, rate sampling interval: 18153ms
  Thread calibration: mean lat.: 5200.607ms, rate sampling interval: 18382ms
  Thread Stats   Avg      Stdev     Max   +/- Stdev
    Latency    19.97s     5.66s   29.64s    57.84%
    Req/Sec     5.00      0.00     5.00    100.00%
  Latency Distribution (HdrHistogram - Recorded Latency)
 50.000%   19.84s 
 75.000%   24.84s 
 90.000%   27.85s 
 99.000%   29.46s 
 99.900%   29.66s 
 99.990%   29.66s 
 99.999%   29.66s 
100.000%   29.66s 

  Detailed Percentile spectrum:
       Value   Percentile   TotalCount 1/(1-Percentile)

   10108.927     0.000000            1         1.00
   12181.503     0.100000           21         1.11
   14073.855     0.200000           41         1.25
   16056.319     0.300000           62         1.43
   18006.015     0.400000           82         1.67
   19841.023     0.500000          102         2.00
   21053.439     0.550000          113         2.22
   22003.711     0.600000          123         2.50
   22953.983     0.650000          133         2.86
   23887.871     0.700000          143         3.33
   24838.143     0.750000          153         4.00
   25395.199     0.775000          159         4.44
   25870.335     0.800000          164         5.00
   26345.471     0.825000          169         5.71
   26820.607     0.850000          174         6.67
   27279.359     0.875000          179         8.00
   27623.423     0.887500          182         8.89
   27852.799     0.900000          184        10.00
   28098.559     0.912500          187        11.43
   28393.471     0.925000          189        13.33
   28524.543     0.937500          192        16.00
   28704.767     0.943750          193        17.78
   28770.303     0.950000          194        20.00
   28901.375     0.956250          196        22.86
   28999.679     0.962500          197        26.67
   29245.439     0.968750          198        32.00
   29278.207     0.971875          199        35.56
   29278.207     0.975000          199        40.00
   29343.743     0.978125          200        45.71
   29376.511     0.981250          201        53.33
   29376.511     0.984375          201        64.00
   29458.431     0.985938          202        71.11
   29458.431     0.987500          202        80.00
   29458.431     0.989062          202        91.43
   29556.735     0.990625          203       106.67
   29556.735     0.992188          203       128.00
   29556.735     0.992969          203       142.22
   29556.735     0.993750          203       160.00
   29556.735     0.994531          203       182.86
   29655.039     0.995313          204       213.33
   29655.039     1.000000          204          inf
#[Mean    =    19969.867, StdDeviation   =     5660.733]
#[Max     =    29638.656, Total count    =          204]
#[Buckets =           27, SubBuckets     =         2048]
----------------------------------------------------------
  307 requests in 30.26s, 3.34MB read
  Socket errors: connect 0, read 0, write 0, timeout 1073
Requests/sec:     10.15
Transfer/sec:    113.15KB

wrk -t2 -c100 -d30s -R2000 --latency http://10.0.0.251:80/lu/30

Running 30s test @ http://10.0.0.251:80/lu/30
  2 threads and 100 connections
  Thread calibration: mean lat.: 9564.160ms, rate sampling interval: 19136ms
  Thread calibration: mean lat.: 9981.952ms, rate sampling interval: 19972ms
  Thread Stats   Avg      Stdev     Max   +/- Stdev
    Latency    19.85s     4.49s   29.69s    64.44%
    Req/Sec     3.00      0.00     3.00    100.00%
  Latency Distribution (HdrHistogram - Recorded Latency)
 50.000%   19.09s 
 75.000%   22.56s 
 90.000%   26.95s 
 99.000%   29.49s 
 99.900%   29.70s 
 99.990%   29.70s 
 99.999%   29.70s 
100.000%   29.70s 

  Detailed Percentile spectrum:
       Value   Percentile   TotalCount 1/(1-Percentile)

   10444.799     0.000000            1         1.00
   14598.143     0.100000           14         1.11
   15769.599     0.200000           27         1.25
   16908.287     0.300000           41         1.43
   17956.863     0.400000           54         1.67
   19087.359     0.500000           68         2.00
   19644.415     0.550000           75         2.22
   20463.615     0.600000           81         2.50
   21250.047     0.650000           88         2.86
   21807.103     0.700000           95         3.33
   22642.687     0.750000          102         4.00
   23019.519     0.775000          105         4.44
   23986.175     0.800000          108         5.00
   24821.759     0.825000          112         5.71
   25460.735     0.850000          115         6.67
   26312.703     0.875000          119         8.00
   26525.695     0.887500          120         8.89
   26951.679     0.900000          122        10.00
   27377.663     0.912500          124        11.43
   27590.655     0.925000          125        13.33
   28016.639     0.937500          127        16.00
   28213.247     0.943750          128        17.78
   28426.239     0.950000          129        20.00
   28639.231     0.956250          130        22.86
   28639.231     0.962500          130        26.67
   28852.223     0.968750          131        32.00
   29065.215     0.971875          132        35.56
   29065.215     0.975000          132        40.00
   29278.207     0.978125          133        45.71
   29278.207     0.981250          133        53.33
   29278.207     0.984375          133        64.00
   29491.199     0.985938          134        71.11
   29491.199     0.987500          134        80.00
   29491.199     0.989062          134        91.43
   29491.199     0.990625          134       106.67
   29491.199     0.992188          134       128.00
   29704.191     0.992969          135       142.22
   29704.191     1.000000          135          inf
#[Mean    =    19853.797, StdDeviation   =     4493.068]
#[Max     =    29687.808, Total count    =          135]
#[Buckets =           27, SubBuckets     =         2048]
----------------------------------------------------------
  138 requests in 30.26s, 3.37MB read
  Socket errors: connect 0, read 0, write 0, timeout 1237
Requests/sec:      4.56
Transfer/sec:    114.10KB

wrk -t2 -c100 -d30s -R2000 --latency http://10.0.0.251:80/qr/10

Running 30s test @ http://10.0.0.251:80/qr/10
  2 threads and 100 connections
  Thread calibration: mean lat.: 5133.828ms, rate sampling interval: 17907ms
  Thread calibration: mean lat.: 5130.062ms, rate sampling interval: 17842ms
  Thread Stats   Avg      Stdev     Max   +/- Stdev
    Latency    19.79s     5.61s   29.34s    57.58%
    Req/Sec    16.00      0.00    16.00    100.00%
  Latency Distribution (HdrHistogram - Recorded Latency)
 50.000%   19.86s 
 75.000%   24.67s 
 90.000%   27.51s 
 99.000%   29.18s 
 99.900%   29.34s 
 99.990%   29.36s 
 99.999%   29.36s 
100.000%   29.36s 

  Detailed Percentile spectrum:
       Value   Percentile   TotalCount 1/(1-Percentile)

    9928.703     0.000000            1         1.00
   11911.167     0.100000           66         1.11
   13959.167     0.200000          131         1.25
   15949.823     0.300000          197         1.43
   17858.559     0.400000          262         1.67
   19857.407     0.500000          327         2.00
   20774.911     0.550000          360         2.22
   21790.719     0.600000          392         2.50
   22757.375     0.650000          425         2.86
   23674.879     0.700000          458         3.33
   24674.303     0.750000          490         4.00
   25214.975     0.775000          507         4.44
   25640.959     0.800000          523         5.00
   26083.327     0.825000          539         5.71
   26542.079     0.850000          556         6.67
   27082.751     0.875000          572         8.00
   27246.591     0.887500          580         8.89
   27508.735     0.900000          588        10.00
   27770.879     0.912500          596        11.43
   28065.791     0.925000          605        13.33
   28278.783     0.937500          613        16.00
   28393.471     0.943750          617        17.78
   28491.775     0.950000          621        20.00
   28606.463     0.956250          625        22.86
   28721.151     0.962500          629        26.67
   28819.455     0.968750          633        32.00
   28884.991     0.971875          635        35.56
   28934.143     0.975000          637        40.00
   28983.295     0.978125          639        45.71
   29032.447     0.981250          641        53.33
   29097.983     0.984375          643        64.00
   29130.751     0.985938          644        71.11
   29147.135     0.987500          645        80.00
   29179.903     0.989062          646        91.43
   29196.287     0.990625          647       106.67
   29229.055     0.992188          648       128.00
   29261.823     0.992969          649       142.22
   29261.823     0.993750          649       160.00
   29278.207     0.994531          650       182.86
   29278.207     0.995313          650       213.33
   29310.975     0.996094          651       256.00
   29310.975     0.996484          651       284.44
   29310.975     0.996875          651       320.00
   29343.743     0.997266          652       365.71
   29343.743     0.997656          652       426.67
   29343.743     0.998047          652       512.00
   29343.743     0.998242          652       568.89
   29343.743     0.998437          652       640.00
   29360.127     0.998633          653       731.43
   29360.127     1.000000          653          inf
#[Mean    =    19786.252, StdDeviation   =     5607.092]
#[Max     =    29343.744, Total count    =          653]
#[Buckets =           27, SubBuckets     =         2048]
----------------------------------------------------------
  971 requests in 30.07s, 3.24MB read
  Socket errors: connect 0, read 0, write 0, timeout 451
Requests/sec:     32.30
Transfer/sec:    110.47KB

wrk -t2 -c100 -d30s -R2000 --latency http://10.0.0.251:80/qr/20

Running 30s test @ http://10.0.0.251:80/qr/20
  2 threads and 100 connections
  Thread calibration: mean lat.: 5152.622ms, rate sampling interval: 17940ms
  Thread calibration: mean lat.: 5314.519ms, rate sampling interval: 18153ms
  Thread Stats   Avg      Stdev     Max   +/- Stdev
    Latency    19.95s     5.66s   29.67s    58.05%
    Req/Sec     4.00      0.00     4.00    100.00%
  Latency Distribution (HdrHistogram - Recorded Latency)
 50.000%   19.86s 
 75.000%   24.92s 
 90.000%   27.80s 
 99.000%   29.46s 
 99.900%   29.69s 
 99.990%   29.69s 
 99.999%   29.69s 
100.000%   29.69s 

  Detailed Percentile spectrum:
       Value   Percentile   TotalCount 1/(1-Percentile)

   10076.159     0.000000            1         1.00
   12083.199     0.100000           18         1.11
   14090.239     0.200000           35         1.25
   16080.895     0.300000           53         1.43
   17973.247     0.400000           70         1.67
   19857.407     0.500000           87         2.00
   21004.287     0.550000           96         2.22
   22003.711     0.600000          105         2.50
   23019.519     0.650000          114         2.86
   23920.639     0.700000          122         3.33
   24920.063     0.750000          131         4.00
   25362.431     0.775000          135         4.44
   25919.487     0.800000          140         5.00
   26361.855     0.825000          144         5.71
   26804.223     0.850000          148         6.67
   27361.279     0.875000          153         8.00
   27574.271     0.887500          155         8.89
   27803.647     0.900000          157        10.00
   28033.023     0.912500          159        11.43
   28246.015     0.925000          161        13.33
   28573.695     0.937500          164        16.00
   28688.383     0.943750          165        17.78
   28786.687     0.950000          166        20.00
   28901.375     0.956250          167        22.86
   29016.063     0.962500          168        26.67
   29130.751     0.968750          169        32.00
   29245.439     0.971875          170        35.56
   29245.439     0.975000          170        40.00
   29343.743     0.978125          171        45.71
   29343.743     0.981250          171        53.33
   29458.431     0.984375          172        64.00
   29458.431     0.985938          172        71.11
   29458.431     0.987500          172        80.00
   29573.119     0.989062          173        91.43
   29573.119     0.990625          173       106.67
   29573.119     0.992188          173       128.00
   29573.119     0.992969          173       142.22
   29573.119     0.993750          173       160.00
   29687.807     0.994531          174       182.86
   29687.807     1.000000          174          inf
#[Mean    =    19951.027, StdDeviation   =     5661.620]
#[Max     =    29671.424, Total count    =          174]
#[Buckets =           27, SubBuckets     =         2048]
----------------------------------------------------------
  263 requests in 30.15s, 3.34MB read
  Socket errors: connect 0, read 0, write 0, timeout 1074
Requests/sec:      8.72
Transfer/sec:    113.55KB

wrk -t2 -c100 -d30s -R2000 --latency http://10.0.0.251:80/qr/30

Running 30s test @ http://10.0.0.251:80/qr/30
  2 threads and 100 connections
  Thread calibration: mean lat.: 9223372036854776.000ms, rate sampling interval: 10ms
  Thread calibration: mean lat.: 10055.680ms, rate sampling interval: 20119ms
  Thread Stats   Avg      Stdev     Max   +/- Stdev
    Latency    20.62s     4.79s   29.79s    62.39%
    Req/Sec     3.13     17.53   111.00     96.90%
  Latency Distribution (HdrHistogram - Recorded Latency)
 50.000%   20.45s 
 75.000%   24.67s 
 90.000%   27.34s 
 99.000%   29.54s 
 99.900%   29.80s 
 99.990%   29.80s 
 99.999%   29.80s 
100.000%   29.80s 

  Detailed Percentile spectrum:
       Value   Percentile   TotalCount 1/(1-Percentile)

   10313.727     0.000000            1         1.00
   14721.023     0.100000           12         1.11
   16269.311     0.200000           24         1.25
   17678.335     0.300000           36         1.43
   19038.207     0.400000           47         1.67
   20447.231     0.500000           59         2.00
   21151.743     0.550000           65         2.22
   21856.255     0.600000           71         2.50
   22544.383     0.650000           77         2.86
   23314.431     0.700000           82         3.33
   24674.303     0.750000           88         4.00
   24985.599     0.775000           91         4.44
   25329.663     0.800000           94         5.00
   25690.111     0.825000           97         5.71
   26165.247     0.850000          100         6.67
   27099.135     0.875000          103         8.00
   27295.743     0.887500          104         8.89
   27410.431     0.900000          106        10.00
   27525.119     0.912500          107        11.43
   27754.495     0.925000          109        13.33
   27869.183     0.937500          110        16.00
   28311.551     0.943750          111        17.78
   28557.311     0.950000          112        20.00
   28557.311     0.956250          112        22.86
   28819.455     0.962500          113        26.67
   29048.831     0.968750          114        32.00
   29048.831     0.971875          114        35.56
   29294.591     0.975000          115        40.00
   29294.591     0.978125          115        45.71
   29294.591     0.981250          115        53.33
   29540.351     0.984375          116        64.00
   29540.351     0.985938          116        71.11
   29540.351     0.987500          116        80.00
   29540.351     0.989062          116        91.43
   29540.351     0.990625          116       106.67
   29802.495     0.992188          117       128.00
   29802.495     1.000000          117          inf
#[Mean    =    20624.865, StdDeviation   =     4787.597]
#[Max     =    29786.112, Total count    =          117]
#[Buckets =           27, SubBuckets     =         2048]
----------------------------------------------------------
  119 requests in 30.26s, 3.38MB read
  Socket errors: connect 0, read 0, write 0, timeout 1256
Requests/sec:      3.93
Transfer/sec:    114.52KB

