{'cpu_quotas': 100000, 'cpu_period': 100000, 'cpu_shares': None, 'mem_limit': None, 'memswap_limit': None}

wrk -t2 -c100 -d30s -R2000 --latency http://10.0.0.251:80/mmul/10

Running 30s test @ http://10.0.0.251:80/mmul/10
  2 threads and 100 connections
  Thread calibration: mean lat.: 5711.728ms, rate sampling interval: 17399ms
  Thread calibration: mean lat.: 4245.641ms, rate sampling interval: 16859ms
  Thread Stats   Avg      Stdev     Max   +/- Stdev
    Latency    19.15s     5.52s   28.67s    59.27%
    Req/Sec    26.00      1.00    27.00    100.00%
  Latency Distribution (HdrHistogram - Recorded Latency)
 50.000%   19.28s 
 75.000%   24.28s 
 90.000%   26.69s 
 99.000%   28.52s 
 99.900%   28.66s 
 99.990%   28.69s 
 99.999%   28.69s 
100.000%   28.69s 

  Detailed Percentile spectrum:
       Value   Percentile   TotalCount 1/(1-Percentile)

    9854.975     0.000000            1         1.00
   11837.439     0.100000          107         1.11
   13721.599     0.200000          214         1.25
   15589.375     0.300000          322         1.43
   17448.959     0.400000          429         1.67
   19283.967     0.500000          535         2.00
   19759.103     0.550000          588         2.22
   21118.975     0.600000          641         2.50
   21659.647     0.650000          695         2.86
   23003.135     0.700000          749         3.33
   24281.087     0.750000          802         4.00
   24575.999     0.775000          828         4.44
   24838.143     0.800000          855         5.00
   25067.519     0.825000          884         5.71
   26165.247     0.850000          908         6.67
   26411.007     0.875000          935         8.00
   26574.847     0.887500          949         8.89
   26689.535     0.900000          963        10.00
   26787.839     0.912500          975        11.43
   26902.527     0.925000          989        13.33
   27852.799     0.937500         1002        16.00
   27951.103     0.943750         1009        17.78
   28016.639     0.950000         1015        20.00
   28082.175     0.956250         1023        22.86
   28147.711     0.962500         1028        26.67
   28196.863     0.968750         1035        32.00
   28246.015     0.971875         1040        35.56
   28262.399     0.975000         1042        40.00
   28311.551     0.978125         1045        45.71
   28409.855     0.981250         1049        53.33
   28459.007     0.984375         1052        64.00
   28475.391     0.985938         1054        71.11
   28491.775     0.987500         1055        80.00
   28524.543     0.989062         1057        91.43
   28540.927     0.990625         1058       106.67
   28557.311     0.992188         1060       128.00
   28573.695     0.992969         1061       142.22
   28590.079     0.993750         1062       160.00
   28606.463     0.994531         1063       182.86
   28606.463     0.995313         1063       213.33
   28622.847     0.996094         1065       256.00
   28622.847     0.996484         1065       284.44
   28622.847     0.996875         1065       320.00
   28639.231     0.997266         1066       365.71
   28639.231     0.997656         1066       426.67
   28639.231     0.998047         1066       512.00
   28655.615     0.998242         1067       568.89
   28655.615     0.998437         1067       640.00
   28655.615     0.998633         1067       731.43
   28655.615     0.998828         1067       853.33
   28655.615     0.999023         1067      1024.00
   28688.383     0.999121         1068      1137.78
   28688.383     1.000000         1068          inf
#[Mean    =    19148.213, StdDeviation   =     5519.965]
#[Max     =    28672.000, Total count    =         1068]
#[Buckets =           27, SubBuckets     =         2048]
----------------------------------------------------------
  1554 requests in 30.02s, 3.20MB read
  Socket errors: connect 0, read 0, write 0, timeout 8
Requests/sec:     51.77
Transfer/sec:    109.18KB

wrk -t2 -c100 -d30s -R2000 --latency http://10.0.0.251:80/mmul/20

Running 30s test @ http://10.0.0.251:80/mmul/20
  2 threads and 100 connections
  Thread calibration: mean lat.: 4069.395ms, rate sampling interval: 14090ms
  Thread calibration: mean lat.: 8165.376ms, rate sampling interval: 17989ms
  Thread Stats   Avg      Stdev     Max   +/- Stdev
    Latency    19.45s     5.68s   28.79s    57.84%
    Req/Sec     6.50      0.50     7.00    100.00%
  Latency Distribution (HdrHistogram - Recorded Latency)
 50.000%   19.81s 
 75.000%   23.90s 
 90.000%   27.62s 
 99.000%   28.61s 
 99.900%   28.80s 
 99.990%   28.80s 
 99.999%   28.80s 
100.000%   28.80s 

  Detailed Percentile spectrum:
       Value   Percentile   TotalCount 1/(1-Percentile)

    9265.151     0.000000            1         1.00
   12001.279     0.100000           29         1.11
   13942.783     0.200000           58         1.25
   15138.815     0.300000           87         1.43
   17072.127     0.400000          115         1.67
   19808.255     0.500000          144         2.00
   20774.911     0.550000          158         2.22
   21282.815     0.600000          173         2.50
   21970.943     0.650000          187         2.86
   22937.599     0.700000          201         3.33
   23969.791     0.750000          216         4.00
   25313.279     0.775000          223         4.44
   25772.031     0.800000          230         5.00
   26214.399     0.825000          237         5.71
   26656.767     0.850000          244         6.67
   27164.671     0.875000          252         8.00
   27426.815     0.887500          255         8.89
   27639.807     0.900000          259        10.00
   27787.263     0.912500          262        11.43
   27901.951     0.925000          266        13.33
   28033.023     0.937500          270        16.00
   28049.407     0.943750          271        17.78
   28114.943     0.950000          273        20.00
   28196.863     0.956250          275        22.86
   28262.399     0.962500          277        26.67
   28295.167     0.968750          279        32.00
   28295.167     0.971875          279        35.56
   28327.935     0.975000          280        40.00
   28393.471     0.978125          281        45.71
   28459.007     0.981250          282        53.33
   28540.927     0.984375          283        64.00
   28540.927     0.985938          283        71.11
   28606.463     0.987500          284        80.00
   28606.463     0.989062          284        91.43
   28671.999     0.990625          285       106.67
   28671.999     0.992188          285       128.00
   28671.999     0.992969          285       142.22
   28737.535     0.993750          286       160.00
   28737.535     0.994531          286       182.86
   28737.535     0.995313          286       213.33
   28737.535     0.996094          286       256.00
   28737.535     0.996484          286       284.44
   28803.071     0.996875          287       320.00
   28803.071     1.000000          287          inf
#[Mean    =    19447.180, StdDeviation   =     5678.554]
#[Max     =    28786.688, Total count    =          287]
#[Buckets =           27, SubBuckets     =         2048]
----------------------------------------------------------
  426 requests in 30.26s, 3.29MB read
  Socket errors: connect 0, read 0, write 0, timeout 970
Requests/sec:     14.08
Transfer/sec:    111.37KB

wrk -t2 -c100 -d30s -R2000 --latency http://10.0.0.251:80/mmul/30

Running 30s test @ http://10.0.0.251:80/mmul/30
  2 threads and 100 connections
  Thread calibration: mean lat.: 10194.944ms, rate sampling interval: 20398ms
  Thread calibration: mean lat.: 10162.176ms, rate sampling interval: 20332ms
  Thread Stats   Avg      Stdev     Max   +/- Stdev
    Latency    18.56s     5.02s   29.77s    73.44%
    Req/Sec       -nan      -nan   0.00      0.00%
  Latency Distribution (HdrHistogram - Recorded Latency)
 50.000%   16.53s 
 75.000%   22.45s 
 90.000%   26.77s 
 99.000%   29.47s 
 99.900%   29.79s 
 99.990%   29.79s 
 99.999%   29.79s 
100.000%   29.79s 

  Detailed Percentile spectrum:
       Value   Percentile   TotalCount 1/(1-Percentile)

   10280.959     0.000000            1         1.00
   14000.127     0.100000           20         1.11
   14467.071     0.200000           39         1.25
   14745.599     0.300000           58         1.43
   15032.319     0.400000           77         1.67
   16531.455     0.500000           96         2.00
   17072.127     0.550000          106         2.22
   18268.159     0.600000          116         2.50
   19611.647     0.650000          125         2.86
   21102.591     0.700000          135         3.33
   22446.079     0.750000          144         4.00
   23183.359     0.775000          149         4.44
   23937.023     0.800000          154         5.00
   24674.303     0.825000          159         5.71
   25427.967     0.850000          164         6.67
   26017.791     0.875000          168         8.00
   26460.159     0.887500          171         8.89
   26771.455     0.900000          173        10.00
   27213.823     0.912500          176        11.43
   27508.735     0.925000          178        13.33
   27967.487     0.937500          180        16.00
   28278.783     0.943750          183        17.78
   28278.783     0.950000          183        20.00
   28426.239     0.956250          184        22.86
   28573.695     0.962500          185        26.67
   28721.151     0.968750          186        32.00
   29032.447     0.971875          188        35.56
   29032.447     0.975000          188        40.00
   29032.447     0.978125          188        45.71
   29179.903     0.981250          189        53.33
   29179.903     0.984375          189        64.00
   29474.815     0.985938          190        71.11
   29474.815     0.987500          190        80.00
   29474.815     0.989062          190        91.43
   29622.271     0.990625          191       106.67
   29622.271     0.992188          191       128.00
   29622.271     0.992969          191       142.22
   29622.271     0.993750          191       160.00
   29622.271     0.994531          191       182.86
   29786.111     0.995313          192       213.33
   29786.111     1.000000          192          inf
#[Mean    =    18558.037, StdDeviation   =     5017.897]
#[Max     =    29769.728, Total count    =          192]
#[Buckets =           27, SubBuckets     =         2048]
----------------------------------------------------------
  196 requests in 30.19s, 3.36MB read
  Socket errors: connect 0, read 0, write 0, timeout 1135
Requests/sec:      6.49
Transfer/sec:    114.06KB

wrk -t2 -c100 -d30s -R2000 --latency http://10.0.0.251:80/lu/10

Running 30s test @ http://10.0.0.251:80/lu/10
  2 threads and 100 connections
  Thread calibration: mean lat.: 5152.947ms, rate sampling interval: 18120ms
  Thread calibration: mean lat.: 5126.886ms, rate sampling interval: 18022ms
  Thread Stats   Avg      Stdev     Max   +/- Stdev
    Latency    19.75s     5.58s   29.38s    58.29%
    Req/Sec    19.00      0.00    19.00    100.00%
  Latency Distribution (HdrHistogram - Recorded Latency)
 50.000%   19.81s 
 75.000%   24.61s 
 90.000%   27.44s 
 99.000%   29.11s 
 99.900%   29.38s 
 99.990%   29.39s 
 99.999%   29.39s 
100.000%   29.39s 

  Detailed Percentile spectrum:
       Value   Percentile   TotalCount 1/(1-Percentile)

    9945.087     0.000000            1         1.00
   11968.511     0.100000           76         1.11
   13901.823     0.200000          152         1.25
   15966.207     0.300000          228         1.43
   17825.791     0.400000          304         1.67
   19808.255     0.500000          380         2.00
   20692.991     0.550000          418         2.22
   21774.335     0.600000          456         2.50
   22659.071     0.650000          494         2.86
   23658.495     0.700000          533         3.33
   24608.767     0.750000          570         4.00
   25051.135     0.775000          589         4.44
   25477.119     0.800000          608         5.00
   26066.943     0.825000          627         5.71
   26525.695     0.850000          646         6.67
   27000.831     0.875000          665         8.00
   27230.207     0.887500          675         8.89
   27443.199     0.900000          684        10.00
   27672.575     0.912500          694        11.43
   27885.567     0.925000          703        13.33
   28114.943     0.937500          713        16.00
   28213.247     0.943750          718        17.78
   28459.007     0.950000          722        20.00
   28573.695     0.956250          727        22.86
   28671.999     0.962500          733        26.67
   28737.535     0.968750          737        32.00
   28835.839     0.971875          739        35.56
   28868.607     0.975000          741        40.00
   28934.143     0.978125          744        45.71
   29032.447     0.981250          746        53.33
   29081.599     0.984375          750        64.00
   29081.599     0.985938          750        71.11
   29097.983     0.987500          751        80.00
   29114.367     0.989062          752        91.43
   29130.751     0.990625          754       106.67
   29147.135     0.992188          755       128.00
   29147.135     0.992969          755       142.22
   29294.591     0.993750          756       160.00
   29294.591     0.994531          756       182.86
   29327.359     0.995313          757       213.33
   29343.743     0.996094          758       256.00
   29343.743     0.996484          758       284.44
   29343.743     0.996875          758       320.00
   29343.743     0.997266          758       365.71
   29376.511     0.997656          759       426.67
   29376.511     0.998047          759       512.00
   29376.511     0.998242          759       568.89
   29376.511     0.998437          759       640.00
   29376.511     0.998633          759       731.43
   29392.895     0.998828          760       853.33
   29392.895     1.000000          760          inf
#[Mean    =    19750.815, StdDeviation   =     5584.217]
#[Max     =    29376.512, Total count    =          760]
#[Buckets =           27, SubBuckets     =         2048]
----------------------------------------------------------
  1129 requests in 30.07s, 3.23MB read
  Socket errors: connect 0, read 0, write 0, timeout 312
Requests/sec:     37.54
Transfer/sec:    109.95KB

wrk -t2 -c100 -d30s -R2000 --latency http://10.0.0.251:80/lu/20

Running 30s test @ http://10.0.0.251:80/lu/20
  2 threads and 100 connections
  Thread calibration: mean lat.: 5227.161ms, rate sampling interval: 17743ms
  Thread calibration: mean lat.: 5143.608ms, rate sampling interval: 17940ms
  Thread Stats   Avg      Stdev     Max   +/- Stdev
    Latency    19.94s     5.69s   29.66s    58.05%
    Req/Sec     5.00      0.00     5.00    100.00%
  Latency Distribution (HdrHistogram - Recorded Latency)
 50.000%   19.92s 
 75.000%   24.84s 
 90.000%   27.92s 
 99.000%   29.54s 
 99.900%   29.67s 
 99.990%   29.67s 
 99.999%   29.67s 
100.000%   29.67s 

  Detailed Percentile spectrum:
       Value   Percentile   TotalCount 1/(1-Percentile)

   10067.967     0.000000            1         1.00
   12115.967     0.100000           21         1.11
   13991.935     0.200000           41         1.25
   15974.399     0.300000           62         1.43
   18006.015     0.400000           82         1.67
   19922.943     0.500000          103         2.00
   20987.903     0.550000          113         2.22
   21938.175     0.600000          123         2.50
   22970.367     0.650000          134         2.86
   23904.255     0.700000          144         3.33
   24838.143     0.750000          154         4.00
   25313.279     0.775000          159         4.44
   25788.415     0.800000          164         5.00
   26361.855     0.825000          170         5.71
   26820.607     0.850000          175         6.67
   27295.743     0.875000          180         8.00
   27639.807     0.887500          182         8.89
   27918.335     0.900000          185        10.00
   28065.791     0.912500          188        11.43
   28246.015     0.925000          190        13.33
   28688.383     0.937500          193        16.00
   28770.303     0.943750          194        17.78
   28868.607     0.950000          195        20.00
   29016.063     0.956250          197        22.86
   29065.215     0.962500          198        26.67
   29114.367     0.968750          199        32.00
   29196.287     0.971875          200        35.56
   29196.287     0.975000          200        40.00
   29294.591     0.978125          201        45.71
   29491.199     0.981250          202        53.33
   29491.199     0.984375          202        64.00
   29540.351     0.985938          203        71.11
   29540.351     0.987500          203        80.00
   29540.351     0.989062          203        91.43
   29589.503     0.990625          204       106.67
   29589.503     0.992188          204       128.00
   29589.503     0.992969          204       142.22
   29589.503     0.993750          204       160.00
   29589.503     0.994531          204       182.86
   29671.423     0.995313          205       213.33
   29671.423     1.000000          205          inf
#[Mean    =    19938.249, StdDeviation   =     5692.174]
#[Max     =    29655.040, Total count    =          205]
#[Buckets =           27, SubBuckets     =         2048]
----------------------------------------------------------
  308 requests in 30.19s, 3.35MB read
  Socket errors: connect 0, read 0, write 0, timeout 1033
Requests/sec:     10.20
Transfer/sec:    113.52KB

wrk -t2 -c100 -d30s -R2000 --latency http://10.0.0.251:80/lu/30

Running 30s test @ http://10.0.0.251:80/lu/30
  2 threads and 100 connections
  Thread calibration: mean lat.: 9785.344ms, rate sampling interval: 19578ms
  Thread calibration: mean lat.: 10235.904ms, rate sampling interval: 20479ms
  Thread Stats   Avg      Stdev     Max   +/- Stdev
    Latency    19.89s     4.58s   29.74s    65.44%
    Req/Sec     3.00      0.00     3.00    100.00%
  Latency Distribution (HdrHistogram - Recorded Latency)
 50.000%   19.10s 
 75.000%   23.12s 
 90.000%   26.79s 
 99.000%   29.54s 
 99.900%   29.75s 
 99.990%   29.75s 
 99.999%   29.75s 
100.000%   29.75s 

  Detailed Percentile spectrum:
       Value   Percentile   TotalCount 1/(1-Percentile)

   10387.455     0.000000            1         1.00
   14573.567     0.100000           14         1.11
   15794.175     0.200000           28         1.25
   16924.671     0.300000           41         1.43
   18038.783     0.400000           55         1.67
   19103.743     0.500000           68         2.00
   19660.799     0.550000           75         2.22
   20627.455     0.600000           82         2.50
   21528.575     0.650000           89         2.86
   22282.239     0.700000           96         3.33
   23117.823     0.750000          103         4.00
   23658.495     0.775000          106         4.44
   23871.487     0.800000          109         5.00
   24887.295     0.825000          113         5.71
   25526.271     0.850000          116         6.67
   26148.863     0.875000          119         8.00
   26574.847     0.887500          121         8.89
   27000.831     0.900000          123        10.00
   27426.815     0.912500          125        11.43
   27639.807     0.925000          126        13.33
   28065.791     0.937500          128        16.00
   28262.399     0.943750          129        17.78
   28491.775     0.950000          130        20.00
   28688.383     0.956250          131        22.86
   28688.383     0.962500          131        26.67
   28901.375     0.968750          132        32.00
   29114.367     0.971875          133        35.56
   29114.367     0.975000          133        40.00
   29327.359     0.978125          134        45.71
   29327.359     0.981250          134        53.33
   29327.359     0.984375          134        64.00
   29540.351     0.985938          135        71.11
   29540.351     0.987500          135        80.00
   29540.351     0.989062          135        91.43
   29540.351     0.990625          135       106.67
   29540.351     0.992188          135       128.00
   29753.343     0.992969          136       142.22
   29753.343     1.000000          136          inf
#[Mean    =    19894.182, StdDeviation   =     4575.943]
#[Max     =    29736.960, Total count    =          136]
#[Buckets =           27, SubBuckets     =         2048]
----------------------------------------------------------
  139 requests in 30.26s, 3.38MB read
  Socket errors: connect 0, read 0, write 0, timeout 1236
Requests/sec:      4.59
Transfer/sec:    114.36KB

wrk -t2 -c100 -d30s -R2000 --latency http://10.0.0.251:80/qr/10

Running 30s test @ http://10.0.0.251:80/qr/10
  2 threads and 100 connections
  Thread calibration: mean lat.: 5139.871ms, rate sampling interval: 18022ms
  Thread calibration: mean lat.: 5111.808ms, rate sampling interval: 17956ms
  Thread Stats   Avg      Stdev     Max   +/- Stdev
    Latency    19.79s     5.61s   29.34s    57.58%
    Req/Sec    16.00      0.00    16.00    100.00%
  Latency Distribution (HdrHistogram - Recorded Latency)
 50.000%   19.86s 
 75.000%   24.64s 
 90.000%   27.53s 
 99.000%   29.18s 
 99.900%   29.34s 
 99.990%   29.36s 
 99.999%   29.36s 
100.000%   29.36s 

  Detailed Percentile spectrum:
       Value   Percentile   TotalCount 1/(1-Percentile)

   10076.159     0.000000            1         1.00
   11960.319     0.100000           66         1.11
   13967.359     0.200000          131         1.25
   15892.479     0.300000          196         1.43
   17858.559     0.400000          262         1.67
   19857.407     0.500000          327         2.00
   20758.527     0.550000          360         2.22
   21708.799     0.600000          392         2.50
   22757.375     0.650000          425         2.86
   23674.879     0.700000          458         3.33
   24641.535     0.750000          491         4.00
   25198.591     0.775000          507         4.44
   25640.959     0.800000          523         5.00
   26066.943     0.825000          539         5.71
   26525.695     0.850000          556         6.67
   27099.135     0.875000          572         8.00
   27262.975     0.887500          580         8.89
   27525.119     0.900000          589        10.00
   27721.727     0.912500          596        11.43
   28065.791     0.925000          605        13.33
   28278.783     0.937500          613        16.00
   28393.471     0.943750          617        17.78
   28491.775     0.950000          621        20.00
   28606.463     0.956250          625        22.86
   28721.151     0.962500          629        26.67
   28819.455     0.968750          633        32.00
   28868.607     0.971875          635        35.56
   28934.143     0.975000          637        40.00
   28983.295     0.978125          639        45.71
   29032.447     0.981250          641        53.33
   29097.983     0.984375          643        64.00
   29114.367     0.985938          644        71.11
   29147.135     0.987500          645        80.00
   29179.903     0.989062          646        91.43
   29196.287     0.990625          647       106.67
   29229.055     0.992188          648       128.00
   29261.823     0.992969          649       142.22
   29261.823     0.993750          649       160.00
   29278.207     0.994531          650       182.86
   29278.207     0.995313          650       213.33
   29310.975     0.996094          651       256.00
   29310.975     0.996484          651       284.44
   29310.975     0.996875          651       320.00
   29343.743     0.997266          652       365.71
   29343.743     0.997656          652       426.67
   29343.743     0.998047          652       512.00
   29343.743     0.998242          652       568.89
   29343.743     0.998437          652       640.00
   29360.127     0.998633          653       731.43
   29360.127     1.000000          653          inf
#[Mean    =    19786.478, StdDeviation   =     5607.141]
#[Max     =    29343.744, Total count    =          653]
#[Buckets =           27, SubBuckets     =         2048]
----------------------------------------------------------
  972 requests in 30.04s, 3.25MB read
  Socket errors: connect 0, read 0, write 0, timeout 452
Requests/sec:     32.36
Transfer/sec:    110.69KB

wrk -t2 -c100 -d30s -R2000 --latency http://10.0.0.251:80/qr/20

Running 30s test @ http://10.0.0.251:80/qr/20
  2 threads and 100 connections
  Thread calibration: mean lat.: 5174.575ms, rate sampling interval: 17727ms
  Thread calibration: mean lat.: 5300.663ms, rate sampling interval: 18169ms
  Thread Stats   Avg      Stdev     Max   +/- Stdev
    Latency    19.96s     5.67s   29.70s    58.05%
    Req/Sec     4.00      0.00     4.00    100.00%
  Latency Distribution (HdrHistogram - Recorded Latency)
 50.000%   19.86s 
 75.000%   24.92s 
 90.000%   27.84s 
 99.000%   29.49s 
 99.900%   29.72s 
 99.990%   29.72s 
 99.999%   29.72s 
100.000%   29.72s 

  Detailed Percentile spectrum:
       Value   Percentile   TotalCount 1/(1-Percentile)

   10239.999     0.000000            1         1.00
   12140.543     0.100000           18         1.11
   14082.047     0.200000           35         1.25
   16089.087     0.300000           53         1.43
   17973.247     0.400000           70         1.67
   19857.407     0.500000           87         2.00
   21004.287     0.550000           96         2.22
   21856.255     0.600000          105         2.50
   22904.831     0.650000          114         2.86
   23756.799     0.700000          122         3.33
   24920.063     0.750000          131         4.00
   25362.431     0.775000          135         4.44
   25919.487     0.800000          140         5.00
   26394.623     0.825000          144         5.71
   26836.991     0.850000          148         6.67
   27394.047     0.875000          153         8.00
   27623.423     0.887500          155         8.89
   27836.415     0.900000          157        10.00
   28065.791     0.912500          159        11.43
   28278.783     0.925000          161        13.33
   28606.463     0.937500          164        16.00
   28721.151     0.943750          165        17.78
   28835.839     0.950000          166        20.00
   28934.143     0.956250          167        22.86
   29048.831     0.962500          168        26.67
   29163.519     0.968750          169        32.00
   29278.207     0.971875          170        35.56
   29278.207     0.975000          170        40.00
   29392.895     0.978125          171        45.71
   29392.895     0.981250          171        53.33
   29491.199     0.984375          172        64.00
   29491.199     0.985938          172        71.11
   29491.199     0.987500          172        80.00
   29605.887     0.989062          173        91.43
   29605.887     0.990625          173       106.67
   29605.887     0.992188          173       128.00
   29605.887     0.992969          173       142.22
   29605.887     0.993750          173       160.00
   29720.575     0.994531          174       182.86
   29720.575     1.000000          174          inf
#[Mean    =    19955.688, StdDeviation   =     5673.004]
#[Max     =    29704.192, Total count    =          174]
#[Buckets =           27, SubBuckets     =         2048]
----------------------------------------------------------
  263 requests in 30.18s, 3.34MB read
  Socket errors: connect 0, read 0, write 0, timeout 1075
Requests/sec:      8.71
Transfer/sec:    113.43KB

wrk -t2 -c100 -d30s -R2000 --latency http://10.0.0.251:80/qr/30

Running 30s test @ http://10.0.0.251:80/qr/30
  2 threads and 100 connections
  Thread calibration: mean lat.: 10063.872ms, rate sampling interval: 20135ms
  Thread calibration: mean lat.: 10194.944ms, rate sampling interval: 20398ms
  Thread Stats   Avg      Stdev     Max   +/- Stdev
    Latency    20.71s     4.62s   29.77s    62.07%
    Req/Sec       -nan      -nan   0.00      0.00%
  Latency Distribution (HdrHistogram - Recorded Latency)
 50.000%   20.43s 
 75.000%   24.49s 
 90.000%   26.76s 
 99.000%   29.54s 
 99.900%   29.79s 
 99.990%   29.79s 
 99.999%   29.79s 
100.000%   29.79s 

  Detailed Percentile spectrum:
       Value   Percentile   TotalCount 1/(1-Percentile)

   10428.415     0.000000            1         1.00
   14819.327     0.100000           12         1.11
   16457.727     0.200000           24         1.25
   17743.871     0.300000           35         1.43
   19152.895     0.400000           47         1.67
   20430.847     0.500000           58         2.00
   21135.359     0.550000           64         2.22
   21839.871     0.600000           70         2.50
   22544.383     0.650000           76         2.86
   23805.951     0.700000           82         3.33
   24494.079     0.750000           87         4.00
   24838.143     0.775000           90         4.44
   25198.591     0.800000           93         5.00
   25870.335     0.825000           96         5.71
   26165.247     0.850000           99         6.67
   26509.311     0.875000          102         8.00
   26640.383     0.887500          103         8.89
   26869.759     0.900000          105        10.00
   27312.127     0.912500          106        11.43
   27803.647     0.925000          108        13.33
   28049.407     0.937500          109        16.00
   28311.551     0.943750          110        17.78
   28540.927     0.950000          111        20.00
   28540.927     0.956250          111        22.86
   28803.071     0.962500          112        26.67
   29048.831     0.968750          113        32.00
   29048.831     0.971875          113        35.56
   29294.591     0.975000          114        40.00
   29294.591     0.978125          114        45.71
   29294.591     0.981250          114        53.33
   29540.351     0.984375          115        64.00
   29540.351     0.985938          115        71.11
   29540.351     0.987500          115        80.00
   29540.351     0.989062          115        91.43
   29540.351     0.990625          115       106.67
   29786.111     0.992188          116       128.00
   29786.111     1.000000          116          inf
#[Mean    =    20713.331, StdDeviation   =     4624.774]
#[Max     =    29769.728, Total count    =          116]
#[Buckets =           27, SubBuckets     =         2048]
----------------------------------------------------------
  119 requests in 30.25s, 3.38MB read
  Socket errors: connect 0, read 0, write 0, timeout 1255
Requests/sec:      3.93
Transfer/sec:    114.52KB

