{'cpu_quotas': 25000, 'cpu_period': 100000, 'cpu_shares': None, 'mem_limit': None, 'memswap_limit': None}

wrk -t2 -c100 -d30s -R2000 --latency http://10.0.0.251:80/mmul/10

Running 30s test @ http://10.0.0.251:80/mmul/10
  2 threads and 100 connections
  Thread calibration: mean lat.: 5170.418ms, rate sampling interval: 17842ms
  Thread calibration: mean lat.: 5140.685ms, rate sampling interval: 17825ms
  Thread Stats   Avg      Stdev     Max   +/- Stdev
    Latency    19.71s     5.47s   29.03s    58.94%
    Req/Sec    26.00      0.00    26.00    100.00%
  Latency Distribution (HdrHistogram - Recorded Latency)
 50.000%   19.74s 
 75.000%   24.38s 
 90.000%   27.23s 
 99.000%   28.97s 
 99.900%   29.05s 
 99.990%   29.05s 
 99.999%   29.05s 
100.000%   29.05s 

  Detailed Percentile spectrum:
       Value   Percentile   TotalCount 1/(1-Percentile)

    9986.047     0.000000            1         1.00
   12206.079     0.100000          106         1.11
   14172.159     0.200000          211         1.25
   16048.127     0.300000          316         1.43
   17907.711     0.400000          421         1.67
   19742.719     0.500000          527         2.00
   20676.607     0.550000          580         2.22
   21577.727     0.600000          632         2.50
   22527.999     0.650000          684         2.86
   23494.655     0.700000          737         3.33
   24379.391     0.750000          789         4.00
   24969.215     0.775000          816         4.44
   25395.199     0.800000          842         5.00
   25837.567     0.825000          869         5.71
   26345.471     0.850000          895         6.67
   26836.991     0.875000          922         8.00
   26984.447     0.887500          935         8.89
   27230.207     0.900000          948        10.00
   27492.351     0.912500          960        11.43
   27688.959     0.925000          974        13.33
   27918.335     0.937500          987        16.00
   28033.023     0.943750          993        17.78
   28262.399     0.950000         1000        20.00
   28344.319     0.956250         1006        22.86
   28491.775     0.962500         1013        26.67
   28606.463     0.968750         1020        32.00
   28639.231     0.971875         1023        35.56
   28655.615     0.975000         1026        40.00
   28688.383     0.978125         1030        45.71
   28721.151     0.981250         1033        53.33
   28786.687     0.984375         1036        64.00
   28917.759     0.985938         1038        71.11
   28934.143     0.987500         1039        80.00
   28966.911     0.989062         1042        91.43
   28983.295     0.990625         1044       106.67
   28983.295     0.992188         1044       128.00
   28999.679     0.992969         1046       142.22
   28999.679     0.993750         1046       160.00
   29016.063     0.994531         1048       182.86
   29016.063     0.995313         1048       213.33
   29016.063     0.996094         1048       256.00
   29032.447     0.996484         1050       284.44
   29032.447     0.996875         1050       320.00
   29032.447     0.997266         1050       365.71
   29032.447     0.997656         1050       426.67
   29032.447     0.998047         1050       512.00
   29048.831     0.998242         1052       568.89
   29048.831     1.000000         1052          inf
#[Mean    =    19710.890, StdDeviation   =     5473.434]
#[Max     =    29032.448, Total count    =         1052]
#[Buckets =           27, SubBuckets     =         2048]
----------------------------------------------------------
  1542 requests in 30.03s, 3.18MB read
  Socket errors: connect 0, read 0, write 0, timeout 22
Requests/sec:     51.35
Transfer/sec:    108.32KB

wrk -t2 -c100 -d30s -R2000 --latency http://10.0.0.251:80/mmul/20

Running 30s test @ http://10.0.0.251:80/mmul/20
  2 threads and 100 connections
  Thread calibration: mean lat.: 5194.148ms, rate sampling interval: 18284ms
  Thread calibration: mean lat.: 5207.330ms, rate sampling interval: 18153ms
  Thread Stats   Avg      Stdev     Max   +/- Stdev
    Latency    19.91s     5.66s   29.70s    57.89%
    Req/Sec     7.00      0.00     7.00    100.00%
  Latency Distribution (HdrHistogram - Recorded Latency)
 50.000%   19.92s 
 75.000%   24.77s 
 90.000%   27.67s 
 99.000%   29.52s 
 99.900%   29.72s 
 99.990%   29.72s 
 99.999%   29.72s 
100.000%   29.72s 

  Detailed Percentile spectrum:
       Value   Percentile   TotalCount 1/(1-Percentile)

   10141.695     0.000000            1         1.00
   12009.471     0.100000           29         1.11
   13926.399     0.200000           57         1.25
   16048.127     0.300000           86         1.43
   17924.095     0.400000          114         1.67
   19922.943     0.500000          143         2.00
   20807.679     0.550000          157         2.22
   21905.407     0.600000          171         2.50
   22921.215     0.650000          186         2.86
   23855.103     0.700000          200         3.33
   24772.607     0.750000          214         4.00
   25247.743     0.775000          221         4.44
   25722.879     0.800000          228         5.00
   26263.551     0.825000          236         5.71
   26787.839     0.850000          243         6.67
   27213.823     0.875000          250         8.00
   27492.351     0.887500          253         8.89
   27672.575     0.900000          257        10.00
   28016.639     0.912500          261        11.43
   28311.551     0.925000          264        13.33
   28491.775     0.937500          268        16.00
   28508.159     0.943750          269        17.78
   28770.303     0.950000          271        20.00
   28835.839     0.956250          273        22.86
   28901.375     0.962500          275        26.67
   29032.447     0.968750          277        32.00
   29032.447     0.971875          277        35.56
   29261.823     0.975000          278        40.00
   29310.975     0.978125          279        45.71
   29392.895     0.981250          280        53.33
   29458.431     0.984375          281        64.00
   29458.431     0.985938          281        71.11
   29523.967     0.987500          282        80.00
   29523.967     0.989062          282        91.43
   29589.503     0.990625          283       106.67
   29589.503     0.992188          283       128.00
   29589.503     0.992969          283       142.22
   29655.039     0.993750          284       160.00
   29655.039     0.994531          284       182.86
   29655.039     0.995313          284       213.33
   29655.039     0.996094          284       256.00
   29655.039     0.996484          284       284.44
   29720.575     0.996875          285       320.00
   29720.575     1.000000          285          inf
#[Mean    =    19906.445, StdDeviation   =     5660.354]
#[Max     =    29704.192, Total count    =          285]
#[Buckets =           27, SubBuckets     =         2048]
----------------------------------------------------------
  429 requests in 30.11s, 3.31MB read
  Socket errors: connect 0, read 0, write 0, timeout 925
Requests/sec:     14.25
Transfer/sec:    112.71KB

wrk -t2 -c100 -d30s -R2000 --latency http://10.0.0.251:80/mmul/30

Running 30s test @ http://10.0.0.251:80/mmul/30
  2 threads and 100 connections
  Thread calibration: mean lat.: 7387.679ms, rate sampling interval: 16441ms
  Thread calibration: mean lat.: 9223372036854776.000ms, rate sampling interval: 10ms
  Thread Stats   Avg      Stdev     Max   +/- Stdev
    Latency    21.71s     3.86s   29.72s    62.50%
    Req/Sec     2.60     15.95   111.00     97.39%
  Latency Distribution (HdrHistogram - Recorded Latency)
 50.000%   21.40s 
 75.000%   24.28s 
 90.000%   27.53s 
 99.000%   29.44s 
 99.900%   29.74s 
 99.990%   29.74s 
 99.999%   29.74s 
100.000%   29.74s 

  Detailed Percentile spectrum:
       Value   Percentile   TotalCount 1/(1-Percentile)

   12017.663     0.000000            1         1.00
   16244.735     0.100000           15         1.11
   18300.927     0.200000           29         1.25
   20660.223     0.300000           45         1.43
   21020.671     0.400000           58         1.67
   21397.503     0.500000           72         2.00
   21741.567     0.550000           80         2.22
   21954.559     0.600000           87         2.50
   22167.551     0.650000           94         2.86
   22495.231     0.700000          101         3.33
   24281.087     0.750000          109         4.00
   24870.911     0.775000          112         4.44
   25460.735     0.800000          116         5.00
   25903.103     0.825000          119         5.71
   26492.927     0.850000          123         6.67
   26935.295     0.875000          126         8.00
   27230.207     0.887500          128         8.89
   27525.119     0.900000          130        10.00
   27820.031     0.912500          132        11.43
   28114.943     0.925000          134        13.33
   28262.399     0.937500          135        16.00
   28409.855     0.943750          136        17.78
   28557.311     0.950000          137        20.00
   28704.767     0.956250          138        22.86
   28852.223     0.962500          139        26.67
   28999.679     0.968750          140        32.00
   28999.679     0.971875          140        35.56
   29294.591     0.975000          142        40.00
   29294.591     0.978125          142        45.71
   29294.591     0.981250          142        53.33
   29294.591     0.984375          142        64.00
   29294.591     0.985938          142        71.11
   29442.047     0.987500          143        80.00
   29442.047     0.989062          143        91.43
   29442.047     0.990625          143       106.67
   29442.047     0.992188          143       128.00
   29442.047     0.992969          143       142.22
   29736.959     0.993750          144       160.00
   29736.959     1.000000          144          inf
#[Mean    =    21707.662, StdDeviation   =     3862.570]
#[Max     =    29720.576, Total count    =          144]
#[Buckets =           27, SubBuckets     =         2048]
----------------------------------------------------------
  194 requests in 30.26s, 3.33MB read
  Socket errors: connect 0, read 0, write 0, timeout 1178
Requests/sec:      6.41
Transfer/sec:    112.66KB

wrk -t2 -c100 -d30s -R2000 --latency http://10.0.0.251:80/lu/10

Running 30s test @ http://10.0.0.251:80/lu/10
  2 threads and 100 connections
  Thread calibration: mean lat.: 5139.365ms, rate sampling interval: 18120ms
  Thread calibration: mean lat.: 5130.140ms, rate sampling interval: 18071ms
  Thread Stats   Avg      Stdev     Max   +/- Stdev
    Latency    19.75s     5.59s   29.33s    58.16%
    Req/Sec    19.00      0.00    19.00    100.00%
  Latency Distribution (HdrHistogram - Recorded Latency)
 50.000%   19.81s 
 75.000%   24.61s 
 90.000%   27.44s 
 99.000%   29.21s 
 99.900%   29.33s 
 99.990%   29.34s 
 99.999%   29.34s 
100.000%   29.34s 

  Detailed Percentile spectrum:
       Value   Percentile   TotalCount 1/(1-Percentile)

    9961.471     0.000000            1         1.00
   11976.703     0.100000           76         1.11
   14000.127     0.200000          152         1.25
   15892.479     0.300000          228         1.43
   17825.791     0.400000          304         1.67
   19808.255     0.500000          380         2.00
   20709.375     0.550000          418         2.22
   21741.567     0.600000          456         2.50
   22659.071     0.650000          494         2.86
   23609.343     0.700000          532         3.33
   24608.767     0.750000          570         4.00
   25051.135     0.775000          589         4.44
   25493.503     0.800000          608         5.00
   25985.023     0.825000          627         5.71
   26460.159     0.850000          647         6.67
   27000.831     0.875000          665         8.00
   27230.207     0.887500          675         8.89
   27443.199     0.900000          684        10.00
   27672.575     0.912500          694        11.43
   27885.567     0.925000          703        13.33
   28114.943     0.937500          713        16.00
   28229.631     0.943750          718        17.78
   28409.855     0.950000          722        20.00
   28491.775     0.956250          727        22.86
   28622.847     0.962500          732        26.67
   28852.223     0.968750          737        32.00
   28868.607     0.971875          739        35.56
   28901.375     0.975000          741        40.00
   28934.143     0.978125          745        45.71
   28966.911     0.981250          747        53.33
   28983.295     0.984375          749        64.00
   29016.063     0.985938          750        71.11
   29179.903     0.987500          751        80.00
   29212.671     0.989062          752        91.43
   29229.055     0.990625          754       106.67
   29261.823     0.992188          756       128.00
   29261.823     0.992969          756       142.22
   29261.823     0.993750          756       160.00
   29261.823     0.994531          756       182.86
   29278.207     0.995313          757       213.33
   29310.975     0.996094          758       256.00
   29310.975     0.996484          758       284.44
   29310.975     0.996875          758       320.00
   29310.975     0.997266          758       365.71
   29327.359     0.997656          759       426.67
   29327.359     0.998047          759       512.00
   29327.359     0.998242          759       568.89
   29327.359     0.998437          759       640.00
   29327.359     0.998633          759       731.43
   29343.743     0.998828          760       853.33
   29343.743     1.000000          760          inf
#[Mean    =    19749.963, StdDeviation   =     5585.269]
#[Max     =    29327.360, Total count    =          760]
#[Buckets =           27, SubBuckets     =         2048]
----------------------------------------------------------
  1126 requests in 30.05s, 3.22MB read
  Socket errors: connect 0, read 0, write 0, timeout 315
Requests/sec:     37.47
Transfer/sec:    109.78KB

wrk -t2 -c100 -d30s -R2000 --latency http://10.0.0.251:80/lu/20

Running 30s test @ http://10.0.0.251:80/lu/20
  2 threads and 100 connections
  Thread calibration: mean lat.: 5120.519ms, rate sampling interval: 17514ms
  Thread calibration: mean lat.: 5230.024ms, rate sampling interval: 18087ms
  Thread Stats   Avg      Stdev     Max   +/- Stdev
    Latency    19.92s     5.67s   29.61s    57.84%
    Req/Sec     5.00      0.00     5.00    100.00%
  Latency Distribution (HdrHistogram - Recorded Latency)
 50.000%   19.89s 
 75.000%   24.81s 
 90.000%   27.77s 
 99.000%   29.52s 
 99.900%   29.62s 
 99.990%   29.62s 
 99.999%   29.62s 
100.000%   29.62s 

  Detailed Percentile spectrum:
       Value   Percentile   TotalCount 1/(1-Percentile)

   10035.199     0.000000            1         1.00
   12132.351     0.100000           21         1.11
   14024.703     0.200000           41         1.25
   15990.783     0.300000           62         1.43
   18038.783     0.400000           82         1.67
   19890.175     0.500000          102         2.00
   21004.287     0.550000          113         2.22
   21954.559     0.600000          123         2.50
   22904.831     0.650000          133         2.86
   23855.103     0.700000          143         3.33
   24805.375     0.750000          153         4.00
   25362.431     0.775000          159         4.44
   25837.567     0.800000          164         5.00
   26312.703     0.825000          169         5.71
   26771.455     0.850000          174         6.67
   27246.591     0.875000          179         8.00
   27672.575     0.887500          182         8.89
   27770.879     0.900000          184        10.00
   28098.559     0.912500          187        11.43
   28196.863     0.925000          189        13.33
   28475.391     0.937500          192        16.00
   28671.999     0.943750          193        17.78
   28737.535     0.950000          194        20.00
   29016.063     0.956250          196        22.86
   29114.367     0.962500          197        26.67
   29196.287     0.968750          198        32.00
   29245.439     0.971875          199        35.56
   29245.439     0.975000          199        40.00
   29294.591     0.978125          200        45.71
   29343.743     0.981250          201        53.33
   29343.743     0.984375          201        64.00
   29523.967     0.985938          202        71.11
   29523.967     0.987500          202        80.00
   29523.967     0.989062          202        91.43
   29589.503     0.990625          203       106.67
   29589.503     0.992188          203       128.00
   29589.503     0.992969          203       142.22
   29589.503     0.993750          203       160.00
   29589.503     0.994531          203       182.86
   29622.271     0.995313          204       213.33
   29622.271     1.000000          204          inf
#[Mean    =    19919.290, StdDeviation   =     5674.333]
#[Max     =    29605.888, Total count    =          204]
#[Buckets =           27, SubBuckets     =         2048]
----------------------------------------------------------
  307 requests in 30.14s, 3.34MB read
  Socket errors: connect 0, read 0, write 0, timeout 1033
Requests/sec:     10.19
Transfer/sec:    113.33KB

wrk -t2 -c100 -d30s -R2000 --latency http://10.0.0.251:80/lu/30

Running 30s test @ http://10.0.0.251:80/lu/30
  2 threads and 100 connections
  Thread calibration: mean lat.: 8231.666ms, rate sampling interval: 19398ms
  Thread calibration: mean lat.: 9223372036854776.000ms, rate sampling interval: 10ms
  Thread Stats   Avg      Stdev     Max   +/- Stdev
    Latency    22.21s     5.68s   28.90s    72.62%
    Req/Sec     1.14     10.53   111.00     98.84%
  Latency Distribution (HdrHistogram - Recorded Latency)
 50.000%   23.33s 
 75.000%   27.20s 
 90.000%   28.15s 
 99.000%   28.82s 
 99.900%   28.92s 
 99.990%   28.92s 
 99.999%   28.92s 
100.000%   28.92s 

  Detailed Percentile spectrum:
       Value   Percentile   TotalCount 1/(1-Percentile)

   10084.351     0.000000            1         1.00
   11132.927     0.100000            9         1.11
   18415.615     0.200000           17         1.25
   19988.479     0.300000           26         1.43
   21659.647     0.400000           34         1.67
   23330.815     0.500000           42         2.00
   24379.391     0.550000           47         2.22
   25214.975     0.600000           51         2.50
   26198.015     0.650000           55         2.86
   26902.527     0.700000           60         3.33
   27197.439     0.750000           63         4.00
   27377.663     0.775000           66         4.44
   27475.967     0.800000           68         5.00
   27574.271     0.825000           70         5.71
   27770.879     0.850000           72         6.67
   27951.103     0.875000           74         8.00
   28049.407     0.887500           75         8.89
   28147.711     0.900000           76        10.00
   28246.015     0.912500           77        11.43
   28344.319     0.925000           78        13.33
   28442.623     0.937500           79        16.00
   28540.927     0.943750           80        17.78
   28540.927     0.950000           80        20.00
   28622.847     0.956250           81        22.86
   28622.847     0.962500           81        26.67
   28721.151     0.968750           82        32.00
   28721.151     0.971875           82        35.56
   28721.151     0.975000           82        40.00
   28819.455     0.978125           83        45.71
   28819.455     0.981250           83        53.33
   28819.455     0.984375           83        64.00
   28819.455     0.985938           83        71.11
   28819.455     0.987500           83        80.00
   28917.759     0.989062           84        91.43
   28917.759     1.000000           84          inf
#[Mean    =    22214.461, StdDeviation   =     5680.495]
#[Max     =    28901.376, Total count    =           84]
#[Buckets =           27, SubBuckets     =         2048]
----------------------------------------------------------
  123 requests in 30.26s, 3.33MB read
  Socket errors: connect 0, read 0, write 0, timeout 1256
Requests/sec:      4.06
Transfer/sec:    112.82KB

wrk -t2 -c100 -d30s -R2000 --latency http://10.0.0.251:80/qr/10

Running 30s test @ http://10.0.0.251:80/qr/10
  2 threads and 100 connections
  Thread calibration: mean lat.: 5146.599ms, rate sampling interval: 17940ms
  Thread calibration: mean lat.: 5108.274ms, rate sampling interval: 17760ms
  Thread Stats   Avg      Stdev     Max   +/- Stdev
    Latency    19.80s     5.61s   29.38s    57.58%
    Req/Sec    16.00      0.00    16.00    100.00%
  Latency Distribution (HdrHistogram - Recorded Latency)
 50.000%   19.87s 
 75.000%   24.76s 
 90.000%   27.49s 
 99.000%   29.20s 
 99.900%   29.36s 
 99.990%   29.39s 
 99.999%   29.39s 
100.000%   29.39s 

  Detailed Percentile spectrum:
       Value   Percentile   TotalCount 1/(1-Percentile)

    9920.511     0.000000            1         1.00
   11902.975     0.100000           66         1.11
   13975.551     0.200000          131         1.25
   15933.439     0.300000          196         1.43
   17858.559     0.400000          262         1.67
   19873.791     0.500000          327         2.00
   20774.911     0.550000          360         2.22
   21856.255     0.600000          392         2.50
   22773.759     0.650000          425         2.86
   23691.263     0.700000          458         3.33
   24756.223     0.750000          490         4.00
   25231.359     0.775000          507         4.44
   25657.343     0.800000          523         5.00
   26099.711     0.825000          539         5.71
   26558.463     0.850000          556         6.67
   27148.287     0.875000          572         8.00
   27295.743     0.887500          580         8.89
   27492.351     0.900000          588        10.00
   27770.879     0.912500          596        11.43
   28082.175     0.925000          605        13.33
   28295.167     0.937500          613        16.00
   28409.855     0.943750          617        17.78
   28524.543     0.950000          621        20.00
   28622.847     0.956250          625        22.86
   28737.535     0.962500          629        26.67
   28852.223     0.968750          633        32.00
   28901.375     0.971875          635        35.56
   28950.527     0.975000          637        40.00
   28999.679     0.978125          639        45.71
   29065.215     0.981250          641        53.33
   29114.367     0.984375          643        64.00
   29147.135     0.985938          644        71.11
   29163.519     0.987500          645        80.00
   29196.287     0.989062          646        91.43
   29229.055     0.990625          647       106.67
   29245.439     0.992188          648       128.00
   29278.207     0.992969          649       142.22
   29278.207     0.993750          649       160.00
   29310.975     0.994531          650       182.86
   29310.975     0.995313          650       213.33
   29327.359     0.996094          651       256.00
   29327.359     0.996484          651       284.44
   29327.359     0.996875          651       320.00
   29360.127     0.997266          652       365.71
   29360.127     0.997656          652       426.67
   29360.127     0.998047          652       512.00
   29360.127     0.998242          652       568.89
   29360.127     0.998437          652       640.00
   29392.895     0.998633          653       731.43
   29392.895     1.000000          653          inf
#[Mean    =    19795.554, StdDeviation   =     5614.793]
#[Max     =    29376.512, Total count    =          653]
#[Buckets =           27, SubBuckets     =         2048]
----------------------------------------------------------
  970 requests in 30.05s, 3.24MB read
  Socket errors: connect 0, read 0, write 0, timeout 454
Requests/sec:     32.28
Transfer/sec:    110.43KB

wrk -t2 -c100 -d30s -R2000 --latency http://10.0.0.251:80/qr/20

Running 30s test @ http://10.0.0.251:80/qr/20
  2 threads and 100 connections
  Thread calibration: mean lat.: 5171.036ms, rate sampling interval: 17727ms
  Thread calibration: mean lat.: 5312.942ms, rate sampling interval: 18399ms
  Thread Stats   Avg      Stdev     Max   +/- Stdev
    Latency    19.96s     5.67s   29.69s    58.05%
    Req/Sec     4.00      0.00     4.00    100.00%
  Latency Distribution (HdrHistogram - Recorded Latency)
 50.000%   19.86s 
 75.000%   24.94s 
 90.000%   27.84s 
 99.000%   29.49s 
 99.900%   29.70s 
 99.990%   29.70s 
 99.999%   29.70s 
100.000%   29.70s 

  Detailed Percentile spectrum:
       Value   Percentile   TotalCount 1/(1-Percentile)

   10108.927     0.000000            1         1.00
   12148.735     0.100000           18         1.11
   14098.431     0.200000           35         1.25
   16089.087     0.300000           53         1.43
   17973.247     0.400000           70         1.67
   19857.407     0.500000           87         2.00
   21004.287     0.550000           96         2.22
   21905.407     0.600000          105         2.50
   22872.063     0.650000          114         2.86
   23937.023     0.700000          122         3.33
   24936.447     0.750000          131         4.00
   25378.815     0.775000          135         4.44
   25935.871     0.800000          140         5.00
   26378.239     0.825000          144         5.71
   26836.991     0.850000          148         6.67
   27377.663     0.875000          153         8.00
   27607.039     0.887500          155         8.89
   27836.415     0.900000          157        10.00
   28049.407     0.912500          159        11.43
   28278.783     0.925000          161        13.33
   28606.463     0.937500          164        16.00
   28721.151     0.943750          165        17.78
   28819.455     0.950000          166        20.00
   28934.143     0.956250          167        22.86
   29048.831     0.962500          168        26.67
   29163.519     0.968750          169        32.00
   29261.823     0.971875          170        35.56
   29261.823     0.975000          170        40.00
   29376.511     0.978125          171        45.71
   29376.511     0.981250          171        53.33
   29491.199     0.984375          172        64.00
   29491.199     0.985938          172        71.11
   29491.199     0.987500          172        80.00
   29605.887     0.989062          173        91.43
   29605.887     0.990625          173       106.67
   29605.887     0.992188          173       128.00
   29605.887     0.992969          173       142.22
   29605.887     0.993750          173       160.00
   29704.191     0.994531          174       182.86
   29704.191     1.000000          174          inf
#[Mean    =    19959.031, StdDeviation   =     5673.057]
#[Max     =    29687.808, Total count    =          174]
#[Buckets =           27, SubBuckets     =         2048]
----------------------------------------------------------
  262 requests in 30.25s, 3.34MB read
  Socket errors: connect 0, read 0, write 0, timeout 1116
Requests/sec:      8.66
Transfer/sec:    113.01KB

wrk -t2 -c100 -d30s -R2000 --latency http://10.0.0.251:80/qr/30

Running 30s test @ http://10.0.0.251:80/qr/30
  2 threads and 100 connections
  Thread calibration: mean lat.: 10178.560ms, rate sampling interval: 20365ms
  Thread calibration: mean lat.: 9223372036854776.000ms, rate sampling interval: 10ms
  Thread Stats   Avg      Stdev     Max   +/- Stdev
    Latency    20.57s     4.68s   29.77s    62.07%
    Req/Sec     3.11     17.48   111.00     96.92%
  Latency Distribution (HdrHistogram - Recorded Latency)
 50.000%   20.32s 
 75.000%   24.12s 
 90.000%   27.08s 
 99.000%   29.54s 
 99.900%   29.79s 
 99.990%   29.79s 
 99.999%   29.79s 
100.000%   29.79s 

  Detailed Percentile spectrum:
       Value   Percentile   TotalCount 1/(1-Percentile)

   10313.727     0.000000            1         1.00
   14778.367     0.100000           12         1.11
   16293.887     0.200000           24         1.25
   17580.031     0.300000           35         1.43
   19038.207     0.400000           47         1.67
   20316.159     0.500000           58         2.00
   21020.671     0.550000           64         2.22
   21725.183     0.600000           70         2.50
   22413.311     0.650000           76         2.86
   23429.119     0.700000           82         3.33
   24117.247     0.750000           87         4.00
   24461.311     0.775000           90         4.44
   25346.047     0.800000           93         5.00
   25575.423     0.825000           96         5.71
   25919.487     0.850000           99         6.67
   26411.007     0.875000          102         8.00
   26853.375     0.887500          103         8.89
   27508.735     0.900000          105        10.00
   27574.271     0.912500          106        11.43
   27738.111     0.925000          108        13.33
   27852.799     0.937500          109        16.00
   28295.167     0.943750          110        17.78
   28540.927     0.950000          111        20.00
   28540.927     0.956250          111        22.86
   28786.687     0.962500          112        26.67
   29032.447     0.968750          113        32.00
   29032.447     0.971875          113        35.56
   29278.207     0.975000          114        40.00
   29278.207     0.978125          114        45.71
   29278.207     0.981250          114        53.33
   29540.351     0.984375          115        64.00
   29540.351     0.985938          115        71.11
   29540.351     0.987500          115        80.00
   29540.351     0.989062          115        91.43
   29540.351     0.990625          115       106.67
   29786.111     0.992188          116       128.00
   29786.111     1.000000          116          inf
#[Mean    =    20566.440, StdDeviation   =     4675.059]
#[Max     =    29769.728, Total count    =          116]
#[Buckets =           27, SubBuckets     =         2048]
----------------------------------------------------------
  118 requests in 30.26s, 3.37MB read
  Socket errors: connect 0, read 0, write 0, timeout 1256
Requests/sec:      3.90
Transfer/sec:    114.08KB

