{'cpu_quotas': 50000, 'cpu_period': 100000, 'cpu_shares': None, 'mem_limit': None, 'memswap_limit': None}

wrk -t2 -c100 -d30s -R2000 --latency http://10.0.0.251:80/mmul/10

Running 30s test @ http://10.0.0.251:80/mmul/10
  2 threads and 100 connections
  Thread calibration: mean lat.: 5132.723ms, rate sampling interval: 17989ms
  Thread calibration: mean lat.: 5152.461ms, rate sampling interval: 18055ms
  Thread Stats   Avg      Stdev     Max   +/- Stdev
    Latency    19.70s     5.48s   29.13s    58.44%
    Req/Sec    26.00      0.00    26.00    100.00%
  Latency Distribution (HdrHistogram - Recorded Latency)
 50.000%   19.73s 
 75.000%   24.40s 
 90.000%   27.30s 
 99.000%   28.93s 
 99.900%   29.15s 
 99.990%   29.15s 
 99.999%   29.15s 
100.000%   29.15s 

  Detailed Percentile spectrum:
       Value   Percentile   TotalCount 1/(1-Percentile)

   10018.815     0.000000            1         1.00
   12197.887     0.100000          106         1.11
   14114.815     0.200000          211         1.25
   15982.591     0.300000          317         1.43
   17907.711     0.400000          423         1.67
   19726.335     0.500000          529         2.00
   20643.839     0.550000          580         2.22
   21544.959     0.600000          633         2.50
   22527.999     0.650000          686         2.86
   23494.655     0.700000          738         3.33
   24395.775     0.750000          792         4.00
   24903.679     0.775000          817         4.44
   25395.199     0.800000          844         5.00
   25837.567     0.825000          870         5.71
   26247.167     0.850000          896         6.67
   26820.607     0.875000          923         8.00
   27033.599     0.887500          936         8.89
   27295.743     0.900000          949        10.00
   27492.351     0.912500          962        11.43
   27705.343     0.925000          975        13.33
   27918.335     0.937500          989        16.00
   28016.639     0.943750          995        17.78
   28295.167     0.950000         1002        20.00
   28377.087     0.956250         1009        22.86
   28442.623     0.962500         1016        26.67
   28606.463     0.968750         1023        32.00
   28622.847     0.971875         1025        35.56
   28639.231     0.975000         1028        40.00
   28671.999     0.978125         1032        45.71
   28786.687     0.981250         1035        53.33
   28852.223     0.984375         1039        64.00
   28868.607     0.985938         1041        71.11
   28868.607     0.987500         1041        80.00
   28934.143     0.989062         1043        91.43
   29016.063     0.990625         1045       106.67
   29032.447     0.992188         1046       128.00
   29048.831     0.992969         1047       142.22
   29065.215     0.993750         1048       160.00
   29081.599     0.994531         1049       182.86
   29097.983     0.995313         1051       213.33
   29097.983     0.996094         1051       256.00
   29097.983     0.996484         1051       284.44
   29097.983     0.996875         1051       320.00
   29130.751     0.997266         1052       365.71
   29130.751     0.997656         1052       426.67
   29130.751     0.998047         1052       512.00
   29147.135     0.998242         1054       568.89
   29147.135     1.000000         1054          inf
#[Mean    =    19698.360, StdDeviation   =     5483.091]
#[Max     =    29130.752, Total count    =         1054]
#[Buckets =           27, SubBuckets     =         2048]
----------------------------------------------------------
  1541 requests in 30.03s, 3.17MB read
  Socket errors: connect 0, read 0, write 0, timeout 21
Requests/sec:     51.32
Transfer/sec:    108.23KB

wrk -t2 -c100 -d30s -R2000 --latency http://10.0.0.251:80/mmul/20

Running 30s test @ http://10.0.0.251:80/mmul/20
  2 threads and 100 connections
  Thread calibration: mean lat.: 8175.424ms, rate sampling interval: 18071ms
  Thread calibration: mean lat.: 4063.095ms, rate sampling interval: 14073ms
  Thread Stats   Avg      Stdev     Max   +/- Stdev
    Latency    19.49s     5.67s   28.84s    57.49%
    Req/Sec     6.50      0.50     7.00    100.00%
  Latency Distribution (HdrHistogram - Recorded Latency)
 50.000%   19.84s 
 75.000%   23.95s 
 90.000%   27.62s 
 99.000%   28.64s 
 99.900%   28.85s 
 99.990%   28.85s 
 99.999%   28.85s 
100.000%   28.85s 

  Detailed Percentile spectrum:
       Value   Percentile   TotalCount 1/(1-Percentile)

    9314.303     0.000000            1         1.00
   12042.239     0.100000           29         1.11
   13942.783     0.200000           58         1.25
   15187.967     0.300000           87         1.43
   17104.895     0.400000          115         1.67
   19841.023     0.500000          144         2.00
   20774.911     0.550000          159         2.22
   21282.815     0.600000          173         2.50
   22020.095     0.650000          187         2.86
   22986.751     0.700000          201         3.33
   24018.943     0.750000          216         4.00
   25346.047     0.775000          223         4.44
   25804.799     0.800000          230         5.00
   26247.167     0.825000          237         5.71
   26689.535     0.850000          244         6.67
   27279.359     0.875000          252         8.00
   27492.351     0.887500          255         8.89
   27623.423     0.900000          259        10.00
   27803.647     0.912500          262        11.43
   27885.567     0.925000          266        13.33
   28033.023     0.937500          270        16.00
   28082.175     0.943750          271        17.78
   28131.327     0.950000          273        20.00
   28213.247     0.956250          275        22.86
   28262.399     0.962500          277        26.67
   28344.319     0.968750          279        32.00
   28344.319     0.971875          279        35.56
   28377.087     0.975000          280        40.00
   28442.623     0.978125          281        45.71
   28508.159     0.981250          282        53.33
   28573.695     0.984375          283        64.00
   28573.695     0.985938          283        71.11
   28639.231     0.987500          284        80.00
   28639.231     0.989062          284        91.43
   28721.151     0.990625          285       106.67
   28721.151     0.992188          285       128.00
   28721.151     0.992969          285       142.22
   28786.687     0.993750          286       160.00
   28786.687     0.994531          286       182.86
   28786.687     0.995313          286       213.33
   28786.687     0.996094          286       256.00
   28786.687     0.996484          286       284.44
   28852.223     0.996875          287       320.00
   28852.223     1.000000          287          inf
#[Mean    =    19492.964, StdDeviation   =     5674.334]
#[Max     =    28835.840, Total count    =          287]
#[Buckets =           27, SubBuckets     =         2048]
----------------------------------------------------------
  427 requests in 30.27s, 3.30MB read
  Socket errors: connect 0, read 0, write 0, timeout 970
Requests/sec:     14.11
Transfer/sec:    111.62KB

wrk -t2 -c100 -d30s -R2000 --latency http://10.0.0.251:80/mmul/30

Running 30s test @ http://10.0.0.251:80/mmul/30
  2 threads and 100 connections
  Thread calibration: mean lat.: 9223372036854776.000ms, rate sampling interval: 10ms
  Thread calibration: mean lat.: 9223372036854776.000ms, rate sampling interval: 10ms
  Thread Stats   Avg      Stdev     Max   +/- Stdev
    Latency    18.46s     5.06s   29.61s    72.16%
    Req/Sec     5.20     22.55   111.00     94.92%
  Latency Distribution (HdrHistogram - Recorded Latency)
 50.000%   16.56s 
 75.000%   22.43s 
 90.000%   26.76s 
 99.000%   29.46s 
 99.900%   29.62s 
 99.990%   29.62s 
 99.999%   29.62s 
100.000%   29.62s 

  Detailed Percentile spectrum:
       Value   Percentile   TotalCount 1/(1-Percentile)

   10403.839     0.000000            1         1.00
   13942.783     0.100000           20         1.11
   14327.807     0.200000           39         1.25
   14729.215     0.300000           59         1.43
   15015.935     0.400000           78         1.67
   16564.223     0.500000           97         2.00
   17219.583     0.550000          107         2.22
   18071.551     0.600000          117         2.50
   19595.263     0.650000          127         2.86
   20938.751     0.700000          136         3.33
   22429.695     0.750000          146         4.00
   23166.975     0.775000          151         4.44
   23920.639     0.800000          156         5.00
   24657.919     0.825000          161         5.71
   25264.127     0.850000          165         6.67
   26001.407     0.875000          170         8.00
   26460.159     0.887500          173         8.89
   26755.071     0.900000          175        10.00
   27197.439     0.912500          178        11.43
   27492.351     0.925000          180        13.33
   27787.263     0.937500          182        16.00
   28246.015     0.943750          185        17.78
   28246.015     0.950000          185        20.00
   28393.471     0.956250          186        22.86
   28704.767     0.962500          187        26.67
   28852.223     0.968750          188        32.00
   28999.679     0.971875          189        35.56
   29163.519     0.975000          191        40.00
   29163.519     0.978125          191        45.71
   29163.519     0.981250          191        53.33
   29163.519     0.984375          191        64.00
   29458.431     0.985938          192        71.11
   29458.431     0.987500          192        80.00
   29458.431     0.989062          192        91.43
   29474.815     0.990625          193       106.67
   29474.815     0.992188          193       128.00
   29474.815     0.992969          193       142.22
   29474.815     0.993750          193       160.00
   29474.815     0.994531          193       182.86
   29622.271     0.995313          194       213.33
   29622.271     1.000000          194          inf
#[Mean    =    18456.259, StdDeviation   =     5061.759]
#[Max     =    29605.888, Total count    =          194]
#[Buckets =           27, SubBuckets     =         2048]
----------------------------------------------------------
  195 requests in 30.26s, 3.36MB read
  Socket errors: connect 0, read 0, write 0, timeout 1182
Requests/sec:      6.44
Transfer/sec:    113.62KB

wrk -t2 -c100 -d30s -R2000 --latency http://10.0.0.251:80/lu/10

Running 30s test @ http://10.0.0.251:80/lu/10
  2 threads and 100 connections
  Thread calibration: mean lat.: 5155.869ms, rate sampling interval: 18186ms
  Thread calibration: mean lat.: 5121.912ms, rate sampling interval: 18087ms
  Thread Stats   Avg      Stdev     Max   +/- Stdev
    Latency    19.75s     5.58s   29.38s    58.29%
    Req/Sec    19.00      0.00    19.00    100.00%
  Latency Distribution (HdrHistogram - Recorded Latency)
 50.000%   19.81s 
 75.000%   24.61s 
 90.000%   27.44s 
 99.000%   29.21s 
 99.900%   29.38s 
 99.990%   29.39s 
 99.999%   29.39s 
100.000%   29.39s 

  Detailed Percentile spectrum:
       Value   Percentile   TotalCount 1/(1-Percentile)

    9961.471     0.000000            1         1.00
   11976.703     0.100000           76         1.11
   14000.127     0.200000          152         1.25
   15917.055     0.300000          229         1.43
   17825.791     0.400000          304         1.67
   19808.255     0.500000          380         2.00
   20692.991     0.550000          418         2.22
   21774.335     0.600000          456         2.50
   22659.071     0.650000          494         2.86
   23576.575     0.700000          533         3.33
   24608.767     0.750000          570         4.00
   25051.135     0.775000          589         4.44
   25493.503     0.800000          608         5.00
   26017.791     0.825000          627         5.71
   26476.543     0.850000          647         6.67
   27000.831     0.875000          665         8.00
   27230.207     0.887500          675         8.89
   27443.199     0.900000          684        10.00
   27672.575     0.912500          694        11.43
   27885.567     0.925000          703        13.33
   28114.943     0.937500          713        16.00
   28229.631     0.943750          718        17.78
   28475.391     0.950000          723        20.00
   28524.543     0.956250          727        22.86
   28590.079     0.962500          733        26.67
   28737.535     0.968750          737        32.00
   28868.607     0.971875          739        35.56
   28917.759     0.975000          741        40.00
   28950.527     0.978125          744        45.71
   28983.295     0.981250          747        53.33
   29016.063     0.984375          749        64.00
   29032.447     0.985938          751        71.11
   29032.447     0.987500          751        80.00
   29212.671     0.989062          752        91.43
   29229.055     0.990625          753       106.67
   29278.207     0.992188          755       128.00
   29278.207     0.992969          755       142.22
   29310.975     0.993750          756       160.00
   29310.975     0.994531          756       182.86
   29327.359     0.995313          757       213.33
   29343.743     0.996094          758       256.00
   29343.743     0.996484          758       284.44
   29343.743     0.996875          758       320.00
   29343.743     0.997266          758       365.71
   29376.511     0.997656          759       426.67
   29376.511     0.998047          759       512.00
   29376.511     0.998242          759       568.89
   29376.511     0.998437          759       640.00
   29376.511     0.998633          759       731.43
   29392.895     0.998828          760       853.33
   29392.895     1.000000          760          inf
#[Mean    =    19750.330, StdDeviation   =     5584.605]
#[Max     =    29376.512, Total count    =          760]
#[Buckets =           27, SubBuckets     =         2048]
----------------------------------------------------------
  1127 requests in 30.07s, 3.22MB read
  Socket errors: connect 0, read 0, write 0, timeout 314
Requests/sec:     37.47
Transfer/sec:    109.77KB

wrk -t2 -c100 -d30s -R2000 --latency http://10.0.0.251:80/lu/20

Running 30s test @ http://10.0.0.251:80/lu/20
  2 threads and 100 connections
  Thread calibration: mean lat.: 5128.529ms, rate sampling interval: 17842ms
  Thread calibration: mean lat.: 5234.886ms, rate sampling interval: 18071ms
  Thread Stats   Avg      Stdev     Max   +/- Stdev
    Latency    19.94s     5.69s   29.80s    58.05%
    Req/Sec     5.00      0.00     5.00    100.00%
  Latency Distribution (HdrHistogram - Recorded Latency)
 50.000%   19.86s 
 75.000%   24.85s 
 90.000%   27.77s 
 99.000%   29.47s 
 99.900%   29.82s 
 99.990%   29.82s 
 99.999%   29.82s 
100.000%   29.82s 

  Detailed Percentile spectrum:
       Value   Percentile   TotalCount 1/(1-Percentile)

   10059.775     0.000000            1         1.00
   12107.775     0.100000           21         1.11
   14000.127     0.200000           41         1.25
   15974.399     0.300000           62         1.43
   18006.015     0.400000           82         1.67
   19857.407     0.500000          103         2.00
   20873.215     0.550000          113         2.22
   21921.791     0.600000          123         2.50
   22953.983     0.650000          134         2.86
   23904.255     0.700000          144         3.33
   24854.527     0.750000          154         4.00
   25313.279     0.775000          159         4.44
   25788.415     0.800000          164         5.00
   26345.471     0.825000          170         5.71
   26820.607     0.850000          175         6.67
   27295.743     0.875000          180         8.00
   27639.807     0.887500          182         8.89
   27770.879     0.900000          185        10.00
   28196.863     0.912500          188        11.43
   28295.167     0.925000          190        13.33
   28524.543     0.937500          193        16.00
   28770.303     0.943750          194        17.78
   28868.607     0.950000          195        20.00
   29016.063     0.956250          197        22.86
   29065.215     0.962500          198        26.67
   29097.983     0.968750          199        32.00
   29294.591     0.971875          200        35.56
   29294.591     0.975000          200        40.00
   29343.743     0.978125          201        45.71
   29392.895     0.981250          202        53.33
   29392.895     0.984375          202        64.00
   29474.815     0.985938          203        71.11
   29474.815     0.987500          203        80.00
   29474.815     0.989062          203        91.43
   29573.119     0.990625          204       106.67
   29573.119     0.992188          204       128.00
   29573.119     0.992969          204       142.22
   29573.119     0.993750          204       160.00
   29573.119     0.994531          204       182.86
   29818.879     0.995313          205       213.33
   29818.879     1.000000          205          inf
#[Mean    =    19937.250, StdDeviation   =     5689.312]
#[Max     =    29802.496, Total count    =          205]
#[Buckets =           27, SubBuckets     =         2048]
----------------------------------------------------------
  308 requests in 30.19s, 3.35MB read
  Socket errors: connect 0, read 0, write 0, timeout 1033
Requests/sec:     10.20
Transfer/sec:    113.49KB

wrk -t2 -c100 -d30s -R2000 --latency http://10.0.0.251:80/lu/30

Running 30s test @ http://10.0.0.251:80/lu/30
  2 threads and 100 connections
  Thread calibration: mean lat.: 10121.216ms, rate sampling interval: 20250ms
  Thread calibration: mean lat.: 10219.520ms, rate sampling interval: 20447ms
  Thread Stats   Avg      Stdev     Max   +/- Stdev
    Latency    19.85s     4.57s   29.70s    65.19%
    Req/Sec       -nan      -nan   0.00      0.00%
  Latency Distribution (HdrHistogram - Recorded Latency)
 50.000%   19.09s 
 75.000%   22.92s 
 90.000%   26.97s 
 99.000%   29.51s 
 99.900%   29.72s 
 99.990%   29.72s 
 99.999%   29.72s 
100.000%   29.72s 

  Detailed Percentile spectrum:
       Value   Percentile   TotalCount 1/(1-Percentile)

   10559.487     0.000000            1         1.00
   14565.375     0.100000           14         1.11
   15704.063     0.200000           27         1.25
   16908.287     0.300000           41         1.43
   17956.863     0.400000           54         1.67
   19087.359     0.500000           68         2.00
   19660.799     0.550000           75         2.22
   20414.463     0.600000           81         2.50
   21266.431     0.650000           88         2.86
   22265.855     0.700000           95         3.33
   22921.215     0.750000          102         4.00
   23805.951     0.775000          105         4.44
   23969.791     0.800000          108         5.00
   24854.527     0.825000          112         5.71
   25493.503     0.850000          115         6.67
   26329.087     0.875000          119         8.00
   26542.079     0.887500          120         8.89
   26968.063     0.900000          122        10.00
   27394.047     0.912500          124        11.43
   27607.039     0.925000          125        13.33
   28033.023     0.937500          127        16.00
   28229.631     0.943750          128        17.78
   28442.623     0.950000          129        20.00
   28655.615     0.956250          130        22.86
   28655.615     0.962500          130        26.67
   28868.607     0.968750          131        32.00
   29081.599     0.971875          132        35.56
   29081.599     0.975000          132        40.00
   29294.591     0.978125          133        45.71
   29294.591     0.981250          133        53.33
   29294.591     0.984375          133        64.00
   29507.583     0.985938          134        71.11
   29507.583     0.987500          134        80.00
   29507.583     0.989062          134        91.43
   29507.583     0.990625          134       106.67
   29507.583     0.992188          134       128.00
   29720.575     0.992969          135       142.22
   29720.575     1.000000          135          inf
#[Mean    =    19853.858, StdDeviation   =     4571.551]
#[Max     =    29704.192, Total count    =          135]
#[Buckets =           27, SubBuckets     =         2048]
----------------------------------------------------------
  138 requests in 30.25s, 3.37MB read
  Socket errors: connect 0, read 0, write 0, timeout 1237
Requests/sec:      4.56
Transfer/sec:    114.08KB

wrk -t2 -c100 -d30s -R2000 --latency http://10.0.0.251:80/qr/10

Running 30s test @ http://10.0.0.251:80/qr/10
  2 threads and 100 connections
  Thread calibration: mean lat.: 5635.266ms, rate sampling interval: 15155ms
  Thread calibration: mean lat.: 4600.279ms, rate sampling interval: 18612ms
  Thread Stats   Avg      Stdev     Max   +/- Stdev
    Latency    19.30s     5.61s   29.34s    57.53%
    Req/Sec    16.00      0.00    16.00    100.00%
  Latency Distribution (HdrHistogram - Recorded Latency)
 50.000%   19.07s 
 75.000%   24.40s 
 90.000%   27.28s 
 99.000%   28.38s 
 99.900%   28.57s 
 99.990%   29.36s 
 99.999%   29.36s 
100.000%   29.36s 

  Detailed Percentile spectrum:
       Value   Percentile   TotalCount 1/(1-Percentile)

    9371.647     0.000000            1         1.00
   11911.167     0.100000           66         1.11
   13156.351     0.200000          132         1.25
   15630.335     0.300000          198         1.43
   17809.407     0.400000          263         1.67
   19070.975     0.500000          329         2.00
   20742.143     0.550000          362         2.22
   21495.807     0.600000          396         2.50
   21987.327     0.650000          428         2.86
   23625.727     0.700000          460         3.33
   24395.775     0.750000          494         4.00
   24641.535     0.775000          510         4.44
   24903.679     0.800000          527         5.00
   25264.127     0.825000          543         5.71
   26525.695     0.850000          559         6.67
   26918.911     0.875000          575         8.00
   27181.055     0.887500          584         8.89
   27295.743     0.900000          592        10.00
   27394.047     0.912500          600        11.43
   27508.735     0.925000          608        13.33
   27656.191     0.937500          616        16.00
   27738.111     0.943750          621        17.78
   27787.263     0.950000          625        20.00
   27836.415     0.956250          629        22.86
   27901.951     0.962500          634        26.67
   27983.871     0.968750          637        32.00
   28049.407     0.971875          639        35.56
   28114.943     0.975000          641        40.00
   28164.095     0.978125          643        45.71
   28229.631     0.981250          645        53.33
   28278.783     0.984375          647        64.00
   28311.551     0.985938          648        71.11
   28344.319     0.987500          649        80.00
   28377.087     0.989062          650        91.43
   28409.855     0.990625          651       106.67
   28426.239     0.992188          652       128.00
   28459.007     0.992969          653       142.22
   28459.007     0.993750          653       160.00
   28491.775     0.994531          654       182.86
   28491.775     0.995313          654       213.33
   28524.543     0.996094          655       256.00
   28524.543     0.996484          655       284.44
   28524.543     0.996875          655       320.00
   28573.695     0.997266          656       365.71
   28573.695     0.997656          656       426.67
   28573.695     0.998047          656       512.00
   28573.695     0.998242          656       568.89
   28573.695     0.998437          656       640.00
   29360.127     0.998633          657       731.43
   29360.127     1.000000          657          inf
#[Mean    =    19303.619, StdDeviation   =     5608.811]
#[Max     =    29343.744, Total count    =          657]
#[Buckets =           27, SubBuckets     =         2048]
----------------------------------------------------------
  972 requests in 30.03s, 3.25MB read
  Socket errors: connect 0, read 0, write 0, timeout 457
Requests/sec:     32.36
Transfer/sec:    110.71KB

wrk -t2 -c100 -d30s -R2000 --latency http://10.0.0.251:80/qr/20

Running 30s test @ http://10.0.0.251:80/qr/20
  2 threads and 100 connections
  Thread calibration: mean lat.: 5251.901ms, rate sampling interval: 18382ms
  Thread calibration: mean lat.: 5222.001ms, rate sampling interval: 17940ms
  Thread Stats   Avg      Stdev     Max   +/- Stdev
    Latency    19.94s     5.67s   29.67s    58.05%
    Req/Sec     4.00      0.00     4.00    100.00%
  Latency Distribution (HdrHistogram - Recorded Latency)
 50.000%   19.84s 
 75.000%   24.92s 
 90.000%   27.80s 
 99.000%   29.46s 
 99.900%   29.69s 
 99.990%   29.69s 
 99.999%   29.69s 
100.000%   29.69s 

  Detailed Percentile spectrum:
       Value   Percentile   TotalCount 1/(1-Percentile)

   10084.351     0.000000            1         1.00
   12132.351     0.100000           18         1.11
   14073.855     0.200000           35         1.25
   16064.511     0.300000           53         1.43
   17956.863     0.400000           70         1.67
   19841.023     0.500000           87         2.00
   20987.903     0.550000           96         2.22
   21987.327     0.600000          105         2.50
   22953.983     0.650000          114         2.86
   23904.255     0.700000          122         3.33
   24920.063     0.750000          131         4.00
   25362.431     0.775000          135         4.44
   25919.487     0.800000          140         5.00
   26361.855     0.825000          144         5.71
   26804.223     0.850000          148         6.67
   27361.279     0.875000          153         8.00
   27590.655     0.887500          155         8.89
   27803.647     0.900000          157        10.00
   28033.023     0.912500          159        11.43
   28246.015     0.925000          161        13.33
   28590.079     0.937500          164        16.00
   28688.383     0.943750          165        17.78
   28803.071     0.950000          166        20.00
   28917.759     0.956250          167        22.86
   29016.063     0.962500          168        26.67
   29130.751     0.968750          169        32.00
   29245.439     0.971875          170        35.56
   29245.439     0.975000          170        40.00
   29360.127     0.978125          171        45.71
   29360.127     0.981250          171        53.33
   29458.431     0.984375          172        64.00
   29458.431     0.985938          172        71.11
   29458.431     0.987500          172        80.00
   29573.119     0.989062          173        91.43
   29573.119     0.990625          173       106.67
   29573.119     0.992188          173       128.00
   29573.119     0.992969          173       142.22
   29573.119     0.993750          173       160.00
   29687.807     0.994531          174       182.86
   29687.807     1.000000          174          inf
#[Mean    =    19938.222, StdDeviation   =     5671.277]
#[Max     =    29671.424, Total count    =          174]
#[Buckets =           27, SubBuckets     =         2048]
----------------------------------------------------------
  262 requests in 30.25s, 3.34MB read
  Socket errors: connect 0, read 0, write 0, timeout 1117
Requests/sec:      8.66
Transfer/sec:    113.09KB

wrk -t2 -c100 -d30s -R2000 --latency http://10.0.0.251:80/qr/30

Running 30s test @ http://10.0.0.251:80/qr/30
  2 threads and 100 connections
  Thread calibration: mean lat.: 9223372036854776.000ms, rate sampling interval: 10ms
  Thread calibration: mean lat.: 10178.560ms, rate sampling interval: 20365ms
  Thread Stats   Avg      Stdev     Max   +/- Stdev
    Latency    20.58s     4.56s   29.72s    62.93%
    Req/Sec     3.06     17.34   111.00     96.97%
  Latency Distribution (HdrHistogram - Recorded Latency)
 50.000%   20.32s 
 75.000%   24.17s 
 90.000%   26.69s 
 99.000%   29.47s 
 99.900%   29.74s 
 99.990%   29.74s 
 99.999%   29.74s 
100.000%   29.74s 

  Detailed Percentile spectrum:
       Value   Percentile   TotalCount 1/(1-Percentile)

   10313.727     0.000000            1         1.00
   14819.327     0.100000           12         1.11
   16334.847     0.200000           24         1.25
   17629.183     0.300000           35         1.43
   19038.207     0.400000           47         1.67
   20316.159     0.500000           58         2.00
   21020.671     0.550000           64         2.22
   21708.799     0.600000           70         2.50
   22413.311     0.650000           76         2.86
   23429.119     0.700000           82         3.33
   24166.399     0.750000           87         4.00
   24461.311     0.775000           90         4.44
   25018.367     0.800000           93         5.00
   25346.047     0.825000           96         5.71
   25837.567     0.850000           99         6.67
   26525.695     0.875000          102         8.00
   26574.847     0.887500          103         8.89
   26804.223     0.900000          105        10.00
   27246.591     0.912500          106        11.43
   27754.495     0.925000          108        13.33
   28000.255     0.937500          109        16.00
   28246.015     0.943750          110        17.78
   28491.775     0.950000          111        20.00
   28491.775     0.956250          111        22.86
   28737.535     0.962500          112        26.67
   28983.295     0.968750          113        32.00
   28983.295     0.971875          113        35.56
   29229.055     0.975000          114        40.00
   29229.055     0.978125          114        45.71
   29229.055     0.981250          114        53.33
   29474.815     0.984375          115        64.00
   29474.815     0.985938          115        71.11
   29474.815     0.987500          115        80.00
   29474.815     0.989062          115        91.43
   29474.815     0.990625          115       106.67
   29736.959     0.992188          116       128.00
   29736.959     1.000000          116          inf
#[Mean    =    20578.763, StdDeviation   =     4564.138]
#[Max     =    29720.576, Total count    =          116]
#[Buckets =           27, SubBuckets     =         2048]
----------------------------------------------------------
  118 requests in 30.25s, 3.38MB read
  Socket errors: connect 0, read 0, write 0, timeout 1256
Requests/sec:      3.90
Transfer/sec:    114.32KB

