{'cpu_quotas': 100000, 'cpu_period': 100000, 'cpu_shares': None, 'mem_limit': '1024m', 'memswap_limit': None}

wrk -t2 -c100 -d30s -R2000 --latency http://10.0.0.25:80/mmul/15

Running 30s test @ http://10.0.0.25:80/mmul/15
  2 threads and 100 connections
  Thread calibration: mean lat.: 571.076ms, rate sampling interval: 4612ms
  Thread calibration: mean lat.: 570.996ms, rate sampling interval: 4612ms
  Thread Stats   Avg      Stdev     Max   +/- Stdev
    Latency     2.85s     4.13s   13.39s    79.69%
    Req/Sec   332.38    282.11   821.00     75.00%
  Latency Distribution (HdrHistogram - Recorded Latency)
 50.000%    1.62ms
 75.000%    5.51s 
 90.000%   10.12s 
 99.000%   13.06s 
 99.900%   13.36s 
 99.990%   13.39s 
 99.999%   13.40s 
100.000%   13.40s 

  Detailed Percentile spectrum:
       Value   Percentile   TotalCount 1/(1-Percentile)

       0.060     0.000000            1         1.00
       0.539     0.100000         1275         1.11
       0.802     0.200000         2544         1.25
       1.042     0.300000         3814         1.43
       1.288     0.400000         5084         1.67
       1.622     0.500000         6353         2.00
       2.067     0.550000         6989         2.22
     974.847     0.600000         7623         2.50
    2496.511     0.650000         8258         2.86
    4022.271     0.700000         8893         3.33
    5513.215     0.750000         9529         4.00
    6324.223     0.775000         9846         4.44
    7073.791     0.800000        10164         5.00
    7815.167     0.825000        10481         5.71
    8617.983     0.850000        10799         6.67
    9363.455     0.875000        11119         8.00
    9732.095     0.887500        11275         8.89
   10117.119     0.900000        11436        10.00
   10502.143     0.912500        11595        11.43
   10952.703     0.925000        11759        13.33
   11329.535     0.937500        11911        16.00
   11526.143     0.943750        11990        17.78
   11739.135     0.950000        12074        20.00
   11911.167     0.956250        12150        22.86
   12099.583     0.962500        12231        26.67
   12296.191     0.968750        12310        32.00
   12517.375     0.971875        12351        35.56
   12599.295     0.975000        12387        40.00
   12697.599     0.978125        12430        45.71
   12787.711     0.981250        12468        53.33
   12886.015     0.984375        12508        64.00
   12926.975     0.985938        12528        71.11
   12984.319     0.987500        12550        80.00
   13033.471     0.989062        12569        91.43
   13074.431     0.990625        12586       106.67
   13123.583     0.992188        12607       128.00
   13139.967     0.992969        12615       142.22
   13164.543     0.993750        12627       160.00
   13189.119     0.994531        12638       182.86
   13213.695     0.995313        12646       213.33
   13230.079     0.996094        12655       256.00
   13238.271     0.996484        12661       284.44
   13262.847     0.996875        12665       320.00
   13287.423     0.997266        12672       365.71
   13320.191     0.997656        12678       426.67
   13336.575     0.998047        12682       512.00
   13336.575     0.998242        12682       568.89
   13352.959     0.998437        12687       640.00
   13352.959     0.998633        12687       731.43
   13361.151     0.998828        12692       853.33
   13361.151     0.999023        12692      1024.00
   13369.343     0.999121        12695      1137.78
   13369.343     0.999219        12695      1280.00
   13377.535     0.999316        12697      1462.86
   13377.535     0.999414        12697      1706.67
   13385.727     0.999512        12700      2048.00
   13385.727     0.999561        12700      2275.56
   13385.727     0.999609        12700      2560.00
   13385.727     0.999658        12700      2925.71
   13393.919     0.999707        12703      3413.33
   13393.919     0.999756        12703      4096.00
   13393.919     0.999780        12703      4551.11
   13393.919     0.999805        12703      5120.00
   13393.919     0.999829        12703      5851.43
   13393.919     0.999854        12703      6826.67
   13393.919     0.999878        12703      8192.00
   13393.919     0.999890        12703      9102.22
   13393.919     0.999902        12703     10240.00
   13393.919     0.999915        12703     11702.86
   13402.111     0.999927        12704     13653.33
   13402.111     1.000000        12704          inf
#[Mean    =     2848.454, StdDeviation   =     4129.320]
#[Max     =    13393.920, Total count    =        12704]
#[Buckets =           27, SubBuckets     =         2048]
----------------------------------------------------------
  32998 requests in 30.00s, 32.30MB read
  Socket errors: connect 0, read 0, write 0, timeout 100
  Non-2xx or 3xx responses: 27580
Requests/sec:   1099.80
Transfer/sec:      1.08MB

wrk -t2 -c100 -d30s -R2000 --latency http://10.0.0.25:80/lu/15

Running 30s test @ http://10.0.0.25:80/lu/15
  2 threads and 100 connections
  Thread calibration: mean lat.: 3971.042ms, rate sampling interval: 15171ms
  Thread calibration: mean lat.: 4013.305ms, rate sampling interval: 14262ms
  Thread Stats   Avg      Stdev     Max   +/- Stdev
    Latency    16.77s     4.87s   25.15s    57.17%
    Req/Sec   152.00      0.00   152.00    100.00%
  Latency Distribution (HdrHistogram - Recorded Latency)
 50.000%   16.89s 
 75.000%   21.15s 
 90.000%   23.31s 
 99.000%   24.77s 
 99.900%   25.10s 
 99.990%   25.15s 
 99.999%   25.17s 
100.000%   25.17s 

  Detailed Percentile spectrum:
       Value   Percentile   TotalCount 1/(1-Percentile)

    7905.279     0.000000            1         1.00
    9945.087     0.100000          626         1.11
   11673.599     0.200000         1251         1.25
   13402.111     0.300000         1873         1.43
   15130.623     0.400000         2494         1.67
   16891.903     0.500000         3116         2.00
   17809.407     0.550000         3431         2.22
   18661.375     0.600000         3747         2.50
   19464.191     0.650000         4052         2.86
   20365.311     0.700000         4368         3.33
   21151.743     0.750000         4679         4.00
   21528.575     0.775000         4833         4.44
   21856.255     0.800000         4987         5.00
   22282.239     0.825000         5146         5.71
   22609.919     0.850000         5298         6.67
   22986.751     0.875000         5455         8.00
   23150.591     0.887500         5532         8.89
   23314.431     0.900000         5615        10.00
   23494.655     0.912500         5689        11.43
   23691.263     0.925000         5767        13.33
   23887.871     0.937500         5845        16.00
   23953.407     0.943750         5887        17.78
   24051.711     0.950000         5922        20.00
   24150.015     0.956250         5965        22.86
   24231.935     0.962500         6008        26.67
   24330.239     0.968750         6039        32.00
   24379.391     0.971875         6059        35.56
   24428.543     0.975000         6083        40.00
   24461.311     0.978125         6097        45.71
   24526.847     0.981250         6119        53.33
   24641.535     0.984375         6142        64.00
   24657.919     0.985938         6146        71.11
   24690.687     0.987500         6158        80.00
   24723.455     0.989062         6167        91.43
   24805.375     0.990625         6174       106.67
   24854.527     0.992188         6189       128.00
   24854.527     0.992969         6189       142.22
   24870.911     0.993750         6194       160.00
   24887.295     0.994531         6199       182.86
   24903.679     0.995313         6208       213.33
   24903.679     0.996094         6208       256.00
   24936.447     0.996484         6212       284.44
   24952.831     0.996875         6214       320.00
   24985.599     0.997266         6216       365.71
   25018.367     0.997656         6218       426.67
   25034.751     0.998047         6221       512.00
   25051.135     0.998242         6223       568.89
   25051.135     0.998437         6223       640.00
   25083.903     0.998633         6224       731.43
   25100.287     0.998828         6228       853.33
   25100.287     0.999023         6228      1024.00
   25100.287     0.999121         6228      1137.78
   25100.287     0.999219         6228      1280.00
   25100.287     0.999316         6228      1462.86
   25133.055     0.999414         6229      1706.67
   25133.055     0.999512         6229      2048.00
   25149.439     0.999561         6231      2275.56
   25149.439     0.999609         6231      2560.00
   25149.439     0.999658         6231      2925.71
   25149.439     0.999707         6231      3413.33
   25149.439     0.999756         6231      4096.00
   25149.439     0.999780         6231      4551.11
   25149.439     0.999805         6231      5120.00
   25149.439     0.999829         6231      5851.43
   25165.823     0.999854         6232      6826.67
   25165.823     1.000000         6232          inf
#[Mean    =    16768.802, StdDeviation   =     4873.923]
#[Max     =    25149.440, Total count    =         6232]
#[Buckets =           27, SubBuckets     =         2048]
----------------------------------------------------------
  9246 requests in 30.00s, 57.44MB read
Requests/sec:    308.20
Transfer/sec:      1.91MB

wrk -t2 -c100 -d30s -R2000 --latency http://10.0.0.25:80/qr/15

Running 30s test @ http://10.0.0.25:80/qr/15
  2 threads and 100 connections
  Thread calibration: mean lat.: 3287.142ms, rate sampling interval: 12353ms
  Thread calibration: mean lat.: 3318.020ms, rate sampling interval: 11599ms
  Thread Stats   Avg      Stdev     Max   +/- Stdev
    Latency     -nanus    -nanus   0.00us    0.00%
    Req/Sec     0.00      0.00     0.00    100.00%
  Latency Distribution (HdrHistogram - Recorded Latency)
 50.000%    0.00us
 75.000%    0.00us
 90.000%    0.00us
 99.000%    0.00us
 99.900%    0.00us
 99.990%    0.00us
 99.999%    0.00us
100.000%    0.00us

  Detailed Percentile spectrum:
       Value   Percentile   TotalCount 1/(1-Percentile)

       0.000     1.000000            0          inf
#[Mean    =         -nan, StdDeviation   =         -nan]
#[Max     =        0.000, Total count    =            0]
#[Buckets =           27, SubBuckets     =         2048]
----------------------------------------------------------
  2633 requests in 30.28s, 19.13MB read
  Socket errors: connect 0, read 0, write 0, timeout 1019
Requests/sec:     86.94
Transfer/sec:    646.78KB

