{'cpu_quotas': 300000, 'cpu_period': 100000, 'cpu_shares': None, 'mem_limit': '1024m', 'memswap_limit': None}

wrk -t2 -c100 -d30s -R2000 --latency http://10.0.0.25:80/mmul/15

Running 30s test @ http://10.0.0.25:80/mmul/15
  2 threads and 100 connections
  Thread calibration: mean lat.: 571.732ms, rate sampling interval: 4706ms
  Thread calibration: mean lat.: 585.617ms, rate sampling interval: 4669ms
  Thread Stats   Avg      Stdev     Max   +/- Stdev
    Latency     3.25s     4.38s   13.80s    79.11%
    Req/Sec   308.25    240.04   728.00     75.00%
  Latency Distribution (HdrHistogram - Recorded Latency)
 50.000%    2.89ms
 75.000%    6.50s 
 90.000%   10.78s 
 99.000%   13.50s 
 99.900%   13.75s 
 99.990%   13.80s 
 99.999%   13.81s 
100.000%   13.81s 

  Detailed Percentile spectrum:
       Value   Percentile   TotalCount 1/(1-Percentile)

       0.072     0.000000            1         1.00
       0.904     0.100000         1191         1.11
       1.397     0.200000         2383         1.25
       1.795     0.300000         3575         1.43
       2.223     0.400000         4766         1.67
       2.895     0.500000         5955         2.00
     742.399     0.550000         6550         2.22
    2187.263     0.600000         7144         2.50
    3586.047     0.650000         7739         2.86
    5042.175     0.700000         8335         3.33
    6504.447     0.750000         8931         4.00
    7200.767     0.775000         9228         4.44
    7888.895     0.800000         9525         5.00
    8585.215     0.825000         9823         5.71
    9388.031     0.850000        10124         6.67
   10117.119     0.875000        10419         8.00
   10452.991     0.887500        10570         8.89
   10780.671     0.900000        10717        10.00
   11141.119     0.912500        10870        11.43
   11542.527     0.925000        11015        13.33
   11919.359     0.937500        11166        16.00
   12099.583     0.943750        11239        17.78
   12255.231     0.950000        11312        20.00
   12443.647     0.956250        11391        22.86
   12738.559     0.962500        11460        26.67
   12910.591     0.968750        11534        32.00
   13000.703     0.971875        11572        35.56
   13082.623     0.975000        11609        40.00
   13172.735     0.978125        11646        45.71
   13254.655     0.981250        11685        53.33
   13336.575     0.984375        11720        64.00
   13402.111     0.985938        11744        71.11
   13434.879     0.987500        11758        80.00
   13484.031     0.989062        11782        91.43
   13516.799     0.990625        11797       106.67
   13557.759     0.992188        11813       128.00
   13582.335     0.992969        11823       142.22
   13615.103     0.993750        11835       160.00
   13631.487     0.994531        11842       182.86
   13664.255     0.995313        11856       213.33
   13680.639     0.996094        11863       256.00
   13688.831     0.996484        11869       284.44
   13688.831     0.996875        11869       320.00
   13713.407     0.997266        11874       365.71
   13721.599     0.997656        11880       426.67
   13729.791     0.998047        11883       512.00
   13737.983     0.998242        11886       568.89
   13746.175     0.998437        11890       640.00
   13746.175     0.998633        11890       731.43
   13754.367     0.998828        11894       853.33
   13762.559     0.999023        11896      1024.00
   13762.559     0.999121        11896      1137.78
   13770.751     0.999219        11899      1280.00
   13770.751     0.999316        11899      1462.86
   13778.943     0.999414        11900      1706.67
   13787.135     0.999512        11901      2048.00
   13787.135     0.999561        11901      2275.56
   13795.327     0.999609        11904      2560.00
   13795.327     0.999658        11904      2925.71
   13795.327     0.999707        11904      3413.33
   13795.327     0.999756        11904      4096.00
   13795.327     0.999780        11904      4551.11
   13795.327     0.999805        11904      5120.00
   13795.327     0.999829        11904      5851.43
   13803.519     0.999854        11905      6826.67
   13803.519     0.999878        11905      8192.00
   13803.519     0.999890        11905      9102.22
   13803.519     0.999902        11905     10240.00
   13803.519     0.999915        11905     11702.86
   13811.711     0.999927        11906     13653.33
   13811.711     1.000000        11906          inf
#[Mean    =     3254.346, StdDeviation   =     4377.944]
#[Max     =    13803.520, Total count    =        11906]
#[Buckets =           27, SubBuckets     =         2048]
----------------------------------------------------------
  31305 requests in 30.01s, 32.87MB read
  Socket errors: connect 0, read 0, write 0, timeout 61
  Non-2xx or 3xx responses: 25626
Requests/sec:   1043.12
Transfer/sec:      1.10MB

wrk -t2 -c100 -d30s -R2000 --latency http://10.0.0.25:80/lu/15

Running 30s test @ http://10.0.0.25:80/lu/15
  2 threads and 100 connections
  Thread calibration: mean lat.: 4436.911ms, rate sampling interval: 15613ms
  Thread calibration: mean lat.: 4437.392ms, rate sampling interval: 15597ms
  Thread Stats   Avg      Stdev     Max   +/- Stdev
    Latency    17.21s     4.85s   25.21s    57.45%
    Req/Sec   156.50      0.50   157.00    100.00%
  Latency Distribution (HdrHistogram - Recorded Latency)
 50.000%   17.38s 
 75.000%   21.54s 
 90.000%   23.66s 
 99.000%   24.95s 
 99.900%   25.20s 
 99.990%   25.21s 
 99.999%   25.23s 
100.000%   25.23s 

  Detailed Percentile spectrum:
       Value   Percentile   TotalCount 1/(1-Percentile)

    8609.791     0.000000            3         1.00
   10305.535     0.100000          641         1.11
   12107.775     0.200000         1281         1.25
   13828.095     0.300000         1924         1.43
   15745.023     0.400000         2553         1.67
   17383.423     0.500000         3197         2.00
   18268.159     0.550000         3526         2.22
   19087.359     0.600000         3833         2.50
   20021.247     0.650000         4148         2.86
   20856.831     0.700000         4479         3.33
   21544.959     0.750000         4802         4.00
   21839.871     0.775000         4946         4.44
   22233.087     0.800000         5123         5.00
   22659.071     0.825000         5268         5.71
   22970.367     0.850000         5437         6.67
   23379.967     0.875000         5603         8.00
   23576.575     0.887500         5668         8.89
   23658.495     0.900000         5745        10.00
   23838.719     0.912500         5829        11.43
   24051.711     0.925000         5919        13.33
   24264.703     0.937500         6011        16.00
   24281.087     0.943750         6024        17.78
   24461.311     0.950000         6067        20.00
   24494.079     0.956250         6110        22.86
   24543.231     0.962500         6142        26.67
   24707.071     0.968750         6200        32.00
   24723.455     0.971875         6215        35.56
   24739.839     0.975000         6231        40.00
   24772.607     0.978125         6244        45.71
   24903.679     0.981250         6267        53.33
   24920.063     0.984375         6286        64.00
   24936.447     0.985938         6314        71.11
   24936.447     0.987500         6314        80.00
   24936.447     0.989062         6314        91.43
   24952.831     0.990625         6327       106.67
   24969.215     0.992188         6336       128.00
   24985.599     0.992969         6343       142.22
   24985.599     0.993750         6343       160.00
   25083.903     0.994531         6350       182.86
   25116.671     0.995313         6354       213.33
   25133.055     0.996094         6358       256.00
   25149.439     0.996484         6364       284.44
   25149.439     0.996875         6364       320.00
   25149.439     0.997266         6364       365.71
   25165.823     0.997656         6368       426.67
   25182.207     0.998047         6370       512.00
   25182.207     0.998242         6370       568.89
   25198.591     0.998437         6377       640.00
   25198.591     0.998633         6377       731.43
   25198.591     0.998828         6377       853.33
   25198.591     0.999023         6377      1024.00
   25198.591     0.999121         6377      1137.78
   25198.591     0.999219         6377      1280.00
   25198.591     0.999316         6377      1462.86
   25214.975     0.999414         6380      1706.67
   25214.975     0.999512         6380      2048.00
   25214.975     0.999561         6380      2275.56
   25214.975     0.999609         6380      2560.00
   25214.975     0.999658         6380      2925.71
   25214.975     0.999707         6380      3413.33
   25214.975     0.999756         6380      4096.00
   25214.975     0.999780         6380      4551.11
   25214.975     0.999805         6380      5120.00
   25214.975     0.999829         6380      5851.43
   25231.359     0.999854         6381      6826.67
   25231.359     1.000000         6381          inf
#[Mean    =    17210.747, StdDeviation   =     4847.657]
#[Max     =    25214.976, Total count    =         6381]
#[Buckets =           27, SubBuckets     =         2048]
----------------------------------------------------------
  9437 requests in 29.99s, 58.63MB read
Requests/sec:    314.64
Transfer/sec:      1.95MB

wrk -t2 -c100 -d30s -R2000 --latency http://10.0.0.25:80/qr/15

Running 30s test @ http://10.0.0.25:80/qr/15
  2 threads and 100 connections
  Thread calibration: mean lat.: 3040.407ms, rate sampling interval: 10649ms
  Thread calibration: mean lat.: 3032.582ms, rate sampling interval: 10641ms
  Thread Stats   Avg      Stdev     Max   +/- Stdev
    Latency     -nanus    -nanus   0.00us    0.00%
    Req/Sec     0.00      0.00     0.00    100.00%
  Latency Distribution (HdrHistogram - Recorded Latency)
 50.000%    0.00us
 75.000%    0.00us
 90.000%    0.00us
 99.000%    0.00us
 99.900%    0.00us
 99.990%    0.00us
 99.999%    0.00us
100.000%    0.00us

  Detailed Percentile spectrum:
       Value   Percentile   TotalCount 1/(1-Percentile)

       0.000     1.000000            0          inf
#[Mean    =         -nan, StdDeviation   =         -nan]
#[Max     =        0.000, Total count    =            0]
#[Buckets =           27, SubBuckets     =         2048]
----------------------------------------------------------
  2180 requests in 30.29s, 15.84MB read
  Socket errors: connect 0, read 0, write 0, timeout 1100
Requests/sec:     71.98
Transfer/sec:    535.48KB

