{'cpu_quotas': 200000, 'cpu_period': 100000, 'cpu_shares': None, 'mem_limit': '1024m', 'memswap_limit': None}

wrk -t2 -c100 -d30s -R2000 --latency http://10.0.0.25:80/mmul/15

Running 30s test @ http://10.0.0.25:80/mmul/15
  2 threads and 100 connections
  Thread calibration: mean lat.: 623.078ms, rate sampling interval: 4915ms
  Thread calibration: mean lat.: 623.575ms, rate sampling interval: 4915ms
  Thread Stats   Avg      Stdev     Max   +/- Stdev
    Latency     2.56s     3.94s   12.96s    80.27%
    Req/Sec   343.25    298.06     0.86k    75.00%
  Latency Distribution (HdrHistogram - Recorded Latency)
 50.000%    1.52ms
 75.000%    4.74s 
 90.000%    9.67s 
 99.000%   12.62s 
 99.900%   12.92s 
 99.990%   12.95s 
 99.999%   12.97s 
100.000%   12.97s 

  Detailed Percentile spectrum:
       Value   Percentile   TotalCount 1/(1-Percentile)

       0.065     0.000000            1         1.00
       0.527     0.100000         1359         1.11
       0.796     0.200000         2716         1.25
       1.031     0.300000         4062         1.43
       1.250     0.400000         5419         1.67
       1.522     0.500000         6768         2.00
       1.734     0.550000         7443         2.22
       2.319     0.600000         8119         2.50
    1526.783     0.650000         8799         2.86
    3162.111     0.700000         9473         3.33
    4751.359     0.750000        10149         4.00
    5627.903     0.775000        10488         4.44
    6410.239     0.800000        10826         5.00
    7208.959     0.825000        11164         5.71
    8089.599     0.850000        11502         6.67
    8880.127     0.875000        11843         8.00
    9281.535     0.887500        12009         8.89
    9674.751     0.900000        12179        10.00
   10051.583     0.912500        12349        11.43
   10428.415     0.925000        12519        13.33
   10895.359     0.937500        12687        16.00
   11075.583     0.943750        12774        17.78
   11263.999     0.950000        12859        20.00
   11436.031     0.956250        12941        22.86
   11640.831     0.962500        13024        26.67
   11952.127     0.968750        13109        32.00
   12050.431     0.971875        13153        35.56
   12156.927     0.975000        13198        40.00
   12247.039     0.978125        13239        45.71
   12353.535     0.981250        13281        53.33
   12443.647     0.984375        13320        64.00
   12484.607     0.985938        13343        71.11
   12533.759     0.987500        13362        80.00
   12599.295     0.989062        13384        91.43
   12648.447     0.990625        13407       106.67
   12689.407     0.992188        13426       128.00
   12713.983     0.992969        13436       142.22
   12738.559     0.993750        13448       160.00
   12771.327     0.994531        13460       182.86
   12787.711     0.995313        13470       213.33
   12820.479     0.996094        13481       256.00
   12828.671     0.996484        13484       284.44
   12845.055     0.996875        13489       320.00
   12861.439     0.997266        13498       365.71
   12869.631     0.997656        13501       426.67
   12886.015     0.998047        13508       512.00
   12886.015     0.998242        13508       568.89
   12894.207     0.998437        13510       640.00
   12910.591     0.998633        13516       731.43
   12910.591     0.998828        13516       853.33
   12918.783     0.999023        13519      1024.00
   12926.975     0.999121        13520      1137.78
   12935.167     0.999219        13523      1280.00
   12935.167     0.999316        13523      1462.86
   12943.359     0.999414        13527      1706.67
   12943.359     0.999512        13527      2048.00
   12943.359     0.999561        13527      2275.56
   12943.359     0.999609        13527      2560.00
   12943.359     0.999658        13527      2925.71
   12951.551     0.999707        13530      3413.33
   12951.551     0.999756        13530      4096.00
   12951.551     0.999780        13530      4551.11
   12951.551     0.999805        13530      5120.00
   12951.551     0.999829        13530      5851.43
   12951.551     0.999854        13530      6826.67
   12951.551     0.999878        13530      8192.00
   12951.551     0.999890        13530      9102.22
   12951.551     0.999902        13530     10240.00
   12951.551     0.999915        13530     11702.86
   12967.935     0.999927        13531     13653.33
   12967.935     1.000000        13531          inf
#[Mean    =     2560.449, StdDeviation   =     3939.840]
#[Max     =    12959.744, Total count    =        13531]
#[Buckets =           27, SubBuckets     =         2048]
----------------------------------------------------------
  33833 requests in 30.05s, 32.10MB read
  Socket errors: connect 0, read 0, write 0, timeout 93
  Non-2xx or 3xx responses: 28523
Requests/sec:   1126.06
Transfer/sec:      1.07MB

wrk -t2 -c100 -d30s -R2000 --latency http://10.0.0.25:80/lu/15

Running 30s test @ http://10.0.0.25:80/lu/15
  2 threads and 100 connections
  Thread calibration: mean lat.: 4387.831ms, rate sampling interval: 15646ms
  Thread calibration: mean lat.: 4382.478ms, rate sampling interval: 15663ms
  Thread Stats   Avg      Stdev     Max   +/- Stdev
    Latency    17.23s     4.84s   25.23s    56.95%
    Req/Sec   155.50      0.50   156.00    100.00%
  Latency Distribution (HdrHistogram - Recorded Latency)
 50.000%   17.38s 
 75.000%   21.59s 
 90.000%   23.71s 
 99.000%   25.02s 
 99.900%   25.21s 
 99.990%   25.25s 
 99.999%   25.25s 
100.000%   25.25s 

  Detailed Percentile spectrum:
       Value   Percentile   TotalCount 1/(1-Percentile)

    8593.407     0.000000            1         1.00
   10395.647     0.100000          638         1.11
   12148.735     0.200000         1273         1.25
   13901.823     0.300000         1909         1.43
   15646.719     0.400000         2547         1.67
   17383.423     0.500000         3182         2.00
   18268.159     0.550000         3502         2.22
   19087.359     0.600000         3819         2.50
   19906.559     0.650000         4136         2.86
   20807.679     0.700000         4455         3.33
   21610.495     0.750000         4779         4.00
   21938.175     0.775000         4934         4.44
   22282.239     0.800000         5100         5.00
   22609.919     0.825000         5253         5.71
   23003.135     0.850000         5413         6.67
   23363.583     0.875000         5570         8.00
   23560.191     0.887500         5654         8.89
   23707.647     0.900000         5727        10.00
   23887.871     0.912500         5808        11.43
   24084.479     0.925000         5886        13.33
   24264.703     0.937500         5971        16.00
   24363.007     0.943750         6015        17.78
   24444.927     0.950000         6053        20.00
   24526.847     0.956250         6085        22.86
   24608.767     0.962500         6127        26.67
   24707.071     0.968750         6167        32.00
   24756.223     0.971875         6185        35.56
   24805.375     0.975000         6213        40.00
   24838.143     0.978125         6227        45.71
   24887.295     0.981250         6248        53.33
   24936.447     0.984375         6270        64.00
   24952.831     0.985938         6275        71.11
   24985.599     0.987500         6284        80.00
   25018.367     0.989062         6304        91.43
   25018.367     0.990625         6304       106.67
   25051.135     0.992188         6315       128.00
   25067.519     0.992969         6324       142.22
   25067.519     0.993750         6324       160.00
   25083.903     0.994531         6330       182.86
   25100.287     0.995313         6335       213.33
   25116.671     0.996094         6341       256.00
   25116.671     0.996484         6341       284.44
   25133.055     0.996875         6344       320.00
   25149.439     0.997266         6349       365.71
   25149.439     0.997656         6349       426.67
   25165.823     0.998047         6352       512.00
   25165.823     0.998242         6352       568.89
   25198.591     0.998437         6355       640.00
   25198.591     0.998633         6355       731.43
   25214.975     0.998828         6358       853.33
   25214.975     0.999023         6358      1024.00
   25214.975     0.999121         6358      1137.78
   25231.359     0.999219         6359      1280.00
   25231.359     0.999316         6359      1462.86
   25247.743     0.999414         6363      1706.67
   25247.743     1.000000         6363          inf
#[Mean    =    17226.484, StdDeviation   =     4838.013]
#[Max     =    25231.360, Total count    =         6363]
#[Buckets =           27, SubBuckets     =         2048]
----------------------------------------------------------
  9411 requests in 30.00s, 58.47MB read
Requests/sec:    313.69
Transfer/sec:      1.95MB

wrk -t2 -c100 -d30s -R2000 --latency http://10.0.0.25:80/qr/15

Running 30s test @ http://10.0.0.25:80/qr/15
  2 threads and 100 connections
  Thread calibration: mean lat.: 3213.134ms, rate sampling interval: 11575ms
  Thread calibration: mean lat.: 3212.364ms, rate sampling interval: 11575ms
  Thread Stats   Avg      Stdev     Max   +/- Stdev
    Latency     -nanus    -nanus   0.00us    0.00%
    Req/Sec     0.00      0.00     0.00    100.00%
  Latency Distribution (HdrHistogram - Recorded Latency)
 50.000%    0.00us
 75.000%    0.00us
 90.000%    0.00us
 99.000%    0.00us
 99.900%    0.00us
 99.990%    0.00us
 99.999%    0.00us
100.000%    0.00us

  Detailed Percentile spectrum:
       Value   Percentile   TotalCount 1/(1-Percentile)

       0.000     1.000000            0          inf
#[Mean    =         -nan, StdDeviation   =         -nan]
#[Max     =        0.000, Total count    =            0]
#[Buckets =           27, SubBuckets     =         2048]
----------------------------------------------------------
  2609 requests in 30.28s, 18.95MB read
  Socket errors: connect 0, read 0, write 0, timeout 1100
Requests/sec:     86.17
Transfer/sec:    641.02KB

